{"func":"index.startup","level":"info","message":"starting server...","timestamp":"2023-09-10 14:29:15.309"}
{"func":"DB.connectDB","level":"info","message":"connected to MySQL DB","timestamp":"2023-09-10 14:29:15.344"}
{"func":"DB.createTable1","level":"info","message":"created 'users' table if not present","timestamp":"2023-09-10 14:29:15.377"}
{"func":"DB.createTable2","level":"info","message":"created 'CRs' table if not present","timestamp":"2023-09-10 14:29:15.378"}
{"func":"DB.createTable3","level":"info","message":"created 'RUChannels' table if not present","timestamp":"2023-09-10 14:29:15.380"}
{"func":"DB.createTable4","level":"info","message":"created 'events' table if not present","timestamp":"2023-09-10 14:29:15.382"}
{"func":"server.startServer","info":"host: localhost, port: 3000","level":"info","message":"started server","timestamp":"2023-09-10 14:29:15.466"}
{"event":"connection","level":"info","message":"","socketID":"kjM2bZcwSjeiQpWfAAAB","timestamp":"2023-09-10 14:29:30.897"}
{"error":{"message":"(socket status: (connected: null, userID: undefined))","name":"SocketStatusErr","stack":"    at checkSocketStatus (/Users/harshel/Documents/bluezebra-backend/src/utilities.js:307:15)\n    at Socket.<anonymous> (/Users/harshel/Documents/bluezebra-backend/src/events.js:142:13)\n    at Socket.emit (node:events:513:28)\n    at Socket.emit (node:events:525:35)\n    at Object.onceWrapper (node:events:627:28)\n    at WebSocket.emit (node:events:513:28)"},"event":"disconnect","info":"reason: transport close","level":"error","message":"failed to disconnect socket properly","timestamp":"2023-09-10 14:30:40.338"}
{"event":"connection","level":"info","message":"","socketID":"T_KpJSCm6pC0wQi7AAAD","timestamp":"2023-09-10 14:30:43.809"}
{"error":{"message":"(socket status: (connected: null, userID: undefined))","name":"SocketStatusErr","stack":"    at checkSocketStatus (/Users/harshel/Documents/bluezebra-backend/src/utilities.js:307:15)\n    at Socket.<anonymous> (/Users/harshel/Documents/bluezebra-backend/src/events.js:142:13)\n    at Socket.emit (node:events:513:28)\n    at Socket.emit (node:events:525:35)\n    at Object.onceWrapper (node:events:627:28)\n    at WebSocket.emit (node:events:513:28)"},"event":"disconnect","info":"reason: transport close","level":"error","message":"failed to disconnect socket properly","timestamp":"2023-09-10 14:32:18.345"}
{"event":"connection","level":"info","message":"","socketID":"0Xb5uhrMBAkk9tqzAAAF","timestamp":"2023-09-10 14:32:19.888"}
{"error":{"message":"(socket status: (connected: null, userID: undefined))","name":"SocketStatusErr","stack":"    at checkSocketStatus (/Users/harshel/Documents/bluezebra-backend/src/utilities.js:307:15)\n    at Socket.<anonymous> (/Users/harshel/Documents/bluezebra-backend/src/events.js:142:13)\n    at Socket.emit (node:events:513:28)\n    at Socket.emit (node:events:525:35)\n    at Object.onceWrapper (node:events:627:28)\n    at WebSocket.emit (node:events:513:28)"},"event":"disconnect","info":"reason: transport close","level":"error","message":"failed to disconnect socket properly","timestamp":"2023-09-10 15:00:57.633"}
{"event":"connection","level":"info","message":"","socketID":"hN_aUjS_6pqOG_wuAAAH","timestamp":"2023-09-10 15:01:00.928"}
{"func":"DB.fetchRecords","info":"table: USERS, predObj: {\"username\":\"harshel\"}","level":"debug","message":"fetched records","socketID":"hN_aUjS_6pqOG_wuAAAH","timestamp":"2023-09-10 15:01:27.024"}
{"event":"checkUsername","info":"username: harshel","level":"info","message":"checked username","socketID":"hN_aUjS_6pqOG_wuAAAH","timestamp":"2023-09-10 15:01:27.026"}
{"func":"DB.fetchRecords","info":"table: USERS, predObj: {\"username\":\"harshel\"}","level":"debug","message":"fetched records","socketID":"hN_aUjS_6pqOG_wuAAAH","timestamp":"2023-09-10 15:01:31.062"}
{"event":"checkUsername","info":"username: harshel","level":"info","message":"checked username","socketID":"hN_aUjS_6pqOG_wuAAAH","timestamp":"2023-09-10 15:01:31.066"}
{"error":{"message":"(socket status: (connected: null, userID: undefined))","name":"SocketStatusErr","stack":"    at checkSocketStatus (/Users/harshel/Documents/bluezebra-backend/src/utilities.js:307:15)\n    at Socket.<anonymous> (/Users/harshel/Documents/bluezebra-backend/src/events.js:142:13)\n    at Socket.emit (node:events:513:28)\n    at Socket.emit (node:events:525:35)\n    at Object.onceWrapper (node:events:627:28)\n    at WebSocket.emit (node:events:513:28)"},"event":"disconnect","info":"reason: transport close","level":"error","message":"failed to disconnect socket properly","timestamp":"2023-09-10 15:20:04.398"}
{"event":"connection","level":"info","message":"","socketID":"Ur2ZsjgmlbKShErJAAAJ","timestamp":"2023-09-10 15:20:32.681"}
{"func":"DB.fetchRecords","info":"table: USERS, predObj: {\"username\":\"harshel\"}","level":"debug","message":"fetched records","socketID":"Ur2ZsjgmlbKShErJAAAJ","timestamp":"2023-09-10 15:20:39.529"}
{"event":"checkUsername","info":"username: harshel","level":"info","message":"checked username","socketID":"Ur2ZsjgmlbKShErJAAAJ","timestamp":"2023-09-10 15:20:39.530"}
{"func":"DB.fetchRecords","info":"table: USERS, predObj: {\"username\":\"harshel\"}","level":"debug","message":"fetched records","socketID":"Ur2ZsjgmlbKShErJAAAJ","timestamp":"2023-09-10 15:20:40.593"}
{"event":"checkUsername","info":"username: harshel","level":"info","message":"checked username","socketID":"Ur2ZsjgmlbKShErJAAAJ","timestamp":"2023-09-10 15:20:40.594"}
{"error":{"message":"(missing props: UID)","name":"MissingObjProps","stack":"    at checkObjReqProps (/Users/harshel/Documents/bluezebra-backend/src/utilities.js:278:15)\n    at Socket.<anonymous> (/Users/harshel/Documents/bluezebra-backend/src/events.js:83:13)\n    at Socket.emit (node:events:513:28)\n    at process.processTicksAndRejections (node:internal/process/task_queues:77:11)"},"event":"createUser","level":"error","message":"failed to create user","socketID":"Ur2ZsjgmlbKShErJAAAJ","timestamp":"2023-09-10 15:20:46.122"}
{"error":{"message":"(socket status: (connected: null, userID: undefined))","name":"SocketStatusErr","stack":"    at checkSocketStatus (/Users/harshel/Documents/bluezebra-backend/src/utilities.js:307:15)\n    at Socket.<anonymous> (/Users/harshel/Documents/bluezebra-backend/src/events.js:142:13)\n    at Socket.emit (node:events:513:28)\n    at Socket.emit (node:events:525:35)\n    at Object.onceWrapper (node:events:627:28)\n    at WebSocket.emit (node:events:513:28)"},"event":"disconnect","info":"reason: transport close","level":"error","message":"failed to disconnect socket properly","timestamp":"2023-09-10 15:22:56.634"}
{"event":"connection","level":"info","message":"","socketID":"6NUfUhT-SqvKV0aZAAAL","timestamp":"2023-09-10 15:26:39.504"}
{"func":"DB.fetchRecords","info":"table: USERS, predObj: {\"username\":\"h\"}","level":"debug","message":"fetched records","socketID":"6NUfUhT-SqvKV0aZAAAL","timestamp":"2023-09-10 15:26:49.827"}
{"event":"checkUsername","info":"username: h","level":"info","message":"checked username","socketID":"6NUfUhT-SqvKV0aZAAAL","timestamp":"2023-09-10 15:26:49.828"}
{"func":"DB.fetchRecords","info":"table: USERS, predObj: {\"username\":\"h\"}","level":"debug","message":"fetched records","socketID":"6NUfUhT-SqvKV0aZAAAL","timestamp":"2023-09-10 15:26:55.551"}
{"event":"checkUsername","info":"username: h","level":"info","message":"checked username","socketID":"6NUfUhT-SqvKV0aZAAAL","timestamp":"2023-09-10 15:26:55.552"}
{"error":{"message":"(missing props: UID)","name":"MissingObjProps","stack":"    at checkObjReqProps (/Users/harshel/Documents/bluezebra-backend/src/utilities.js:278:15)\n    at Socket.<anonymous> (/Users/harshel/Documents/bluezebra-backend/src/events.js:83:13)\n    at Socket.emit (node:events:513:28)\n    at process.processTicksAndRejections (node:internal/process/task_queues:77:11)"},"event":"createUser","level":"error","message":"failed to create user","socketID":"6NUfUhT-SqvKV0aZAAAL","timestamp":"2023-09-10 15:27:35.267"}
{"error":{"message":"(socket status: (connected: null, userID: undefined))","name":"SocketStatusErr","stack":"    at checkSocketStatus (/Users/harshel/Documents/bluezebra-backend/src/utilities.js:307:15)\n    at Socket.<anonymous> (/Users/harshel/Documents/bluezebra-backend/src/events.js:142:13)\n    at Socket.emit (node:events:513:28)\n    at Socket.emit (node:events:525:35)\n    at Object.onceWrapper (node:events:627:28)\n    at WebSocket.emit (node:events:513:28)"},"event":"disconnect","info":"reason: transport close","level":"error","message":"failed to disconnect socket properly","timestamp":"2023-09-10 15:27:51.625"}
{"event":"connection","level":"info","message":"","socketID":"N0MpV0Le5yNm77bwAAAN","timestamp":"2023-09-10 15:31:44.611"}
{"func":"DB.fetchRecords","info":"table: USERS, predObj: {\"username\":\"h\"}","level":"debug","message":"fetched records","socketID":"N0MpV0Le5yNm77bwAAAN","timestamp":"2023-09-10 15:31:47.912"}
{"event":"checkUsername","info":"username: h","level":"info","message":"checked username","socketID":"N0MpV0Le5yNm77bwAAAN","timestamp":"2023-09-10 15:31:47.913"}
{"func":"DB.fetchRecords","info":"table: USERS, predObj: {\"username\":\"h\"}","level":"debug","message":"fetched records","socketID":"N0MpV0Le5yNm77bwAAAN","timestamp":"2023-09-10 15:31:49.145"}
{"event":"checkUsername","info":"username: h","level":"info","message":"checked username","socketID":"N0MpV0Le5yNm77bwAAAN","timestamp":"2023-09-10 15:31:49.146"}
{"error":{"message":"(missing props: UID)","name":"MissingObjProps","stack":"    at checkObjReqProps (/Users/harshel/Documents/bluezebra-backend/src/utilities.js:278:15)\n    at Socket.<anonymous> (/Users/harshel/Documents/bluezebra-backend/src/events.js:83:13)\n    at Socket.emit (node:events:513:28)\n    at process.processTicksAndRejections (node:internal/process/task_queues:77:11)"},"event":"createUser","level":"error","message":"failed to create user","socketID":"N0MpV0Le5yNm77bwAAAN","timestamp":"2023-09-10 15:32:10.060"}
{"error":{"message":"(socket status: (connected: null, userID: undefined))","name":"SocketStatusErr","stack":"    at checkSocketStatus (/Users/harshel/Documents/bluezebra-backend/src/utilities.js:307:15)\n    at Socket.<anonymous> (/Users/harshel/Documents/bluezebra-backend/src/events.js:142:13)\n    at Socket.emit (node:events:513:28)\n    at Socket.emit (node:events:525:35)\n    at Object.onceWrapper (node:events:627:28)\n    at WebSocket.emit (node:events:513:28)"},"event":"disconnect","info":"reason: transport close","level":"error","message":"failed to disconnect socket properly","timestamp":"2023-09-10 15:40:52.607"}
{"event":"connection","level":"info","message":"","socketID":"retKg2YXO21gdWnnAAAP","timestamp":"2023-09-10 15:52:53.822"}
{"func":"DB.fetchRecords","info":"table: USERS, predObj: {\"username\":\"h\"}","level":"debug","message":"fetched records","socketID":"retKg2YXO21gdWnnAAAP","timestamp":"2023-09-10 15:52:57.978"}
{"event":"checkUsername","info":"username: h","level":"info","message":"checked username","socketID":"retKg2YXO21gdWnnAAAP","timestamp":"2023-09-10 15:52:57.978"}
{"func":"DB.fetchRecords","info":"table: USERS, predObj: {\"username\":\"h\"}","level":"debug","message":"fetched records","socketID":"retKg2YXO21gdWnnAAAP","timestamp":"2023-09-10 15:52:58.999"}
{"event":"checkUsername","info":"username: h","level":"info","message":"checked username","socketID":"retKg2YXO21gdWnnAAAP","timestamp":"2023-09-10 15:52:59.000"}
{"error":{"message":"(missing props: UID)","name":"MissingObjProps","stack":"    at checkObjReqProps (/Users/harshel/Documents/bluezebra-backend/src/utilities.js:278:15)\n    at Socket.<anonymous> (/Users/harshel/Documents/bluezebra-backend/src/events.js:83:13)\n    at Socket.emit (node:events:513:28)\n    at process.processTicksAndRejections (node:internal/process/task_queues:77:11)"},"event":"createUser","level":"error","message":"failed to create user","socketID":"retKg2YXO21gdWnnAAAP","timestamp":"2023-09-10 15:53:05.298"}
{"error":{"message":"(socket status: (connected: null, userID: undefined))","name":"SocketStatusErr","stack":"    at checkSocketStatus (/Users/harshel/Documents/bluezebra-backend/src/utilities.js:307:15)\n    at Socket.<anonymous> (/Users/harshel/Documents/bluezebra-backend/src/events.js:142:13)\n    at Socket.emit (node:events:513:28)\n    at Socket.emit (node:events:525:35)\n    at Object.onceWrapper (node:events:627:28)\n    at WebSocket.emit (node:events:513:28)"},"event":"disconnect","info":"reason: transport close","level":"error","message":"failed to disconnect socket properly","timestamp":"2023-09-10 15:58:08.561"}
{"event":"connection","level":"info","message":"","socketID":"V33fi2wQKiz7fvkLAAAR","timestamp":"2023-09-10 15:58:29.125"}
{"error":{"message":"(missing props: UID)","name":"MissingObjProps","stack":"    at checkObjReqProps (/Users/harshel/Documents/bluezebra-backend/src/utilities.js:278:15)\n    at Socket.<anonymous> (/Users/harshel/Documents/bluezebra-backend/src/events.js:110:13)\n    at Socket.emit (node:events:513:28)\n    at process.processTicksAndRejections (node:internal/process/task_queues:77:11)"},"event":"connectUser","level":"error","message":"failed to connect user","socketID":"V33fi2wQKiz7fvkLAAAR","timestamp":"2023-09-10 15:58:29.156"}
{"error":{"message":"(socket status: (connected: null, userID: undefined))","name":"SocketStatusErr","stack":"    at checkSocketStatus (/Users/harshel/Documents/bluezebra-backend/src/utilities.js:307:15)\n    at Socket.<anonymous> (/Users/harshel/Documents/bluezebra-backend/src/events.js:142:13)\n    at Socket.emit (node:events:513:28)\n    at Socket.emit (node:events:525:35)\n    at Object.onceWrapper (node:events:627:28)\n    at WebSocket.emit (node:events:513:28)"},"event":"disconnect","info":"reason: transport close","level":"error","message":"failed to disconnect socket properly","timestamp":"2023-09-10 15:59:07.464"}
{"event":"connection","level":"info","message":"","socketID":"ixexhfxrh_CpO-LAAAAT","timestamp":"2023-09-10 15:59:10.930"}
{"error":{"message":"(missing props: UID)","name":"MissingObjProps","stack":"    at checkObjReqProps (/Users/harshel/Documents/bluezebra-backend/src/utilities.js:278:15)\n    at Socket.<anonymous> (/Users/harshel/Documents/bluezebra-backend/src/events.js:110:13)\n    at Socket.emit (node:events:513:28)\n    at process.processTicksAndRejections (node:internal/process/task_queues:77:11)"},"event":"connectUser","level":"error","message":"failed to connect user","socketID":"ixexhfxrh_CpO-LAAAAT","timestamp":"2023-09-10 15:59:10.957"}
{"error":{"message":"(socket status: (connected: null, userID: undefined))","name":"SocketStatusErr","stack":"    at checkSocketStatus (/Users/harshel/Documents/bluezebra-backend/src/utilities.js:307:15)\n    at Socket.<anonymous> (/Users/harshel/Documents/bluezebra-backend/src/events.js:142:13)\n    at Socket.emit (node:events:513:28)\n    at Socket.emit (node:events:525:35)\n    at Object.onceWrapper (node:events:627:28)\n    at WebSocket.emit (node:events:513:28)"},"event":"disconnect","info":"reason: transport close","level":"error","message":"failed to disconnect socket properly","timestamp":"2023-09-10 16:04:52.621"}
{"event":"connection","level":"info","message":"","socketID":"qWY_tEHoCMlzT5wtAAAV","timestamp":"2023-09-10 16:04:56.057"}
{"error":{"message":"(missing props: UID)","name":"MissingObjProps","stack":"    at checkObjReqProps (/Users/harshel/Documents/bluezebra-backend/src/utilities.js:278:15)\n    at Socket.<anonymous> (/Users/harshel/Documents/bluezebra-backend/src/events.js:110:13)\n    at Socket.emit (node:events:513:28)\n    at process.processTicksAndRejections (node:internal/process/task_queues:77:11)"},"event":"connectUser","level":"error","message":"failed to connect user","socketID":"qWY_tEHoCMlzT5wtAAAV","timestamp":"2023-09-10 16:04:56.089"}
{"error":{"message":"(socket status: (connected: null, userID: undefined))","name":"SocketStatusErr","stack":"    at checkSocketStatus (/Users/harshel/Documents/bluezebra-backend/src/utilities.js:307:15)\n    at Socket.<anonymous> (/Users/harshel/Documents/bluezebra-backend/src/events.js:142:13)\n    at Socket.emit (node:events:513:28)\n    at process.processTicksAndRejections (node:internal/process/task_queues:77:11)"},"event":"disconnect","info":"reason: client namespace disconnect","level":"error","message":"failed to disconnect socket properly","timestamp":"2023-09-10 16:05:02.057"}
{"event":"connection","level":"info","message":"","socketID":"ykwYZ9EvSXAFazA0AAAX","timestamp":"2023-09-10 16:05:12.024"}
{"func":"DB.fetchRecords","info":"table: USERS, predObj: {\"username\":\"h\"}","level":"debug","message":"fetched records","socketID":"ykwYZ9EvSXAFazA0AAAX","timestamp":"2023-09-10 16:05:14.264"}
{"event":"checkUsername","info":"username: h","level":"info","message":"checked username","socketID":"ykwYZ9EvSXAFazA0AAAX","timestamp":"2023-09-10 16:05:14.265"}
{"func":"DB.fetchRecords","info":"table: USERS, predObj: {\"username\":\"h\"}","level":"debug","message":"fetched records","socketID":"ykwYZ9EvSXAFazA0AAAX","timestamp":"2023-09-10 16:05:15.543"}
{"event":"checkUsername","info":"username: h","level":"info","message":"checked username","socketID":"ykwYZ9EvSXAFazA0AAAX","timestamp":"2023-09-10 16:05:15.544"}
{"error":{"message":"(missing props: UID)","name":"MissingObjProps","stack":"    at checkObjReqProps (/Users/harshel/Documents/bluezebra-backend/src/utilities.js:278:15)\n    at Socket.<anonymous> (/Users/harshel/Documents/bluezebra-backend/src/events.js:83:13)\n    at Socket.emit (node:events:513:28)\n    at process.processTicksAndRejections (node:internal/process/task_queues:77:11)"},"event":"createUser","level":"error","message":"failed to create user","socketID":"ykwYZ9EvSXAFazA0AAAX","timestamp":"2023-09-10 16:05:23.935"}
{"error":{"message":"(socket status: (connected: null, userID: undefined))","name":"SocketStatusErr","stack":"    at checkSocketStatus (/Users/harshel/Documents/bluezebra-backend/src/utilities.js:307:15)\n    at Socket.<anonymous> (/Users/harshel/Documents/bluezebra-backend/src/events.js:142:13)\n    at Socket.emit (node:events:513:28)\n    at Socket.emit (node:events:525:35)\n    at Object.onceWrapper (node:events:627:28)\n    at WebSocket.emit (node:events:513:28)"},"event":"disconnect","info":"reason: transport close","level":"error","message":"failed to disconnect socket properly","timestamp":"2023-09-10 16:05:53.546"}
{"event":"connection","level":"info","message":"","socketID":"ZLq9z4QRxTbnCpWSAAAZ","timestamp":"2023-09-10 16:05:56.561"}
{"error":{"message":"(missing props: UID)","name":"MissingObjProps","stack":"    at checkObjReqProps (/Users/harshel/Documents/bluezebra-backend/src/utilities.js:278:15)\n    at Socket.<anonymous> (/Users/harshel/Documents/bluezebra-backend/src/events.js:110:13)\n    at Socket.emit (node:events:513:28)\n    at process.processTicksAndRejections (node:internal/process/task_queues:77:11)"},"event":"connectUser","level":"error","message":"failed to connect user","socketID":"ZLq9z4QRxTbnCpWSAAAZ","timestamp":"2023-09-10 16:05:56.583"}
{"error":{"message":"(socket status: (connected: null, userID: undefined))","name":"SocketStatusErr","stack":"    at checkSocketStatus (/Users/harshel/Documents/bluezebra-backend/src/utilities.js:307:15)\n    at Socket.<anonymous> (/Users/harshel/Documents/bluezebra-backend/src/events.js:142:13)\n    at Socket.emit (node:events:513:28)\n    at Socket.emit (node:events:525:35)\n    at Object.onceWrapper (node:events:627:28)\n    at WebSocket.emit (node:events:513:28)"},"event":"disconnect","info":"reason: transport close","level":"error","message":"failed to disconnect socket properly","timestamp":"2023-09-10 16:12:09.702"}
{"event":"connection","level":"info","message":"","socketID":"roPwz36MXZMtBiAXAAAb","timestamp":"2023-09-10 16:12:13.154"}
{"error":{"message":"(missing props: UID)","name":"MissingObjProps","stack":"    at checkObjReqProps (/Users/harshel/Documents/bluezebra-backend/src/utilities.js:278:15)\n    at Socket.<anonymous> (/Users/harshel/Documents/bluezebra-backend/src/events.js:110:13)\n    at Socket.emit (node:events:513:28)\n    at process.processTicksAndRejections (node:internal/process/task_queues:77:11)"},"event":"connectUser","level":"error","message":"failed to connect user","socketID":"roPwz36MXZMtBiAXAAAb","timestamp":"2023-09-10 16:12:13.178"}
{"error":{"message":"(socket status: (connected: null, userID: undefined))","name":"SocketStatusErr","stack":"    at checkSocketStatus (/Users/harshel/Documents/bluezebra-backend/src/utilities.js:307:15)\n    at Socket.<anonymous> (/Users/harshel/Documents/bluezebra-backend/src/events.js:142:13)\n    at Socket.emit (node:events:513:28)\n    at Socket.emit (node:events:525:35)\n    at Object.onceWrapper (node:events:627:28)\n    at WebSocket.emit (node:events:513:28)"},"event":"disconnect","info":"reason: transport close","level":"error","message":"failed to disconnect socket properly","timestamp":"2023-09-10 16:14:46.302"}
{"event":"connection","level":"info","message":"","socketID":"r-5WefDRyBD-8aRPAAAd","timestamp":"2023-09-10 16:14:50.028"}
{"error":{"message":"(missing props: UID)","name":"MissingObjProps","stack":"    at checkObjReqProps (/Users/harshel/Documents/bluezebra-backend/src/utilities.js:278:15)\n    at Socket.<anonymous> (/Users/harshel/Documents/bluezebra-backend/src/events.js:110:13)\n    at Socket.emit (node:events:513:28)\n    at process.processTicksAndRejections (node:internal/process/task_queues:77:11)"},"event":"connectUser","level":"error","message":"failed to connect user","socketID":"r-5WefDRyBD-8aRPAAAd","timestamp":"2023-09-10 16:14:50.062"}
{"error":{"message":"(socket status: (connected: null, userID: undefined))","name":"SocketStatusErr","stack":"    at checkSocketStatus (/Users/harshel/Documents/bluezebra-backend/src/utilities.js:307:15)\n    at Socket.<anonymous> (/Users/harshel/Documents/bluezebra-backend/src/events.js:142:13)\n    at Socket.emit (node:events:513:28)\n    at process.processTicksAndRejections (node:internal/process/task_queues:77:11)"},"event":"disconnect","info":"reason: client namespace disconnect","level":"error","message":"failed to disconnect socket properly","timestamp":"2023-09-10 16:14:52.659"}
{"event":"connection","level":"info","message":"","socketID":"MFILSDGDQ7RJTmaFAAAf","timestamp":"2023-09-10 16:14:59.064"}
{"func":"DB.fetchRecords","info":"table: USERS, predObj: {\"username\":\"h\"}","level":"debug","message":"fetched records","socketID":"MFILSDGDQ7RJTmaFAAAf","timestamp":"2023-09-10 16:15:01.423"}
{"event":"checkUsername","info":"username: h","level":"info","message":"checked username","socketID":"MFILSDGDQ7RJTmaFAAAf","timestamp":"2023-09-10 16:15:01.426"}
{"func":"DB.fetchRecords","info":"table: USERS, predObj: {\"username\":\"h\"}","level":"debug","message":"fetched records","socketID":"MFILSDGDQ7RJTmaFAAAf","timestamp":"2023-09-10 16:15:02.084"}
{"event":"checkUsername","info":"username: h","level":"info","message":"checked username","socketID":"MFILSDGDQ7RJTmaFAAAf","timestamp":"2023-09-10 16:15:02.084"}
{"error":{"message":"(missing props: UID)","name":"MissingObjProps","stack":"    at checkObjReqProps (/Users/harshel/Documents/bluezebra-backend/src/utilities.js:278:15)\n    at Socket.<anonymous> (/Users/harshel/Documents/bluezebra-backend/src/events.js:83:13)\n    at Socket.emit (node:events:513:28)\n    at process.processTicksAndRejections (node:internal/process/task_queues:77:11)"},"event":"createUser","level":"error","message":"failed to create user","socketID":"MFILSDGDQ7RJTmaFAAAf","timestamp":"2023-09-10 16:15:06.871"}
{"error":{"message":"(socket status: (connected: null, userID: undefined))","name":"SocketStatusErr","stack":"    at checkSocketStatus (/Users/harshel/Documents/bluezebra-backend/src/utilities.js:307:15)\n    at Socket.<anonymous> (/Users/harshel/Documents/bluezebra-backend/src/events.js:142:13)\n    at Socket.emit (node:events:513:28)\n    at Socket.emit (node:events:525:35)\n    at Object.onceWrapper (node:events:627:28)\n    at WebSocket.emit (node:events:513:28)"},"event":"disconnect","info":"reason: transport close","level":"error","message":"failed to disconnect socket properly","timestamp":"2023-09-10 16:15:10.921"}
{"event":"connection","level":"info","message":"","socketID":"8zzBgSpTywykxJLdAAAh","timestamp":"2023-09-10 16:15:12.382"}
{"error":{"message":"(socket status: (connected: null, userID: undefined))","name":"SocketStatusErr","stack":"    at checkSocketStatus (/Users/harshel/Documents/bluezebra-backend/src/utilities.js:307:15)\n    at Socket.<anonymous> (/Users/harshel/Documents/bluezebra-backend/src/events.js:142:13)\n    at Socket.emit (node:events:513:28)\n    at Socket.emit (node:events:525:35)\n    at Object.onceWrapper (node:events:627:28)\n    at WebSocket.emit (node:events:513:28)"},"event":"disconnect","info":"reason: transport close","level":"error","message":"failed to disconnect socket properly","timestamp":"2023-09-10 18:29:16.967"}
{"event":"connection","level":"info","message":"","socketID":"70Wvwt_dZkVs6RrKAAAj","timestamp":"2023-09-10 18:29:20.118"}
{"func":"DB.fetchRecords","info":"table: USERS, predObj: {\"username\":\"h\"}","level":"debug","message":"fetched records","socketID":"70Wvwt_dZkVs6RrKAAAj","timestamp":"2023-09-10 18:39:17.790"}
{"event":"checkUsername","info":"username: h","level":"info","message":"checked username","socketID":"70Wvwt_dZkVs6RrKAAAj","timestamp":"2023-09-10 18:39:17.791"}
{"func":"DB.fetchRecords","info":"table: USERS, predObj: {\"username\":\"h\"}","level":"debug","message":"fetched records","socketID":"70Wvwt_dZkVs6RrKAAAj","timestamp":"2023-09-10 18:39:19.710"}
{"event":"checkUsername","info":"username: h","level":"info","message":"checked username","socketID":"70Wvwt_dZkVs6RrKAAAj","timestamp":"2023-09-10 18:39:19.711"}
{"error":{"message":"(missing props: UID)","name":"MissingObjProps","stack":"    at checkObjReqProps (/Users/harshel/Documents/bluezebra-backend/src/utilities.js:278:15)\n    at Socket.<anonymous> (/Users/harshel/Documents/bluezebra-backend/src/events.js:83:13)\n    at Socket.emit (node:events:513:28)\n    at process.processTicksAndRejections (node:internal/process/task_queues:77:11)"},"event":"createUser","level":"error","message":"failed to create user","socketID":"70Wvwt_dZkVs6RrKAAAj","timestamp":"2023-09-10 18:39:25.705"}
{"func":"index.startup","level":"info","message":"starting server...","timestamp":"2023-09-10 18:40:27.059"}
{"func":"DB.connectDB","level":"info","message":"connected to MySQL DB","timestamp":"2023-09-10 18:40:27.075"}
{"func":"DB.createTable1","level":"info","message":"created 'users' table if not present","timestamp":"2023-09-10 18:40:27.087"}
{"func":"DB.createTable2","level":"info","message":"created 'CRs' table if not present","timestamp":"2023-09-10 18:40:27.088"}
{"func":"DB.createTable3","level":"info","message":"created 'RUChannels' table if not present","timestamp":"2023-09-10 18:40:27.089"}
{"func":"DB.createTable4","level":"info","message":"created 'events' table if not present","timestamp":"2023-09-10 18:40:27.090"}
{"func":"server.startServer","info":"host: localhost, port: 3000","level":"info","message":"started server","timestamp":"2023-09-10 18:40:27.140"}
{"event":"connection","level":"info","message":"","socketID":"C1rI6OvRSTq2aXvVAAAB","timestamp":"2023-09-10 18:40:31.945"}
{"error":{"message":"(socket status: (connected: null, userID: undefined))","name":"SocketStatusErr","stack":"    at checkSocketStatus (/Users/harshel/Documents/bluezebra-backend/src/utilities.js:307:15)\n    at Socket.<anonymous> (/Users/harshel/Documents/bluezebra-backend/src/events.js:143:13)\n    at Socket.emit (node:events:513:28)\n    at Socket.emit (node:events:525:35)\n    at Object.onceWrapper (node:events:627:28)\n    at WebSocket.emit (node:events:513:28)"},"event":"disconnect","info":"reason: transport close","level":"error","message":"failed to disconnect socket properly","timestamp":"2023-09-10 18:40:37.640"}
{"event":"connection","level":"info","message":"","socketID":"BIpSxiS7Z2BHCVjJAAAD","timestamp":"2023-09-10 18:40:39.352"}
{"func":"DB.fetchRecords","info":"table: USERS, predObj: {\"username\":\"h\"}","level":"debug","message":"fetched records","socketID":"BIpSxiS7Z2BHCVjJAAAD","timestamp":"2023-09-10 18:40:48.492"}
{"event":"checkUsername","info":"username: h","level":"info","message":"checked username","socketID":"BIpSxiS7Z2BHCVjJAAAD","timestamp":"2023-09-10 18:40:48.494"}
{"func":"DB.fetchRecords","info":"table: USERS, predObj: {\"username\":\"h\"}","level":"debug","message":"fetched records","socketID":"BIpSxiS7Z2BHCVjJAAAD","timestamp":"2023-09-10 18:40:49.636"}
{"event":"checkUsername","info":"username: h","level":"info","message":"checked username","socketID":"BIpSxiS7Z2BHCVjJAAAD","timestamp":"2023-09-10 18:40:49.637"}
{"UID":"BDFA13B8-843C-4191-B1AC-5686C9597245","error":{"message":"(ER_PARSE_ERROR: You have an error in your SQL syntax; check the manual that corresponds to your MySQL server version for the right syntax to use near ', 'MIIBCgKCAQEA8bcL8jWH2ACqe+ZYhz+Owo+RbQat3z36Kz0NV/f8HbxBQU1XJbhODwxjb01Mkns3F' at line 2)","name":"DBErr","stack":"    at Query.<anonymous> (/Users/harshel/Documents/bluezebra-backend/src/db.js:458:21)"},"func":"DB.createUser","info":"uID: BDFA13B8-843C-4191-B1AC-5686C9597245, username: h","level":"debug","message":"failed to create user","socketID":"BIpSxiS7Z2BHCVjJAAAD","timestamp":"2023-09-10 18:40:58.455"}
{"error":{"message":"(ER_PARSE_ERROR: You have an error in your SQL syntax; check the manual that corresponds to your MySQL server version for the right syntax to use near ', 'MIIBCgKCAQEA8bcL8jWH2ACqe+ZYhz+Owo+RbQat3z36Kz0NV/f8HbxBQU1XJbhODwxjb01Mkns3F' at line 2)","name":"DBErr","stack":"    at Query.<anonymous> (/Users/harshel/Documents/bluezebra-backend/src/db.js:458:21)"},"event":"createUser","level":"error","message":"failed to create user","socketID":"BIpSxiS7Z2BHCVjJAAAD","timestamp":"2023-09-10 18:40:58.457"}
{"func":"auth.hashPassword","info":"uID: BDFA13B8-843C-4191-B1AC-5686C9597245, hash: $2b$10$mhJ19j/cxYBXaaomJs8vleIVXnjjrClwz/qf0sK4hcJV1qciZI.gK","level":"debug","message":"password hashed successfully","socketID":"BIpSxiS7Z2BHCVjJAAAD","timestamp":"2023-09-10 18:40:58.517"}
{"func":"index.startup","level":"info","message":"starting server...","timestamp":"2023-09-10 18:51:51.829"}
{"func":"DB.connectDB","level":"info","message":"connected to MySQL DB","timestamp":"2023-09-10 18:51:51.835"}
{"func":"DB.createTable1","level":"info","message":"created 'users' table if not present","timestamp":"2023-09-10 18:51:51.856"}
{"func":"DB.createTable2","level":"info","message":"created 'CRs' table if not present","timestamp":"2023-09-10 18:51:51.866"}
{"func":"DB.createTable3","level":"info","message":"created 'RUChannels' table if not present","timestamp":"2023-09-10 18:51:51.875"}
{"func":"DB.createTable4","level":"info","message":"created 'events' table if not present","timestamp":"2023-09-10 18:51:51.882"}
{"func":"server.startServer","info":"host: localhost, port: 3000","level":"info","message":"started server","timestamp":"2023-09-10 18:51:51.938"}
{"event":"connection","level":"info","message":"","socketID":"vsf_dF5ZLn17FrFsAAAB","timestamp":"2023-09-10 18:51:59.519"}
{"func":"DB.fetchRecords","info":"table: USERS, predObj: {\"username\":\"h\"}","level":"debug","message":"fetched records","socketID":"vsf_dF5ZLn17FrFsAAAB","timestamp":"2023-09-10 18:52:01.807"}
{"event":"checkUsername","info":"username: h","level":"info","message":"checked username","socketID":"vsf_dF5ZLn17FrFsAAAB","timestamp":"2023-09-10 18:52:01.808"}
{"func":"DB.fetchRecords","info":"table: USERS, predObj: {\"username\":\"h\"}","level":"debug","message":"fetched records","socketID":"vsf_dF5ZLn17FrFsAAAB","timestamp":"2023-09-10 18:52:03.404"}
{"event":"checkUsername","info":"username: h","level":"info","message":"checked username","socketID":"vsf_dF5ZLn17FrFsAAAB","timestamp":"2023-09-10 18:52:03.405"}
{"UID":"54D657CF-1FD0-4305-B294-2073478C7123","error":{"message":"(ER_PARSE_ERROR: You have an error in your SQL syntax; check the manual that corresponds to your MySQL server version for the right syntax to use near ', 'MIIBCgKCAQEAv2fBCaxU3ZxNzE10UMnqtXHxW7G6XFNWN8Yy7MBtfMi/7OSyUPOjUWRX1JwmIjcGR' at line 2)","name":"DBErr","stack":"    at Query.<anonymous> (/Users/harshel/Documents/bluezebra-backend/src/db.js:458:21)"},"func":"DB.createUser","info":"uID: 54D657CF-1FD0-4305-B294-2073478C7123, username: h","level":"debug","message":"failed to create user","socketID":"vsf_dF5ZLn17FrFsAAAB","timestamp":"2023-09-10 18:52:40.557"}
{"error":{"message":"(ER_PARSE_ERROR: You have an error in your SQL syntax; check the manual that corresponds to your MySQL server version for the right syntax to use near ', 'MIIBCgKCAQEAv2fBCaxU3ZxNzE10UMnqtXHxW7G6XFNWN8Yy7MBtfMi/7OSyUPOjUWRX1JwmIjcGR' at line 2)","name":"DBErr","stack":"    at Query.<anonymous> (/Users/harshel/Documents/bluezebra-backend/src/db.js:458:21)"},"event":"createUser","level":"error","message":"failed to create user","socketID":"vsf_dF5ZLn17FrFsAAAB","timestamp":"2023-09-10 18:52:40.558"}
{"func":"auth.hashPassword","info":"uID: 54D657CF-1FD0-4305-B294-2073478C7123, hash: $2b$10$G1T7ZP2qcmw7jm/QJushWuRvARMQ5ygXctY0/EpOzSVwzJFzOXiYy","level":"debug","message":"password hashed successfully","socketID":"vsf_dF5ZLn17FrFsAAAB","timestamp":"2023-09-10 18:52:40.617"}
{"func":"index.startup","level":"info","message":"starting server...","timestamp":"2023-09-10 18:55:34.588"}
{"func":"DB.connectDB","level":"info","message":"connected to MySQL DB","timestamp":"2023-09-10 18:55:34.593"}
{"func":"DB.createTable1","level":"info","message":"created 'users' table if not present","timestamp":"2023-09-10 18:55:34.596"}
{"func":"DB.createTable2","level":"info","message":"created 'CRs' table if not present","timestamp":"2023-09-10 18:55:34.599"}
{"func":"DB.createTable3","level":"info","message":"created 'RUChannels' table if not present","timestamp":"2023-09-10 18:55:34.601"}
{"func":"DB.createTable4","level":"info","message":"created 'events' table if not present","timestamp":"2023-09-10 18:55:34.604"}
{"func":"server.startServer","info":"host: localhost, port: 3000","level":"info","message":"started server","timestamp":"2023-09-10 18:55:34.651"}
{"event":"connection","level":"info","message":"","socketID":"zt6ZPUIDZwsDrLAEAAAB","timestamp":"2023-09-10 18:55:36.637"}
{"UID":"455F22B1-0F7B-40FF-892D-3F2D67EAB337","error":{"message":"(ER_PARSE_ERROR: You have an error in your SQL syntax; check the manual that corresponds to your MySQL server version for the right syntax to use near ', 'MIIBCgKCAQEAwPBUUV0JtJlr0yjWnFbmsJg5Fj+9ZpCD9luC0SM2AOp3MzhiyqVqiArqr8AwnctGW' at line 2)","name":"DBErr","stack":"    at Query.<anonymous> (/Users/harshel/Documents/bluezebra-backend/src/db.js:458:21)"},"func":"DB.createUser","info":"uID: 455F22B1-0F7B-40FF-892D-3F2D67EAB337, username: h","level":"debug","message":"failed to create user","socketID":"zt6ZPUIDZwsDrLAEAAAB","timestamp":"2023-09-10 18:55:38.429"}
{"error":{"message":"(ER_PARSE_ERROR: You have an error in your SQL syntax; check the manual that corresponds to your MySQL server version for the right syntax to use near ', 'MIIBCgKCAQEAwPBUUV0JtJlr0yjWnFbmsJg5Fj+9ZpCD9luC0SM2AOp3MzhiyqVqiArqr8AwnctGW' at line 2)","name":"DBErr","stack":"    at Query.<anonymous> (/Users/harshel/Documents/bluezebra-backend/src/db.js:458:21)"},"event":"createUser","level":"error","message":"failed to create user","socketID":"zt6ZPUIDZwsDrLAEAAAB","timestamp":"2023-09-10 18:55:38.432"}
{"func":"auth.hashPassword","info":"uID: 455F22B1-0F7B-40FF-892D-3F2D67EAB337, hash: $2b$10$T9G57hggvt5KMfbJYjS4o.s/SSHMNzhdw3uq8tJl6qvcrvDXU60Xi","level":"debug","message":"password hashed successfully","socketID":"zt6ZPUIDZwsDrLAEAAAB","timestamp":"2023-09-10 18:55:38.493"}
{"func":"index.startup","level":"info","message":"starting server...","timestamp":"2023-09-10 18:58:22.274"}
{"func":"DB.connectDB","level":"info","message":"connected to MySQL DB","timestamp":"2023-09-10 18:58:22.282"}
{"func":"DB.createTable1","level":"info","message":"created 'users' table if not present","timestamp":"2023-09-10 18:58:22.284"}
{"func":"DB.createTable2","level":"info","message":"created 'CRs' table if not present","timestamp":"2023-09-10 18:58:22.285"}
{"func":"DB.createTable3","level":"info","message":"created 'RUChannels' table if not present","timestamp":"2023-09-10 18:58:22.286"}
{"func":"DB.createTable4","level":"info","message":"created 'events' table if not present","timestamp":"2023-09-10 18:58:22.287"}
{"func":"server.startServer","info":"host: localhost, port: 3000","level":"info","message":"started server","timestamp":"2023-09-10 18:58:22.332"}
{"event":"connection","level":"info","message":"","socketID":"-fdfi8jokG7pXQFaAAAB","timestamp":"2023-09-10 18:58:24.090"}
{"UID":"3AF21740-7E14-4DDD-80E9-17649851EE02","error":{"message":"(ER_PARSE_ERROR: You have an error in your SQL syntax; check the manual that corresponds to your MySQL server version for the right syntax to use near ', X'4d49494243674b4341514541766b756b364a7948495932385a6e335072764c327952726c4238' at line 2)","name":"DBErr","stack":"    at Query.<anonymous> (/Users/harshel/Documents/bluezebra-backend/src/db.js:458:21)"},"func":"DB.createUser","info":"uID: 3AF21740-7E14-4DDD-80E9-17649851EE02, username: h","level":"debug","message":"failed to create user","socketID":"-fdfi8jokG7pXQFaAAAB","timestamp":"2023-09-10 18:58:27.514"}
{"error":{"message":"(ER_PARSE_ERROR: You have an error in your SQL syntax; check the manual that corresponds to your MySQL server version for the right syntax to use near ', X'4d49494243674b4341514541766b756b364a7948495932385a6e335072764c327952726c4238' at line 2)","name":"DBErr","stack":"    at Query.<anonymous> (/Users/harshel/Documents/bluezebra-backend/src/db.js:458:21)"},"event":"createUser","level":"error","message":"failed to create user","socketID":"-fdfi8jokG7pXQFaAAAB","timestamp":"2023-09-10 18:58:27.515"}
{"func":"auth.hashPassword","info":"uID: 3AF21740-7E14-4DDD-80E9-17649851EE02, hash: $2b$10$bKQsR1GM52xDYRs.iHVN.u6tWugog1fUxnR7K5B8vneOVqcuIN0dO","level":"debug","message":"password hashed successfully","socketID":"-fdfi8jokG7pXQFaAAAB","timestamp":"2023-09-10 18:58:27.579"}
{"func":"index.startup","level":"info","message":"starting server...","timestamp":"2023-09-10 18:59:23.074"}
{"func":"DB.connectDB","level":"info","message":"connected to MySQL DB","timestamp":"2023-09-10 18:59:23.080"}
{"func":"DB.createTable1","level":"info","message":"created 'users' table if not present","timestamp":"2023-09-10 18:59:23.083"}
{"func":"DB.createTable2","level":"info","message":"created 'CRs' table if not present","timestamp":"2023-09-10 18:59:23.084"}
{"func":"DB.createTable3","level":"info","message":"created 'RUChannels' table if not present","timestamp":"2023-09-10 18:59:23.084"}
{"func":"DB.createTable4","level":"info","message":"created 'events' table if not present","timestamp":"2023-09-10 18:59:23.085"}
{"func":"server.startServer","info":"host: localhost, port: 3000","level":"info","message":"started server","timestamp":"2023-09-10 18:59:23.130"}
{"event":"connection","level":"info","message":"","socketID":"aU-pTLV1KwDbY9o1AAAB","timestamp":"2023-09-10 18:59:24.574"}
{"func":"auth.hashPassword","info":"uID: 41E5D18E-E4E2-405D-9156-397C9E60A61F, hash: $2b$10$n56qBUe8juYkKc0h/oTICuOsHawH8k84HCUozDCqJAy56jUl2haWC","level":"debug","message":"password hashed successfully","socketID":"aU-pTLV1KwDbY9o1AAAB","timestamp":"2023-09-10 18:59:26.580"}
{"UID":"41E5D18E-E4E2-405D-9156-397C9E60A61F","func":"DB.createUser","info":"uID: 41E5D18E-E4E2-405D-9156-397C9E60A61F, username: h","level":"debug","message":"created user","socketID":"aU-pTLV1KwDbY9o1AAAB","timestamp":"2023-09-10 18:59:26.585"}
{"UID":"41E5D18E-E4E2-405D-9156-397C9E60A61F","event":"createUser","level":"info","message":"created user","socketID":"aU-pTLV1KwDbY9o1AAAB","timestamp":"2023-09-10 18:59:26.586"}
{"UID":"41E5D18E-E4E2-405D-9156-397C9E60A61F","func":"DB.fetchRecords","info":"table: USERS, predObj: {\"uID\":\"41E5D18E-E4E2-405D-9156-397C9E60A61F\"}","level":"debug","message":"fetched records","socketID":"aU-pTLV1KwDbY9o1AAAB","timestamp":"2023-09-10 18:59:29.582"}
{"UID":"41E5D18E-E4E2-405D-9156-397C9E60A61F","func":"auth.comparePassword","level":"debug","message":"authentication successful","socketID":"aU-pTLV1KwDbY9o1AAAB","timestamp":"2023-09-10 18:59:29.664"}
{"UID":"41E5D18E-E4E2-405D-9156-397C9E60A61F","func":"auth.connectUser","level":"debug","message":"user connection successful","socketID":"aU-pTLV1KwDbY9o1AAAB","timestamp":"2023-09-10 18:59:29.665"}
{"UID":"41E5D18E-E4E2-405D-9156-397C9E60A61F","event":"connectUser","level":"info","message":"connected user","socketID":"aU-pTLV1KwDbY9o1AAAB","timestamp":"2023-09-10 18:59:29.665"}
{"UID":"41E5D18E-E4E2-405D-9156-397C9E60A61F","error":{"message":"(null params: queryUID)","name":"ReqParamsNull","stack":"    at checkParams (/Users/harshel/Documents/bluezebra-backend/src/utilities.js:265:15)\n    at EF.sendUserConnect (/Users/harshel/Documents/bluezebra-backend/src/ef.js:600:13)\n    at Socket.<anonymous> (/Users/harshel/Documents/bluezebra-backend/src/events.js:134:22)\n    at process.processTicksAndRejections (node:internal/process/task_queues:95:5)"},"func":"EF.sendUserConnect","info":"event: userConnect","level":"error","message":"failed to emit user connect events","socketID":"aU-pTLV1KwDbY9o1AAAB","timestamp":"2023-09-10 18:59:29.665"}
{"UID":"41E5D18E-E4E2-405D-9156-397C9E60A61F","func":"DB.fetchRecords","info":"table: EVENTS, predObj: {\"recUID\":\"41E5D18E-E4E2-405D-9156-397C9E60A61F\"}","level":"debug","message":"fetched records","socketID":"aU-pTLV1KwDbY9o1AAAB","timestamp":"2023-09-10 18:59:29.668"}
{"UID":"41E5D18E-E4E2-405D-9156-397C9E60A61F","func":"EF.emitEvent","info":"event: receivedPendingEvents","level":"debug","message":"emitted event","recSocketID":"aU-pTLV1KwDbY9o1AAAB","recUID":"41E5D18E-E4E2-405D-9156-397C9E60A61F","socketID":"aU-pTLV1KwDbY9o1AAAB","timestamp":"2023-09-10 18:59:29.669"}
{"UID":"41E5D18E-E4E2-405D-9156-397C9E60A61F","func":"EF.emitPendingEvents","info":"eventCount: 0","level":"info","message":"emitted pending events","recSocketID":"aU-pTLV1KwDbY9o1AAAB","recUID":"41E5D18E-E4E2-405D-9156-397C9E60A61F","socketID":"aU-pTLV1KwDbY9o1AAAB","timestamp":"2023-09-10 18:59:29.669"}
{"error":{"message":"(socket status: (connected: true, userID: undefined))","name":"SocketStatusErr","stack":"    at checkSocketStatus (/Users/harshel/Documents/bluezebra-backend/src/utilities.js:307:15)\n    at Socket.<anonymous> (/Users/harshel/Documents/bluezebra-backend/src/events.js:145:13)\n    at Socket.emit (node:events:513:28)\n    at Socket.emit (node:events:525:35)\n    at listOnTimeout (node:internal/timers:569:17)"},"event":"disconnect","info":"reason: ping timeout","level":"error","message":"failed to disconnect socket properly","timestamp":"2023-09-10 19:01:24.578"}
{"func":"index.startup","level":"info","message":"starting server...","timestamp":"2023-09-10 19:04:52.208"}
{"func":"DB.connectDB","level":"info","message":"connected to MySQL DB","timestamp":"2023-09-10 19:04:52.214"}
{"func":"DB.createTable1","level":"info","message":"created 'users' table if not present","timestamp":"2023-09-10 19:04:52.216"}
{"func":"DB.createTable2","level":"info","message":"created 'CRs' table if not present","timestamp":"2023-09-10 19:04:52.216"}
{"func":"DB.createTable3","level":"info","message":"created 'RUChannels' table if not present","timestamp":"2023-09-10 19:04:52.218"}
{"func":"DB.createTable4","level":"info","message":"created 'events' table if not present","timestamp":"2023-09-10 19:04:52.219"}
{"func":"server.startServer","info":"host: localhost, port: 3000","level":"info","message":"started server","timestamp":"2023-09-10 19:04:52.263"}
{"event":"connection","level":"info","message":"","socketID":"UuG2p6flIl3sujqqAAAB","timestamp":"2023-09-10 19:05:02.692"}
{"func":"DB.fetchRecords","info":"table: USERS, predObj: {\"username\":\"h\"}","level":"debug","message":"fetched records","socketID":"UuG2p6flIl3sujqqAAAB","timestamp":"2023-09-10 19:05:05.956"}
{"event":"checkUsername","info":"username: h","level":"info","message":"checked username","socketID":"UuG2p6flIl3sujqqAAAB","timestamp":"2023-09-10 19:05:05.959"}
{"func":"DB.fetchRecords","info":"table: USERS, predObj: {\"username\":\"l\"}","level":"debug","message":"fetched records","socketID":"UuG2p6flIl3sujqqAAAB","timestamp":"2023-09-10 19:05:09.996"}
{"event":"checkUsername","info":"username: l","level":"info","message":"checked username","socketID":"UuG2p6flIl3sujqqAAAB","timestamp":"2023-09-10 19:05:09.997"}
{"func":"DB.fetchRecords","info":"table: USERS, predObj: {\"username\":\"l\"}","level":"debug","message":"fetched records","socketID":"UuG2p6flIl3sujqqAAAB","timestamp":"2023-09-10 19:05:12.226"}
{"event":"checkUsername","info":"username: l","level":"info","message":"checked username","socketID":"UuG2p6flIl3sujqqAAAB","timestamp":"2023-09-10 19:05:12.227"}
{"func":"auth.hashPassword","info":"uID: 883E8B75-47F1-4859-9869-F2EEA0D2D7FC, hash: $2b$10$7/gxQZOsIZPMT/onkHcpJ.fuSrhnC8y5bCK.VJFEDFxC17lAEsoD.","level":"debug","message":"password hashed successfully","socketID":"UuG2p6flIl3sujqqAAAB","timestamp":"2023-09-10 19:05:18.715"}
{"error":{"message":"publicKeyBuffer is not defined","name":"ReferenceError","stack":"    at Socket.<anonymous> (/Users/harshel/Documents/bluezebra-backend/src/events.js:94:17)\n    at process.processTicksAndRejections (node:internal/process/task_queues:95:5)"},"event":"createUser","level":"error","message":"failed to create user","socketID":"UuG2p6flIl3sujqqAAAB","timestamp":"2023-09-10 19:05:18.715"}
{"func":"auth.hashPassword","info":"uID: FA764048-F818-47D6-A0C8-104A462D2219, hash: $2b$10$cLWpZRzgU7PqNPoqd2uM5.y.aV5wzI/UdWImTVTUHDZHU.BPzuQE.","level":"debug","message":"password hashed successfully","socketID":"UuG2p6flIl3sujqqAAAB","timestamp":"2023-09-10 19:05:21.264"}
{"error":{"message":"publicKeyBuffer is not defined","name":"ReferenceError","stack":"    at Socket.<anonymous> (/Users/harshel/Documents/bluezebra-backend/src/events.js:94:17)\n    at process.processTicksAndRejections (node:internal/process/task_queues:95:5)"},"event":"createUser","level":"error","message":"failed to create user","socketID":"UuG2p6flIl3sujqqAAAB","timestamp":"2023-09-10 19:05:21.264"}
{"func":"index.startup","level":"info","message":"starting server...","timestamp":"2023-09-10 19:07:25.708"}
{"func":"DB.connectDB","level":"info","message":"connected to MySQL DB","timestamp":"2023-09-10 19:07:25.715"}
{"func":"DB.createTable1","level":"info","message":"created 'users' table if not present","timestamp":"2023-09-10 19:07:25.719"}
{"func":"DB.createTable2","level":"info","message":"created 'CRs' table if not present","timestamp":"2023-09-10 19:07:25.720"}
{"func":"DB.createTable3","level":"info","message":"created 'RUChannels' table if not present","timestamp":"2023-09-10 19:07:25.721"}
{"func":"DB.createTable4","level":"info","message":"created 'events' table if not present","timestamp":"2023-09-10 19:07:25.722"}
{"func":"server.startServer","info":"host: localhost, port: 3000","level":"info","message":"started server","timestamp":"2023-09-10 19:07:25.769"}
{"event":"connection","level":"info","message":"","socketID":"lhDtSNRmrCkyemMzAAAB","timestamp":"2023-09-10 19:07:27.598"}
{"func":"auth.hashPassword","info":"uID: A15B3F21-D700-4444-8EA7-F98B16A2E19B, hash: $2b$10$nVNuYWUOiY1ubh35amaFOeCWFYxxojd14XsTNkwlGx6psCVlYa/qC","level":"debug","message":"password hashed successfully","socketID":"lhDtSNRmrCkyemMzAAAB","timestamp":"2023-09-10 19:07:28.950"}
{"func":"DB.createUser","info":"uID: A15B3F21-D700-4444-8EA7-F98B16A2E19B, username: l","level":"debug","message":"created user","socketID":"lhDtSNRmrCkyemMzAAAB","timestamp":"2023-09-10 19:07:28.953","uID":"A15B3F21-D700-4444-8EA7-F98B16A2E19B"}
{"event":"createUser","level":"info","message":"created user","socketID":"lhDtSNRmrCkyemMzAAAB","timestamp":"2023-09-10 19:07:28.954","uID":"A15B3F21-D700-4444-8EA7-F98B16A2E19B"}
{"func":"DB.fetchRecords","info":"table: USERS, predObj: {\"uID\":\"A15B3F21-D700-4444-8EA7-F98B16A2E19B\"}","level":"debug","message":"fetched records","socketID":"lhDtSNRmrCkyemMzAAAB","timestamp":"2023-09-10 19:07:31.922","uID":"A15B3F21-D700-4444-8EA7-F98B16A2E19B"}
{"func":"auth.comparePassword","level":"debug","message":"authentication successful","socketID":"lhDtSNRmrCkyemMzAAAB","timestamp":"2023-09-10 19:07:32.007","uID":"A15B3F21-D700-4444-8EA7-F98B16A2E19B"}
{"func":"auth.connectUser","level":"debug","message":"user connection successful","socketID":"lhDtSNRmrCkyemMzAAAB","timestamp":"2023-09-10 19:07:32.007","uID":"A15B3F21-D700-4444-8EA7-F98B16A2E19B"}
{"event":"connectUser","level":"info","message":"connected user","socketID":"lhDtSNRmrCkyemMzAAAB","timestamp":"2023-09-10 19:07:32.007","uID":"A15B3F21-D700-4444-8EA7-F98B16A2E19B"}
{"error":{"message":"(null params: queryUID)","name":"ReqParamsNull","stack":"    at checkParams (/Users/harshel/Documents/bluezebra-backend/src/utilities.js:265:15)\n    at EF.sendUserConnect (/Users/harshel/Documents/bluezebra-backend/src/ef.js:600:13)\n    at Socket.<anonymous> (/Users/harshel/Documents/bluezebra-backend/src/events.js:134:22)\n    at process.processTicksAndRejections (node:internal/process/task_queues:95:5)"},"func":"EF.sendUserConnect","info":"event: userConnect","level":"error","message":"failed to emit user connect events","socketID":"lhDtSNRmrCkyemMzAAAB","timestamp":"2023-09-10 19:07:32.008","uID":"A15B3F21-D700-4444-8EA7-F98B16A2E19B"}
{"func":"DB.fetchRecords","info":"table: EVENTS, predObj: {\"recUID\":\"A15B3F21-D700-4444-8EA7-F98B16A2E19B\"}","level":"debug","message":"fetched records","socketID":"lhDtSNRmrCkyemMzAAAB","timestamp":"2023-09-10 19:07:32.009","uID":"A15B3F21-D700-4444-8EA7-F98B16A2E19B"}
{"func":"EF.emitEvent","info":"event: receivedPendingEvents","level":"debug","message":"emitted event","recSocketID":"lhDtSNRmrCkyemMzAAAB","recUID":"A15B3F21-D700-4444-8EA7-F98B16A2E19B","socketID":"lhDtSNRmrCkyemMzAAAB","timestamp":"2023-09-10 19:07:32.010","uID":"A15B3F21-D700-4444-8EA7-F98B16A2E19B"}
{"func":"EF.emitPendingEvents","info":"eventCount: 0","level":"info","message":"emitted pending events","recSocketID":"lhDtSNRmrCkyemMzAAAB","recUID":"A15B3F21-D700-4444-8EA7-F98B16A2E19B","socketID":"lhDtSNRmrCkyemMzAAAB","timestamp":"2023-09-10 19:07:32.010","uID":"A15B3F21-D700-4444-8EA7-F98B16A2E19B"}
{"error":{"message":"(socket status: (connected: true, userID: undefined))","name":"SocketStatusErr","stack":"    at checkSocketStatus (/Users/harshel/Documents/bluezebra-backend/src/utilities.js:307:15)\n    at Socket.<anonymous> (/Users/harshel/Documents/bluezebra-backend/src/events.js:145:13)\n    at Socket.emit (node:events:513:28)\n    at Socket.emit (node:events:525:35)\n    at listOnTimeout (node:internal/timers:569:17)"},"event":"disconnect","info":"reason: ping timeout","level":"error","message":"failed to disconnect socket properly","timestamp":"2023-09-10 19:12:47.631"}
{"event":"connection","level":"info","message":"","socketID":"cjXqfUqKyeY84wNpAAAD","timestamp":"2023-09-10 19:13:25.998"}
{"func":"DB.fetchRecords","info":"table: USERS, predObj: {\"uID\":\"A15B3F21-D700-4444-8EA7-F98B16A2E19B\"}","level":"debug","message":"fetched records","socketID":"cjXqfUqKyeY84wNpAAAD","timestamp":"2023-09-10 19:13:26.025","uID":"A15B3F21-D700-4444-8EA7-F98B16A2E19B"}
{"func":"auth.comparePassword","level":"debug","message":"authentication successful","socketID":"cjXqfUqKyeY84wNpAAAD","timestamp":"2023-09-10 19:13:26.085","uID":"A15B3F21-D700-4444-8EA7-F98B16A2E19B"}
{"func":"auth.connectUser","level":"debug","message":"user connection successful","socketID":"cjXqfUqKyeY84wNpAAAD","timestamp":"2023-09-10 19:13:26.085","uID":"A15B3F21-D700-4444-8EA7-F98B16A2E19B"}
{"event":"connectUser","level":"info","message":"connected user","socketID":"cjXqfUqKyeY84wNpAAAD","timestamp":"2023-09-10 19:13:26.086","uID":"A15B3F21-D700-4444-8EA7-F98B16A2E19B"}
{"error":{"message":"(null params: queryUID)","name":"ReqParamsNull","stack":"    at checkParams (/Users/harshel/Documents/bluezebra-backend/src/utilities.js:265:15)\n    at EF.sendUserConnect (/Users/harshel/Documents/bluezebra-backend/src/ef.js:600:13)\n    at Socket.<anonymous> (/Users/harshel/Documents/bluezebra-backend/src/events.js:134:22)\n    at process.processTicksAndRejections (node:internal/process/task_queues:95:5)"},"func":"EF.sendUserConnect","info":"event: userConnect","level":"error","message":"failed to emit user connect events","socketID":"cjXqfUqKyeY84wNpAAAD","timestamp":"2023-09-10 19:13:26.086","uID":"A15B3F21-D700-4444-8EA7-F98B16A2E19B"}
{"func":"DB.fetchRecords","info":"table: EVENTS, predObj: {\"recUID\":\"A15B3F21-D700-4444-8EA7-F98B16A2E19B\"}","level":"debug","message":"fetched records","socketID":"cjXqfUqKyeY84wNpAAAD","timestamp":"2023-09-10 19:13:26.087","uID":"A15B3F21-D700-4444-8EA7-F98B16A2E19B"}
{"func":"EF.emitEvent","info":"event: receivedPendingEvents","level":"debug","message":"emitted event","recSocketID":"cjXqfUqKyeY84wNpAAAD","recUID":"A15B3F21-D700-4444-8EA7-F98B16A2E19B","socketID":"cjXqfUqKyeY84wNpAAAD","timestamp":"2023-09-10 19:13:26.088","uID":"A15B3F21-D700-4444-8EA7-F98B16A2E19B"}
{"func":"EF.emitPendingEvents","info":"eventCount: 0","level":"info","message":"emitted pending events","recSocketID":"cjXqfUqKyeY84wNpAAAD","recUID":"A15B3F21-D700-4444-8EA7-F98B16A2E19B","socketID":"cjXqfUqKyeY84wNpAAAD","timestamp":"2023-09-10 19:13:26.088","uID":"A15B3F21-D700-4444-8EA7-F98B16A2E19B"}
{"error":{"message":"(socket status: (connected: true, userID: undefined))","name":"SocketStatusErr","stack":"    at checkSocketStatus (/Users/harshel/Documents/bluezebra-backend/src/utilities.js:307:15)\n    at Socket.<anonymous> (/Users/harshel/Documents/bluezebra-backend/src/events.js:145:13)\n    at Socket.emit (node:events:513:28)\n    at Socket.emit (node:events:525:35)\n    at Object.onceWrapper (node:events:627:28)\n    at WebSocket.emit (node:events:513:28)"},"event":"disconnect","info":"reason: transport close","level":"error","message":"failed to disconnect socket properly","timestamp":"2023-09-10 19:13:58.145"}
{"event":"connection","level":"info","message":"","socketID":"nJCvHCu0dA-K4VgkAAAF","timestamp":"2023-09-10 19:14:00.058"}
{"func":"DB.fetchRecords","info":"table: USERS, predObj: {\"uID\":\"A15B3F21-D700-4444-8EA7-F98B16A2E19B\"}","level":"debug","message":"fetched records","socketID":"nJCvHCu0dA-K4VgkAAAF","timestamp":"2023-09-10 19:14:00.085","uID":"A15B3F21-D700-4444-8EA7-F98B16A2E19B"}
{"func":"auth.comparePassword","level":"debug","message":"authentication successful","socketID":"nJCvHCu0dA-K4VgkAAAF","timestamp":"2023-09-10 19:14:00.157","uID":"A15B3F21-D700-4444-8EA7-F98B16A2E19B"}
{"func":"auth.connectUser","level":"debug","message":"user connection successful","socketID":"nJCvHCu0dA-K4VgkAAAF","timestamp":"2023-09-10 19:14:00.157","uID":"A15B3F21-D700-4444-8EA7-F98B16A2E19B"}
{"event":"connectUser","level":"info","message":"connected user","socketID":"nJCvHCu0dA-K4VgkAAAF","timestamp":"2023-09-10 19:14:00.157","uID":"A15B3F21-D700-4444-8EA7-F98B16A2E19B"}
{"error":{"message":"(null params: queryUID)","name":"ReqParamsNull","stack":"    at checkParams (/Users/harshel/Documents/bluezebra-backend/src/utilities.js:265:15)\n    at EF.sendUserConnect (/Users/harshel/Documents/bluezebra-backend/src/ef.js:600:13)\n    at Socket.<anonymous> (/Users/harshel/Documents/bluezebra-backend/src/events.js:134:22)\n    at process.processTicksAndRejections (node:internal/process/task_queues:95:5)"},"func":"EF.sendUserConnect","info":"event: userConnect","level":"error","message":"failed to emit user connect events","socketID":"nJCvHCu0dA-K4VgkAAAF","timestamp":"2023-09-10 19:14:00.157","uID":"A15B3F21-D700-4444-8EA7-F98B16A2E19B"}
{"func":"DB.fetchRecords","info":"table: EVENTS, predObj: {\"recUID\":\"A15B3F21-D700-4444-8EA7-F98B16A2E19B\"}","level":"debug","message":"fetched records","socketID":"nJCvHCu0dA-K4VgkAAAF","timestamp":"2023-09-10 19:14:00.158","uID":"A15B3F21-D700-4444-8EA7-F98B16A2E19B"}
{"func":"EF.emitEvent","info":"event: receivedPendingEvents","level":"debug","message":"emitted event","recSocketID":"nJCvHCu0dA-K4VgkAAAF","recUID":"A15B3F21-D700-4444-8EA7-F98B16A2E19B","socketID":"nJCvHCu0dA-K4VgkAAAF","timestamp":"2023-09-10 19:14:00.159","uID":"A15B3F21-D700-4444-8EA7-F98B16A2E19B"}
{"func":"EF.emitPendingEvents","info":"eventCount: 0","level":"info","message":"emitted pending events","recSocketID":"nJCvHCu0dA-K4VgkAAAF","recUID":"A15B3F21-D700-4444-8EA7-F98B16A2E19B","socketID":"nJCvHCu0dA-K4VgkAAAF","timestamp":"2023-09-10 19:14:00.160","uID":"A15B3F21-D700-4444-8EA7-F98B16A2E19B"}
{"error":{"message":"(socket status: (connected: true, userID: undefined))","name":"SocketStatusErr","stack":"    at checkSocketStatus (/Users/harshel/Documents/bluezebra-backend/src/utilities.js:307:15)\n    at Socket.<anonymous> (/Users/harshel/Documents/bluezebra-backend/src/events.js:145:13)\n    at Socket.emit (node:events:513:28)\n    at Socket.emit (node:events:525:35)\n    at listOnTimeout (node:internal/timers:569:17)"},"event":"disconnect","info":"reason: ping timeout","level":"error","message":"failed to disconnect socket properly","timestamp":"2023-09-10 19:14:44.951"}
{"event":"connection","level":"info","message":"","socketID":"IbxlyJsMdHqtqdOXAAAH","timestamp":"2023-09-10 19:14:53.716"}
{"func":"DB.fetchRecords","info":"table: USERS, predObj: {\"uID\":\"A15B3F21-D700-4444-8EA7-F98B16A2E19B\"}","level":"debug","message":"fetched records","socketID":"IbxlyJsMdHqtqdOXAAAH","timestamp":"2023-09-10 19:14:53.735","uID":"A15B3F21-D700-4444-8EA7-F98B16A2E19B"}
{"func":"auth.comparePassword","level":"debug","message":"authentication successful","socketID":"IbxlyJsMdHqtqdOXAAAH","timestamp":"2023-09-10 19:14:53.797","uID":"A15B3F21-D700-4444-8EA7-F98B16A2E19B"}
{"func":"auth.connectUser","level":"debug","message":"user connection successful","socketID":"IbxlyJsMdHqtqdOXAAAH","timestamp":"2023-09-10 19:14:53.797","uID":"A15B3F21-D700-4444-8EA7-F98B16A2E19B"}
{"event":"connectUser","level":"info","message":"connected user","socketID":"IbxlyJsMdHqtqdOXAAAH","timestamp":"2023-09-10 19:14:53.797","uID":"A15B3F21-D700-4444-8EA7-F98B16A2E19B"}
{"error":{"message":"(null params: queryUID)","name":"ReqParamsNull","stack":"    at checkParams (/Users/harshel/Documents/bluezebra-backend/src/utilities.js:265:15)\n    at EF.sendUserConnect (/Users/harshel/Documents/bluezebra-backend/src/ef.js:600:13)\n    at Socket.<anonymous> (/Users/harshel/Documents/bluezebra-backend/src/events.js:134:22)\n    at process.processTicksAndRejections (node:internal/process/task_queues:95:5)"},"func":"EF.sendUserConnect","info":"event: userConnect","level":"error","message":"failed to emit user connect events","socketID":"IbxlyJsMdHqtqdOXAAAH","timestamp":"2023-09-10 19:14:53.797","uID":"A15B3F21-D700-4444-8EA7-F98B16A2E19B"}
{"func":"DB.fetchRecords","info":"table: EVENTS, predObj: {\"recUID\":\"A15B3F21-D700-4444-8EA7-F98B16A2E19B\"}","level":"debug","message":"fetched records","socketID":"IbxlyJsMdHqtqdOXAAAH","timestamp":"2023-09-10 19:14:53.798","uID":"A15B3F21-D700-4444-8EA7-F98B16A2E19B"}
{"func":"EF.emitEvent","info":"event: receivedPendingEvents","level":"debug","message":"emitted event","recSocketID":"IbxlyJsMdHqtqdOXAAAH","recUID":"A15B3F21-D700-4444-8EA7-F98B16A2E19B","socketID":"IbxlyJsMdHqtqdOXAAAH","timestamp":"2023-09-10 19:14:53.798","uID":"A15B3F21-D700-4444-8EA7-F98B16A2E19B"}
{"func":"EF.emitPendingEvents","info":"eventCount: 0","level":"info","message":"emitted pending events","recSocketID":"IbxlyJsMdHqtqdOXAAAH","recUID":"A15B3F21-D700-4444-8EA7-F98B16A2E19B","socketID":"IbxlyJsMdHqtqdOXAAAH","timestamp":"2023-09-10 19:14:53.799","uID":"A15B3F21-D700-4444-8EA7-F98B16A2E19B"}
{"error":{"message":"(socket status: (connected: true, userID: undefined))","name":"SocketStatusErr","stack":"    at checkSocketStatus (/Users/harshel/Documents/bluezebra-backend/src/utilities.js:307:15)\n    at Socket.<anonymous> (/Users/harshel/Documents/bluezebra-backend/src/events.js:145:13)\n    at Socket.emit (node:events:513:28)\n    at process.processTicksAndRejections (node:internal/process/task_queues:77:11)"},"event":"disconnect","info":"reason: client namespace disconnect","level":"error","message":"failed to disconnect socket properly","timestamp":"2023-09-10 19:16:44.368"}
{"event":"connection","level":"info","message":"","socketID":"f-tML1aAvlye3kaiAAAJ","timestamp":"2023-09-10 19:16:52.218"}
{"func":"DB.fetchRecords","info":"table: USERS, predObj: {\"username\":\"h\"}","level":"debug","message":"fetched records","socketID":"f-tML1aAvlye3kaiAAAJ","timestamp":"2023-09-10 19:16:54.121"}
{"event":"checkUsername","info":"username: h","level":"info","message":"checked username","socketID":"f-tML1aAvlye3kaiAAAJ","timestamp":"2023-09-10 19:16:54.122"}
{"func":"DB.fetchRecords","info":"table: USERS, predObj: {\"username\":\"hk\"}","level":"debug","message":"fetched records","socketID":"f-tML1aAvlye3kaiAAAJ","timestamp":"2023-09-10 19:16:55.852"}
{"event":"checkUsername","info":"username: hk","level":"info","message":"checked username","socketID":"f-tML1aAvlye3kaiAAAJ","timestamp":"2023-09-10 19:16:55.853"}
{"func":"DB.fetchRecords","info":"table: USERS, predObj: {\"username\":\"hk\"}","level":"debug","message":"fetched records","socketID":"f-tML1aAvlye3kaiAAAJ","timestamp":"2023-09-10 19:16:56.740"}
{"event":"checkUsername","info":"username: hk","level":"info","message":"checked username","socketID":"f-tML1aAvlye3kaiAAAJ","timestamp":"2023-09-10 19:16:56.741"}
{"func":"auth.hashPassword","info":"uID: 94A2CCB6-9CD1-4AD0-BE75-3301712AA5EE, hash: $2b$10$dm2ZHE2IaUWhU5IZlFSKLumXfQInIO6Ay7Nfv9L1RF76uG.lKf4S6","level":"debug","message":"password hashed successfully","socketID":"f-tML1aAvlye3kaiAAAJ","timestamp":"2023-09-10 19:17:04.157"}
{"func":"DB.createUser","info":"uID: 94A2CCB6-9CD1-4AD0-BE75-3301712AA5EE, username: hk","level":"debug","message":"created user","socketID":"f-tML1aAvlye3kaiAAAJ","timestamp":"2023-09-10 19:17:04.162","uID":"94A2CCB6-9CD1-4AD0-BE75-3301712AA5EE"}
{"event":"createUser","level":"info","message":"created user","socketID":"f-tML1aAvlye3kaiAAAJ","timestamp":"2023-09-10 19:17:04.162","uID":"94A2CCB6-9CD1-4AD0-BE75-3301712AA5EE"}
{"func":"DB.fetchRecords","info":"table: USERS, predObj: {\"uID\":\"94A2CCB6-9CD1-4AD0-BE75-3301712AA5EE\"}","level":"debug","message":"fetched records","socketID":"f-tML1aAvlye3kaiAAAJ","timestamp":"2023-09-10 19:17:07.120","uID":"94A2CCB6-9CD1-4AD0-BE75-3301712AA5EE"}
{"func":"auth.comparePassword","level":"debug","message":"authentication successful","socketID":"f-tML1aAvlye3kaiAAAJ","timestamp":"2023-09-10 19:17:07.201","uID":"94A2CCB6-9CD1-4AD0-BE75-3301712AA5EE"}
{"func":"auth.connectUser","level":"debug","message":"user connection successful","socketID":"f-tML1aAvlye3kaiAAAJ","timestamp":"2023-09-10 19:17:07.201","uID":"94A2CCB6-9CD1-4AD0-BE75-3301712AA5EE"}
{"event":"connectUser","level":"info","message":"connected user","socketID":"f-tML1aAvlye3kaiAAAJ","timestamp":"2023-09-10 19:17:07.202","uID":"94A2CCB6-9CD1-4AD0-BE75-3301712AA5EE"}
{"error":{"message":"(null params: queryUID)","name":"ReqParamsNull","stack":"    at checkParams (/Users/harshel/Documents/bluezebra-backend/src/utilities.js:265:15)\n    at EF.sendUserConnect (/Users/harshel/Documents/bluezebra-backend/src/ef.js:600:13)\n    at Socket.<anonymous> (/Users/harshel/Documents/bluezebra-backend/src/events.js:134:22)\n    at process.processTicksAndRejections (node:internal/process/task_queues:95:5)"},"func":"EF.sendUserConnect","info":"event: userConnect","level":"error","message":"failed to emit user connect events","socketID":"f-tML1aAvlye3kaiAAAJ","timestamp":"2023-09-10 19:17:07.202","uID":"94A2CCB6-9CD1-4AD0-BE75-3301712AA5EE"}
{"func":"DB.fetchRecords","info":"table: EVENTS, predObj: {\"recUID\":\"94A2CCB6-9CD1-4AD0-BE75-3301712AA5EE\"}","level":"debug","message":"fetched records","socketID":"f-tML1aAvlye3kaiAAAJ","timestamp":"2023-09-10 19:17:07.203","uID":"94A2CCB6-9CD1-4AD0-BE75-3301712AA5EE"}
{"func":"EF.emitEvent","info":"event: receivedPendingEvents","level":"debug","message":"emitted event","recSocketID":"f-tML1aAvlye3kaiAAAJ","recUID":"94A2CCB6-9CD1-4AD0-BE75-3301712AA5EE","socketID":"f-tML1aAvlye3kaiAAAJ","timestamp":"2023-09-10 19:17:07.203","uID":"94A2CCB6-9CD1-4AD0-BE75-3301712AA5EE"}
{"func":"EF.emitPendingEvents","info":"eventCount: 0","level":"info","message":"emitted pending events","recSocketID":"f-tML1aAvlye3kaiAAAJ","recUID":"94A2CCB6-9CD1-4AD0-BE75-3301712AA5EE","socketID":"f-tML1aAvlye3kaiAAAJ","timestamp":"2023-09-10 19:17:07.203","uID":"94A2CCB6-9CD1-4AD0-BE75-3301712AA5EE"}
{"error":{"message":"(socket status: (connected: true, userID: undefined))","name":"SocketStatusErr","stack":"    at checkSocketStatus (/Users/harshel/Documents/bluezebra-backend/src/utilities.js:307:15)\n    at Socket.<anonymous> (/Users/harshel/Documents/bluezebra-backend/src/events.js:168:13)\n    at Socket.emit (node:events:513:28)\n    at process.processTicksAndRejections (node:internal/process/task_queues:77:11)"},"event":"deleteUser","level":"error","message":"failed to delete user","socketID":"f-tML1aAvlye3kaiAAAJ","timestamp":"2023-09-10 19:17:10.263","uID":"94A2CCB6-9CD1-4AD0-BE75-3301712AA5EE"}
{"func":"index.startup","level":"info","message":"starting server...","timestamp":"2023-09-10 19:18:23.637"}
{"func":"DB.connectDB","level":"info","message":"connected to MySQL DB","timestamp":"2023-09-10 19:18:23.643"}
{"func":"DB.createTable1","level":"info","message":"created 'users' table if not present","timestamp":"2023-09-10 19:18:23.645"}
{"func":"DB.createTable2","level":"info","message":"created 'CRs' table if not present","timestamp":"2023-09-10 19:18:23.646"}
{"func":"DB.createTable3","level":"info","message":"created 'RUChannels' table if not present","timestamp":"2023-09-10 19:18:23.647"}
{"func":"DB.createTable4","level":"info","message":"created 'events' table if not present","timestamp":"2023-09-10 19:18:23.648"}
{"func":"server.startServer","info":"host: localhost, port: 3000","level":"info","message":"started server","timestamp":"2023-09-10 19:18:23.696"}
{"event":"connection","level":"info","message":"","socketID":"EJk_UUfPZyrdiPsWAAAB","timestamp":"2023-09-10 19:18:29.529"}
{"func":"DB.fetchRecords","info":"table: USERS, predObj: {\"uID\":\"94A2CCB6-9CD1-4AD0-BE75-3301712AA5EE\"}","level":"debug","message":"fetched records","socketID":"EJk_UUfPZyrdiPsWAAAB","timestamp":"2023-09-10 19:18:29.547","uID":"94A2CCB6-9CD1-4AD0-BE75-3301712AA5EE"}
{"func":"auth.comparePassword","level":"debug","message":"authentication successful","socketID":"EJk_UUfPZyrdiPsWAAAB","timestamp":"2023-09-10 19:18:29.610","uID":"94A2CCB6-9CD1-4AD0-BE75-3301712AA5EE"}
{"func":"auth.connectUser","level":"debug","message":"user connection successful","socketID":"EJk_UUfPZyrdiPsWAAAB","timestamp":"2023-09-10 19:18:29.610","uID":"94A2CCB6-9CD1-4AD0-BE75-3301712AA5EE"}
{"event":"connectUser","level":"info","message":"connected user","socketID":"EJk_UUfPZyrdiPsWAAAB","timestamp":"2023-09-10 19:18:29.611","uID":"94A2CCB6-9CD1-4AD0-BE75-3301712AA5EE"}
{"error":{"message":"(null params: queryUID)","name":"ReqParamsNull","stack":"    at checkParams (/Users/harshel/Documents/bluezebra-backend/src/utilities.js:265:15)\n    at EF.sendUserConnect (/Users/harshel/Documents/bluezebra-backend/src/ef.js:600:13)\n    at Socket.<anonymous> (/Users/harshel/Documents/bluezebra-backend/src/events.js:134:22)\n    at process.processTicksAndRejections (node:internal/process/task_queues:95:5)"},"func":"EF.sendUserConnect","info":"event: userConnect","level":"error","message":"failed to emit user connect events","socketID":"EJk_UUfPZyrdiPsWAAAB","timestamp":"2023-09-10 19:18:29.611","uID":"94A2CCB6-9CD1-4AD0-BE75-3301712AA5EE"}
{"func":"DB.fetchRecords","info":"table: EVENTS, predObj: {\"recUID\":\"94A2CCB6-9CD1-4AD0-BE75-3301712AA5EE\"}","level":"debug","message":"fetched records","socketID":"EJk_UUfPZyrdiPsWAAAB","timestamp":"2023-09-10 19:18:29.612","uID":"94A2CCB6-9CD1-4AD0-BE75-3301712AA5EE"}
{"func":"EF.emitEvent","info":"event: receivedPendingEvents","level":"debug","message":"emitted event","recSocketID":"EJk_UUfPZyrdiPsWAAAB","recUID":"94A2CCB6-9CD1-4AD0-BE75-3301712AA5EE","socketID":"EJk_UUfPZyrdiPsWAAAB","timestamp":"2023-09-10 19:18:29.613","uID":"94A2CCB6-9CD1-4AD0-BE75-3301712AA5EE"}
{"func":"EF.emitPendingEvents","info":"eventCount: 0","level":"info","message":"emitted pending events","recSocketID":"EJk_UUfPZyrdiPsWAAAB","recUID":"94A2CCB6-9CD1-4AD0-BE75-3301712AA5EE","socketID":"EJk_UUfPZyrdiPsWAAAB","timestamp":"2023-09-10 19:18:29.613","uID":"94A2CCB6-9CD1-4AD0-BE75-3301712AA5EE"}
{"func":"auth.disconnectUser","level":"debug","message":"user disconnection successful","socketID":"EJk_UUfPZyrdiPsWAAAB","timestamp":"2023-09-10 19:19:14.390","uID":"94A2CCB6-9CD1-4AD0-BE75-3301712AA5EE"}
{"error":{"message":"val.slice is not a function","name":"TypeError","stack":"    at /Users/harshel/Documents/bluezebra-backend/src/db.js:332:18\n    at new Promise (<anonymous>)\n    at DB.updateRecords (/Users/harshel/Documents/bluezebra-backend/src/db.js:300:12)\n    at Socket.<anonymous> (/Users/harshel/Documents/bluezebra-backend/src/events.js:153:26)\n    at Socket.emit (node:events:513:28)"},"func":"DB.updateRecords","info":"table: USERS, predObj: {\"uID\":\"94A2CCB6-9CD1-4AD0-BE75-3301712AA5EE\"}, updateProp: lastOnline","level":"debug","message":"failed to update record","socketID":"EJk_UUfPZyrdiPsWAAAB","timestamp":"2023-09-10 19:19:14.393","uID":"94A2CCB6-9CD1-4AD0-BE75-3301712AA5EE"}
{"event":"disconnect","info":"reason: ping timeout","level":"info","message":"socket disconnect successfully","socketID":"EJk_UUfPZyrdiPsWAAAB","timestamp":"2023-09-10 19:19:14.394","uID":"94A2CCB6-9CD1-4AD0-BE75-3301712AA5EE"}
{"func":"DB.fetchRecords","info":"table: RUChannels, predObj: {\"UID1\":\"94A2CCB6-9CD1-4AD0-BE75-3301712AA5EE\",\"UID2\":\"94A2CCB6-9CD1-4AD0-BE75-3301712AA5EE\"}","level":"debug","message":"fetched records","socketID":"EJk_UUfPZyrdiPsWAAAB","timestamp":"2023-09-10 19:19:14.396","uID":"94A2CCB6-9CD1-4AD0-BE75-3301712AA5EE"}
{"func":"EF.sendUserDisconnect","info":"event: userDisconnect","level":"info","message":"emitted user disconnect events","socketID":"EJk_UUfPZyrdiPsWAAAB","timestamp":"2023-09-10 19:19:14.396","uID":"94A2CCB6-9CD1-4AD0-BE75-3301712AA5EE"}
{"event":"connection","level":"info","message":"","socketID":"EGMYKOUQaUhagsBEAAAD","timestamp":"2023-09-10 19:19:27.585"}
{"func":"DB.fetchRecords","info":"table: USERS, predObj: {\"uID\":\"94A2CCB6-9CD1-4AD0-BE75-3301712AA5EE\"}","level":"debug","message":"fetched records","socketID":"EGMYKOUQaUhagsBEAAAD","timestamp":"2023-09-10 19:19:27.605","uID":"94A2CCB6-9CD1-4AD0-BE75-3301712AA5EE"}
{"func":"auth.comparePassword","level":"debug","message":"authentication successful","socketID":"EGMYKOUQaUhagsBEAAAD","timestamp":"2023-09-10 19:19:27.675","uID":"94A2CCB6-9CD1-4AD0-BE75-3301712AA5EE"}
{"func":"auth.connectUser","level":"debug","message":"user connection successful","socketID":"EGMYKOUQaUhagsBEAAAD","timestamp":"2023-09-10 19:19:27.675","uID":"94A2CCB6-9CD1-4AD0-BE75-3301712AA5EE"}
{"event":"connectUser","level":"info","message":"connected user","socketID":"EGMYKOUQaUhagsBEAAAD","timestamp":"2023-09-10 19:19:27.676","uID":"94A2CCB6-9CD1-4AD0-BE75-3301712AA5EE"}
{"error":{"message":"(null params: queryUID)","name":"ReqParamsNull","stack":"    at checkParams (/Users/harshel/Documents/bluezebra-backend/src/utilities.js:265:15)\n    at EF.sendUserConnect (/Users/harshel/Documents/bluezebra-backend/src/ef.js:600:13)\n    at Socket.<anonymous> (/Users/harshel/Documents/bluezebra-backend/src/events.js:134:22)\n    at process.processTicksAndRejections (node:internal/process/task_queues:95:5)"},"func":"EF.sendUserConnect","info":"event: userConnect","level":"error","message":"failed to emit user connect events","socketID":"EGMYKOUQaUhagsBEAAAD","timestamp":"2023-09-10 19:19:27.676","uID":"94A2CCB6-9CD1-4AD0-BE75-3301712AA5EE"}
{"func":"DB.fetchRecords","info":"table: EVENTS, predObj: {\"recUID\":\"94A2CCB6-9CD1-4AD0-BE75-3301712AA5EE\"}","level":"debug","message":"fetched records","socketID":"EGMYKOUQaUhagsBEAAAD","timestamp":"2023-09-10 19:19:27.677","uID":"94A2CCB6-9CD1-4AD0-BE75-3301712AA5EE"}
{"func":"EF.emitEvent","info":"event: receivedPendingEvents","level":"debug","message":"emitted event","recSocketID":"EGMYKOUQaUhagsBEAAAD","recUID":"94A2CCB6-9CD1-4AD0-BE75-3301712AA5EE","socketID":"EGMYKOUQaUhagsBEAAAD","timestamp":"2023-09-10 19:19:27.678","uID":"94A2CCB6-9CD1-4AD0-BE75-3301712AA5EE"}
{"func":"EF.emitPendingEvents","info":"eventCount: 0","level":"info","message":"emitted pending events","recSocketID":"EGMYKOUQaUhagsBEAAAD","recUID":"94A2CCB6-9CD1-4AD0-BE75-3301712AA5EE","socketID":"EGMYKOUQaUhagsBEAAAD","timestamp":"2023-09-10 19:19:27.678","uID":"94A2CCB6-9CD1-4AD0-BE75-3301712AA5EE"}
{"func":"auth.disconnectUser","level":"debug","message":"user disconnection successful","socketID":"EGMYKOUQaUhagsBEAAAD","timestamp":"2023-09-10 19:19:46.354","uID":"94A2CCB6-9CD1-4AD0-BE75-3301712AA5EE"}
{"error":{"message":"val.slice is not a function","name":"TypeError","stack":"    at /Users/harshel/Documents/bluezebra-backend/src/db.js:332:18\n    at new Promise (<anonymous>)\n    at DB.updateRecords (/Users/harshel/Documents/bluezebra-backend/src/db.js:300:12)\n    at Socket.<anonymous> (/Users/harshel/Documents/bluezebra-backend/src/events.js:153:26)\n    at Socket.emit (node:events:513:28)"},"func":"DB.updateRecords","info":"table: USERS, predObj: {\"uID\":\"94A2CCB6-9CD1-4AD0-BE75-3301712AA5EE\"}, updateProp: lastOnline","level":"debug","message":"failed to update record","socketID":"EGMYKOUQaUhagsBEAAAD","timestamp":"2023-09-10 19:19:46.354","uID":"94A2CCB6-9CD1-4AD0-BE75-3301712AA5EE"}
{"event":"disconnect","info":"reason: transport close","level":"info","message":"socket disconnect successfully","socketID":"EGMYKOUQaUhagsBEAAAD","timestamp":"2023-09-10 19:19:46.355","uID":"94A2CCB6-9CD1-4AD0-BE75-3301712AA5EE"}
{"func":"DB.fetchRecords","info":"table: RUChannels, predObj: {\"UID1\":\"94A2CCB6-9CD1-4AD0-BE75-3301712AA5EE\",\"UID2\":\"94A2CCB6-9CD1-4AD0-BE75-3301712AA5EE\"}","level":"debug","message":"fetched records","socketID":"EGMYKOUQaUhagsBEAAAD","timestamp":"2023-09-10 19:19:46.356","uID":"94A2CCB6-9CD1-4AD0-BE75-3301712AA5EE"}
{"func":"EF.sendUserDisconnect","info":"event: userDisconnect","level":"info","message":"emitted user disconnect events","socketID":"EGMYKOUQaUhagsBEAAAD","timestamp":"2023-09-10 19:19:46.356","uID":"94A2CCB6-9CD1-4AD0-BE75-3301712AA5EE"}
{"event":"connection","level":"info","message":"","socketID":"L1gLb_SOCSxZuoD_AAAF","timestamp":"2023-09-10 19:21:53.194"}
{"func":"DB.fetchRecords","info":"table: USERS, predObj: {\"uID\":\"94A2CCB6-9CD1-4AD0-BE75-3301712AA5EE\"}","level":"debug","message":"fetched records","socketID":"L1gLb_SOCSxZuoD_AAAF","timestamp":"2023-09-10 19:21:53.300","uID":"94A2CCB6-9CD1-4AD0-BE75-3301712AA5EE"}
{"func":"auth.comparePassword","level":"debug","message":"authentication successful","socketID":"L1gLb_SOCSxZuoD_AAAF","timestamp":"2023-09-10 19:21:53.378","uID":"94A2CCB6-9CD1-4AD0-BE75-3301712AA5EE"}
{"func":"auth.connectUser","level":"debug","message":"user connection successful","socketID":"L1gLb_SOCSxZuoD_AAAF","timestamp":"2023-09-10 19:21:53.378","uID":"94A2CCB6-9CD1-4AD0-BE75-3301712AA5EE"}
{"event":"connectUser","level":"info","message":"connected user","socketID":"L1gLb_SOCSxZuoD_AAAF","timestamp":"2023-09-10 19:21:53.378","uID":"94A2CCB6-9CD1-4AD0-BE75-3301712AA5EE"}
{"error":{"message":"(null params: queryUID)","name":"ReqParamsNull","stack":"    at checkParams (/Users/harshel/Documents/bluezebra-backend/src/utilities.js:265:15)\n    at EF.sendUserConnect (/Users/harshel/Documents/bluezebra-backend/src/ef.js:600:13)\n    at Socket.<anonymous> (/Users/harshel/Documents/bluezebra-backend/src/events.js:134:22)\n    at process.processTicksAndRejections (node:internal/process/task_queues:95:5)"},"func":"EF.sendUserConnect","info":"event: userConnect","level":"error","message":"failed to emit user connect events","socketID":"L1gLb_SOCSxZuoD_AAAF","timestamp":"2023-09-10 19:21:53.379","uID":"94A2CCB6-9CD1-4AD0-BE75-3301712AA5EE"}
{"func":"DB.fetchRecords","info":"table: EVENTS, predObj: {\"recUID\":\"94A2CCB6-9CD1-4AD0-BE75-3301712AA5EE\"}","level":"debug","message":"fetched records","socketID":"L1gLb_SOCSxZuoD_AAAF","timestamp":"2023-09-10 19:21:53.380","uID":"94A2CCB6-9CD1-4AD0-BE75-3301712AA5EE"}
{"func":"EF.emitEvent","info":"event: receivedPendingEvents","level":"debug","message":"emitted event","recSocketID":"L1gLb_SOCSxZuoD_AAAF","recUID":"94A2CCB6-9CD1-4AD0-BE75-3301712AA5EE","socketID":"L1gLb_SOCSxZuoD_AAAF","timestamp":"2023-09-10 19:21:53.381","uID":"94A2CCB6-9CD1-4AD0-BE75-3301712AA5EE"}
{"func":"EF.emitPendingEvents","info":"eventCount: 0","level":"info","message":"emitted pending events","recSocketID":"L1gLb_SOCSxZuoD_AAAF","recUID":"94A2CCB6-9CD1-4AD0-BE75-3301712AA5EE","socketID":"L1gLb_SOCSxZuoD_AAAF","timestamp":"2023-09-10 19:21:53.381","uID":"94A2CCB6-9CD1-4AD0-BE75-3301712AA5EE"}
{"func":"DB.deleteCRsByUserID","info":"queryUID: 94A2CCB6-9CD1-4AD0-BE75-3301712AA5EE","level":"debug","message":"deleted CRs","socketID":"L1gLb_SOCSxZuoD_AAAF","timestamp":"2023-09-10 19:22:15.194","uID":"94A2CCB6-9CD1-4AD0-BE75-3301712AA5EE"}
{"error":{"message":"(ER_BAD_FIELD_ERROR: Unknown column 'uID' in 'where clause')","name":"DBErr","stack":"    at Query.<anonymous> (/Users/harshel/Documents/bluezebra-backend/src/db.js:396:21)"},"func":"DB.deleteRecord","info":"table: RUChannels, predObj: {\"uID\":\"94A2CCB6-9CD1-4AD0-BE75-3301712AA5EE\"}","level":"debug","message":"failed to delete record","socketID":"L1gLb_SOCSxZuoD_AAAF","timestamp":"2023-09-10 19:22:15.197","uID":"94A2CCB6-9CD1-4AD0-BE75-3301712AA5EE"}
{"error":{"message":"(ER_BAD_FIELD_ERROR: Unknown column 'uID' in 'where clause')","name":"DBErr","stack":"    at Query.<anonymous> (/Users/harshel/Documents/bluezebra-backend/src/db.js:396:21)"},"func":"EF.deleteUserdata","info":"uID: 94A2CCB6-9CD1-4AD0-BE75-3301712AA5EE","level":"error","message":"failed to delete userdata","socketID":"L1gLb_SOCSxZuoD_AAAF","timestamp":"2023-09-10 19:22:15.197","uID":"94A2CCB6-9CD1-4AD0-BE75-3301712AA5EE"}
{"error":{"message":"(ER_BAD_FIELD_ERROR: Unknown column 'uID' in 'where clause')","name":"DBErr","stack":"    at Query.<anonymous> (/Users/harshel/Documents/bluezebra-backend/src/db.js:396:21)"},"event":"deleteUser","level":"error","message":"failed to delete user","socketID":"L1gLb_SOCSxZuoD_AAAF","timestamp":"2023-09-10 19:22:15.198","uID":"94A2CCB6-9CD1-4AD0-BE75-3301712AA5EE"}
{"func":"index.startup","level":"info","message":"starting server...","timestamp":"2023-09-10 19:24:44.640"}
{"func":"DB.connectDB","level":"info","message":"connected to MySQL DB","timestamp":"2023-09-10 19:24:44.646"}
{"func":"DB.createTable1","level":"info","message":"created 'users' table if not present","timestamp":"2023-09-10 19:24:44.649"}
{"func":"DB.createTable2","level":"info","message":"created 'CRs' table if not present","timestamp":"2023-09-10 19:24:44.651"}
{"func":"DB.createTable3","level":"info","message":"created 'RUChannels' table if not present","timestamp":"2023-09-10 19:24:44.652"}
{"func":"DB.createTable4","level":"info","message":"created 'events' table if not present","timestamp":"2023-09-10 19:24:44.653"}
{"func":"server.startServer","info":"host: localhost, port: 3000","level":"info","message":"started server","timestamp":"2023-09-10 19:24:44.700"}
{"event":"connection","level":"info","message":"","socketID":"KY-SUeYIu7crA_V2AAAB","timestamp":"2023-09-10 19:24:50.059"}
{"func":"DB.fetchRecords","info":"table: USERS, predObj: {\"uID\":\"94A2CCB6-9CD1-4AD0-BE75-3301712AA5EE\"}","level":"debug","message":"fetched records","socketID":"KY-SUeYIu7crA_V2AAAB","timestamp":"2023-09-10 19:24:50.170","uID":"94A2CCB6-9CD1-4AD0-BE75-3301712AA5EE"}
{"func":"auth.comparePassword","level":"debug","message":"authentication successful","socketID":"KY-SUeYIu7crA_V2AAAB","timestamp":"2023-09-10 19:24:50.232","uID":"94A2CCB6-9CD1-4AD0-BE75-3301712AA5EE"}
{"func":"auth.connectUser","level":"debug","message":"user connection successful","socketID":"KY-SUeYIu7crA_V2AAAB","timestamp":"2023-09-10 19:24:50.232","uID":"94A2CCB6-9CD1-4AD0-BE75-3301712AA5EE"}
{"event":"connectUser","level":"info","message":"connected user","socketID":"KY-SUeYIu7crA_V2AAAB","timestamp":"2023-09-10 19:24:50.232","uID":"94A2CCB6-9CD1-4AD0-BE75-3301712AA5EE"}
{"error":{"message":"(null params: queryUID)","name":"ReqParamsNull","stack":"    at checkParams (/Users/harshel/Documents/bluezebra-backend/src/utilities.js:265:15)\n    at EF.sendUserConnect (/Users/harshel/Documents/bluezebra-backend/src/ef.js:600:13)\n    at Socket.<anonymous> (/Users/harshel/Documents/bluezebra-backend/src/events.js:134:22)\n    at process.processTicksAndRejections (node:internal/process/task_queues:95:5)"},"func":"EF.sendUserConnect","info":"event: userConnect","level":"error","message":"failed to emit user connect events","socketID":"KY-SUeYIu7crA_V2AAAB","timestamp":"2023-09-10 19:24:50.233","uID":"94A2CCB6-9CD1-4AD0-BE75-3301712AA5EE"}
{"func":"DB.fetchRecords","info":"table: EVENTS, predObj: {\"recUID\":\"94A2CCB6-9CD1-4AD0-BE75-3301712AA5EE\"}","level":"debug","message":"fetched records","socketID":"KY-SUeYIu7crA_V2AAAB","timestamp":"2023-09-10 19:24:50.234","uID":"94A2CCB6-9CD1-4AD0-BE75-3301712AA5EE"}
{"func":"EF.emitEvent","info":"event: receivedPendingEvents","level":"debug","message":"emitted event","recSocketID":"KY-SUeYIu7crA_V2AAAB","recUID":"94A2CCB6-9CD1-4AD0-BE75-3301712AA5EE","socketID":"KY-SUeYIu7crA_V2AAAB","timestamp":"2023-09-10 19:24:50.234","uID":"94A2CCB6-9CD1-4AD0-BE75-3301712AA5EE"}
{"func":"EF.emitPendingEvents","info":"eventCount: 0","level":"info","message":"emitted pending events","recSocketID":"KY-SUeYIu7crA_V2AAAB","recUID":"94A2CCB6-9CD1-4AD0-BE75-3301712AA5EE","socketID":"KY-SUeYIu7crA_V2AAAB","timestamp":"2023-09-10 19:24:50.234","uID":"94A2CCB6-9CD1-4AD0-BE75-3301712AA5EE"}
{"func":"DB.deleteCRsByUserID","info":"queryUID: 94A2CCB6-9CD1-4AD0-BE75-3301712AA5EE","level":"debug","message":"deleted CRs","socketID":"KY-SUeYIu7crA_V2AAAB","timestamp":"2023-09-10 19:25:02.541","uID":"94A2CCB6-9CD1-4AD0-BE75-3301712AA5EE"}
{"func":"DB.deleteRecord","info":"table: RUChannels, predObj: {\"uID1\":\"94A2CCB6-9CD1-4AD0-BE75-3301712AA5EE\",\"uID2\":\"94A2CCB6-9CD1-4AD0-BE75-3301712AA5EE\"}","level":"debug","message":"deleted record","socketID":"KY-SUeYIu7crA_V2AAAB","timestamp":"2023-09-10 19:25:02.544","uID":"94A2CCB6-9CD1-4AD0-BE75-3301712AA5EE"}
{"func":"DB.deleteRecord","info":"table: EVENTS, predObj: {\"recUID\":\"94A2CCB6-9CD1-4AD0-BE75-3301712AA5EE\"}","level":"debug","message":"deleted record","socketID":"KY-SUeYIu7crA_V2AAAB","timestamp":"2023-09-10 19:25:02.545","uID":"94A2CCB6-9CD1-4AD0-BE75-3301712AA5EE"}
{"func":"DB.deleteRecord","info":"table: USERS, predObj: {\"uID\":\"94A2CCB6-9CD1-4AD0-BE75-3301712AA5EE\"}","level":"debug","message":"deleted record","socketID":"KY-SUeYIu7crA_V2AAAB","timestamp":"2023-09-10 19:25:02.548","uID":"94A2CCB6-9CD1-4AD0-BE75-3301712AA5EE"}
{"func":"EF.deleteUserdata","info":"uID: 94A2CCB6-9CD1-4AD0-BE75-3301712AA5EE","level":"debug","message":"deleted userdata","socketID":"KY-SUeYIu7crA_V2AAAB","timestamp":"2023-09-10 19:25:02.549","uID":"94A2CCB6-9CD1-4AD0-BE75-3301712AA5EE"}
{"func":"DB.fetchRecords","info":"table: RUChannels, predObj: {\"UID1\":\"94A2CCB6-9CD1-4AD0-BE75-3301712AA5EE\",\"UID2\":\"94A2CCB6-9CD1-4AD0-BE75-3301712AA5EE\"}","level":"debug","message":"fetched records","socketID":"KY-SUeYIu7crA_V2AAAB","timestamp":"2023-09-10 19:25:02.551","uID":"94A2CCB6-9CD1-4AD0-BE75-3301712AA5EE"}
{"func":"EF.sendDeleteUserTrace","info":"event: deleteUserTrace","level":"debug","message":"emitted delete user trace events","socketID":"KY-SUeYIu7crA_V2AAAB","timestamp":"2023-09-10 19:25:02.552","uID":"94A2CCB6-9CD1-4AD0-BE75-3301712AA5EE"}
{"func":"auth.disconnectUser","level":"debug","message":"user disconnection successful","socketID":"KY-SUeYIu7crA_V2AAAB","timestamp":"2023-09-10 19:25:02.552"}
{"event":"deleteUser","level":"info","message":"deleted user","socketID":"KY-SUeYIu7crA_V2AAAB","timestamp":"2023-09-10 19:25:02.553","uID":"94A2CCB6-9CD1-4AD0-BE75-3301712AA5EE"}
{"error":{"message":"(socket status: (connected: false, uID: null))","name":"SocketStatusErr","stack":"    at checkSocketStatus (/Users/harshel/Documents/bluezebra-backend/src/utilities.js:307:15)\n    at Socket.<anonymous> (/Users/harshel/Documents/bluezebra-backend/src/events.js:145:13)\n    at Socket.emit (node:events:513:28)\n    at process.processTicksAndRejections (node:internal/process/task_queues:77:11)"},"event":"disconnect","info":"reason: client namespace disconnect","level":"error","message":"failed to disconnect socket properly","timestamp":"2023-09-10 19:33:06.873"}
{"event":"connection","level":"info","message":"","socketID":"jZQtrL8yHlKasHzsAAAD","timestamp":"2023-09-10 19:33:15.654"}
{"func":"DB.fetchRecords","info":"table: USERS, predObj: {\"username\":\"l\"}","level":"debug","message":"fetched records","socketID":"jZQtrL8yHlKasHzsAAAD","timestamp":"2023-09-10 19:33:17.485"}
{"event":"checkUsername","info":"username: l","level":"info","message":"checked username","socketID":"jZQtrL8yHlKasHzsAAAD","timestamp":"2023-09-10 19:33:17.486"}
{"func":"DB.fetchRecords","info":"table: USERS, predObj: {\"username\":\"lg\"}","level":"debug","message":"fetched records","socketID":"jZQtrL8yHlKasHzsAAAD","timestamp":"2023-09-10 19:33:19.063"}
{"event":"checkUsername","info":"username: lg","level":"info","message":"checked username","socketID":"jZQtrL8yHlKasHzsAAAD","timestamp":"2023-09-10 19:33:19.064"}
{"func":"DB.fetchRecords","info":"table: USERS, predObj: {\"username\":\"lg\"}","level":"debug","message":"fetched records","socketID":"jZQtrL8yHlKasHzsAAAD","timestamp":"2023-09-10 19:33:20.579"}
{"event":"checkUsername","info":"username: lg","level":"info","message":"checked username","socketID":"jZQtrL8yHlKasHzsAAAD","timestamp":"2023-09-10 19:33:20.580"}
{"func":"auth.hashPassword","info":"uID: 9897BB10-A694-4B6D-A928-8F5DDEE80C78, hash: $2b$10$6xLDQnIUbNG3oWStgLx1EeEqZ8CJwHelJLY7Xl/HMKKUHohJgUtme","level":"debug","message":"password hashed successfully","socketID":"jZQtrL8yHlKasHzsAAAD","timestamp":"2023-09-10 19:33:26.128"}
{"func":"DB.createUser","info":"uID: 9897BB10-A694-4B6D-A928-8F5DDEE80C78, username: lg","level":"debug","message":"created user","socketID":"jZQtrL8yHlKasHzsAAAD","timestamp":"2023-09-10 19:33:26.131","uID":"9897BB10-A694-4B6D-A928-8F5DDEE80C78"}
{"event":"createUser","level":"info","message":"created user","socketID":"jZQtrL8yHlKasHzsAAAD","timestamp":"2023-09-10 19:33:26.131","uID":"9897BB10-A694-4B6D-A928-8F5DDEE80C78"}
{"func":"DB.fetchRecords","info":"table: USERS, predObj: {\"uID\":\"9897BB10-A694-4B6D-A928-8F5DDEE80C78\"}","level":"debug","message":"fetched records","socketID":"jZQtrL8yHlKasHzsAAAD","timestamp":"2023-09-10 19:33:29.085","uID":"9897BB10-A694-4B6D-A928-8F5DDEE80C78"}
{"func":"auth.comparePassword","level":"debug","message":"authentication successful","socketID":"jZQtrL8yHlKasHzsAAAD","timestamp":"2023-09-10 19:33:29.169","uID":"9897BB10-A694-4B6D-A928-8F5DDEE80C78"}
{"func":"auth.connectUser","level":"debug","message":"user connection successful","socketID":"jZQtrL8yHlKasHzsAAAD","timestamp":"2023-09-10 19:33:29.169","uID":"9897BB10-A694-4B6D-A928-8F5DDEE80C78"}
{"event":"connectUser","level":"info","message":"connected user","socketID":"jZQtrL8yHlKasHzsAAAD","timestamp":"2023-09-10 19:33:29.169","uID":"9897BB10-A694-4B6D-A928-8F5DDEE80C78"}
{"error":{"message":"(null params: queryUID)","name":"ReqParamsNull","stack":"    at checkParams (/Users/harshel/Documents/bluezebra-backend/src/utilities.js:265:15)\n    at EF.sendUserConnect (/Users/harshel/Documents/bluezebra-backend/src/ef.js:600:13)\n    at Socket.<anonymous> (/Users/harshel/Documents/bluezebra-backend/src/events.js:134:22)\n    at process.processTicksAndRejections (node:internal/process/task_queues:95:5)"},"func":"EF.sendUserConnect","info":"event: userConnect","level":"error","message":"failed to emit user connect events","socketID":"jZQtrL8yHlKasHzsAAAD","timestamp":"2023-09-10 19:33:29.170","uID":"9897BB10-A694-4B6D-A928-8F5DDEE80C78"}
{"func":"DB.fetchRecords","info":"table: EVENTS, predObj: {\"recUID\":\"9897BB10-A694-4B6D-A928-8F5DDEE80C78\"}","level":"debug","message":"fetched records","socketID":"jZQtrL8yHlKasHzsAAAD","timestamp":"2023-09-10 19:33:29.171","uID":"9897BB10-A694-4B6D-A928-8F5DDEE80C78"}
{"func":"EF.emitEvent","info":"event: receivedPendingEvents","level":"debug","message":"emitted event","recSocketID":"jZQtrL8yHlKasHzsAAAD","recUID":"9897BB10-A694-4B6D-A928-8F5DDEE80C78","socketID":"jZQtrL8yHlKasHzsAAAD","timestamp":"2023-09-10 19:33:29.171","uID":"9897BB10-A694-4B6D-A928-8F5DDEE80C78"}
{"func":"EF.emitPendingEvents","info":"eventCount: 0","level":"info","message":"emitted pending events","recSocketID":"jZQtrL8yHlKasHzsAAAD","recUID":"9897BB10-A694-4B6D-A928-8F5DDEE80C78","socketID":"jZQtrL8yHlKasHzsAAAD","timestamp":"2023-09-10 19:33:29.171","uID":"9897BB10-A694-4B6D-A928-8F5DDEE80C78"}
{"func":"DB.deleteCRsByUserID","info":"queryUID: 9897BB10-A694-4B6D-A928-8F5DDEE80C78","level":"debug","message":"deleted CRs","socketID":"jZQtrL8yHlKasHzsAAAD","timestamp":"2023-09-10 19:33:47.292","uID":"9897BB10-A694-4B6D-A928-8F5DDEE80C78"}
{"func":"DB.deleteRecord","info":"table: RUChannels, predObj: {\"uID1\":\"9897BB10-A694-4B6D-A928-8F5DDEE80C78\",\"uID2\":\"9897BB10-A694-4B6D-A928-8F5DDEE80C78\"}","level":"debug","message":"deleted record","socketID":"jZQtrL8yHlKasHzsAAAD","timestamp":"2023-09-10 19:33:47.294","uID":"9897BB10-A694-4B6D-A928-8F5DDEE80C78"}
{"func":"DB.deleteRecord","info":"table: EVENTS, predObj: {\"recUID\":\"9897BB10-A694-4B6D-A928-8F5DDEE80C78\"}","level":"debug","message":"deleted record","socketID":"jZQtrL8yHlKasHzsAAAD","timestamp":"2023-09-10 19:33:47.295","uID":"9897BB10-A694-4B6D-A928-8F5DDEE80C78"}
{"func":"DB.deleteRecord","info":"table: USERS, predObj: {\"uID\":\"9897BB10-A694-4B6D-A928-8F5DDEE80C78\"}","level":"debug","message":"deleted record","socketID":"jZQtrL8yHlKasHzsAAAD","timestamp":"2023-09-10 19:33:47.297","uID":"9897BB10-A694-4B6D-A928-8F5DDEE80C78"}
{"func":"EF.deleteUserdata","info":"uID: 9897BB10-A694-4B6D-A928-8F5DDEE80C78","level":"debug","message":"deleted userdata","socketID":"jZQtrL8yHlKasHzsAAAD","timestamp":"2023-09-10 19:33:47.297","uID":"9897BB10-A694-4B6D-A928-8F5DDEE80C78"}
{"func":"DB.fetchRecords","info":"table: RUChannels, predObj: {\"UID1\":\"9897BB10-A694-4B6D-A928-8F5DDEE80C78\",\"UID2\":\"9897BB10-A694-4B6D-A928-8F5DDEE80C78\"}","level":"debug","message":"fetched records","socketID":"jZQtrL8yHlKasHzsAAAD","timestamp":"2023-09-10 19:33:47.299","uID":"9897BB10-A694-4B6D-A928-8F5DDEE80C78"}
{"func":"EF.sendDeleteUserTrace","info":"event: deleteUserTrace","level":"debug","message":"emitted delete user trace events","socketID":"jZQtrL8yHlKasHzsAAAD","timestamp":"2023-09-10 19:33:47.299","uID":"9897BB10-A694-4B6D-A928-8F5DDEE80C78"}
{"func":"auth.disconnectUser","level":"debug","message":"user disconnection successful","socketID":"jZQtrL8yHlKasHzsAAAD","timestamp":"2023-09-10 19:33:47.299"}
{"event":"deleteUser","level":"info","message":"deleted user","socketID":"jZQtrL8yHlKasHzsAAAD","timestamp":"2023-09-10 19:33:47.300","uID":"9897BB10-A694-4B6D-A928-8F5DDEE80C78"}
{"error":{"message":"(socket status: (connected: false, uID: null))","name":"SocketStatusErr","stack":"    at checkSocketStatus (/Users/harshel/Documents/bluezebra-backend/src/utilities.js:307:15)\n    at Socket.<anonymous> (/Users/harshel/Documents/bluezebra-backend/src/events.js:145:13)\n    at Socket.emit (node:events:513:28)\n    at Socket.emit (node:events:525:35)\n    at Object.onceWrapper (node:events:627:28)\n    at WebSocket.emit (node:events:513:28)"},"event":"disconnect","info":"reason: transport close","level":"error","message":"failed to disconnect socket properly","timestamp":"2023-09-10 19:34:52.083"}
{"event":"connection","level":"info","message":"","socketID":"3XhtWHMfK9yAH33RAAAF","timestamp":"2023-09-10 19:34:55.045"}
{"func":"DB.fetchRecords","info":"table: USERS, predObj: {\"username\":\"h\"}","level":"debug","message":"fetched records","socketID":"3XhtWHMfK9yAH33RAAAF","timestamp":"2023-09-10 19:34:58.516"}
{"event":"checkUsername","info":"username: h","level":"info","message":"checked username","socketID":"3XhtWHMfK9yAH33RAAAF","timestamp":"2023-09-10 19:34:58.516"}
{"func":"DB.fetchRecords","info":"table: USERS, predObj: {\"username\":\"hh\"}","level":"debug","message":"fetched records","socketID":"3XhtWHMfK9yAH33RAAAF","timestamp":"2023-09-10 19:34:59.396"}
{"event":"checkUsername","info":"username: hh","level":"info","message":"checked username","socketID":"3XhtWHMfK9yAH33RAAAF","timestamp":"2023-09-10 19:34:59.396"}
{"func":"DB.fetchRecords","info":"table: USERS, predObj: {\"username\":\"hh\"}","level":"debug","message":"fetched records","socketID":"3XhtWHMfK9yAH33RAAAF","timestamp":"2023-09-10 19:35:00.366"}
{"event":"checkUsername","info":"username: hh","level":"info","message":"checked username","socketID":"3XhtWHMfK9yAH33RAAAF","timestamp":"2023-09-10 19:35:00.367"}
{"func":"auth.hashPassword","info":"uID: 37572887-5D8A-4ADA-AAE8-6030060CC436, hash: $2b$10$Vc4zTMBBJ9V9yfwc4AlNx.uV4sdYUElLyQhNLmKph7iFGJThWOZG2","level":"debug","message":"password hashed successfully","socketID":"3XhtWHMfK9yAH33RAAAF","timestamp":"2023-09-10 19:35:15.116"}
{"func":"DB.createUser","info":"uID: 37572887-5D8A-4ADA-AAE8-6030060CC436, username: hh","level":"debug","message":"created user","socketID":"3XhtWHMfK9yAH33RAAAF","timestamp":"2023-09-10 19:35:15.119","uID":"37572887-5D8A-4ADA-AAE8-6030060CC436"}
{"event":"createUser","level":"info","message":"created user","socketID":"3XhtWHMfK9yAH33RAAAF","timestamp":"2023-09-10 19:35:15.119","uID":"37572887-5D8A-4ADA-AAE8-6030060CC436"}
{"func":"DB.fetchRecords","info":"table: USERS, predObj: {\"uID\":\"37572887-5D8A-4ADA-AAE8-6030060CC436\"}","level":"debug","message":"fetched records","socketID":"3XhtWHMfK9yAH33RAAAF","timestamp":"2023-09-10 19:35:18.089","uID":"37572887-5D8A-4ADA-AAE8-6030060CC436"}
{"func":"auth.comparePassword","level":"debug","message":"authentication successful","socketID":"3XhtWHMfK9yAH33RAAAF","timestamp":"2023-09-10 19:35:18.167","uID":"37572887-5D8A-4ADA-AAE8-6030060CC436"}
{"func":"auth.connectUser","level":"debug","message":"user connection successful","socketID":"3XhtWHMfK9yAH33RAAAF","timestamp":"2023-09-10 19:35:18.167","uID":"37572887-5D8A-4ADA-AAE8-6030060CC436"}
{"event":"connectUser","level":"info","message":"connected user","socketID":"3XhtWHMfK9yAH33RAAAF","timestamp":"2023-09-10 19:35:18.167","uID":"37572887-5D8A-4ADA-AAE8-6030060CC436"}
{"error":{"message":"(null params: queryUID)","name":"ReqParamsNull","stack":"    at checkParams (/Users/harshel/Documents/bluezebra-backend/src/utilities.js:265:15)\n    at EF.sendUserConnect (/Users/harshel/Documents/bluezebra-backend/src/ef.js:600:13)\n    at Socket.<anonymous> (/Users/harshel/Documents/bluezebra-backend/src/events.js:134:22)\n    at process.processTicksAndRejections (node:internal/process/task_queues:95:5)"},"func":"EF.sendUserConnect","info":"event: userConnect","level":"error","message":"failed to emit user connect events","socketID":"3XhtWHMfK9yAH33RAAAF","timestamp":"2023-09-10 19:35:18.167","uID":"37572887-5D8A-4ADA-AAE8-6030060CC436"}
{"func":"DB.fetchRecords","info":"table: EVENTS, predObj: {\"recUID\":\"37572887-5D8A-4ADA-AAE8-6030060CC436\"}","level":"debug","message":"fetched records","socketID":"3XhtWHMfK9yAH33RAAAF","timestamp":"2023-09-10 19:35:18.168","uID":"37572887-5D8A-4ADA-AAE8-6030060CC436"}
{"func":"EF.emitEvent","info":"event: receivedPendingEvents","level":"debug","message":"emitted event","recSocketID":"3XhtWHMfK9yAH33RAAAF","recUID":"37572887-5D8A-4ADA-AAE8-6030060CC436","socketID":"3XhtWHMfK9yAH33RAAAF","timestamp":"2023-09-10 19:35:18.169","uID":"37572887-5D8A-4ADA-AAE8-6030060CC436"}
{"func":"EF.emitPendingEvents","info":"eventCount: 0","level":"info","message":"emitted pending events","recSocketID":"3XhtWHMfK9yAH33RAAAF","recUID":"37572887-5D8A-4ADA-AAE8-6030060CC436","socketID":"3XhtWHMfK9yAH33RAAAF","timestamp":"2023-09-10 19:35:18.169","uID":"37572887-5D8A-4ADA-AAE8-6030060CC436"}
{"func":"DB.deleteCRsByUserID","info":"queryUID: 37572887-5D8A-4ADA-AAE8-6030060CC436","level":"debug","message":"deleted CRs","socketID":"3XhtWHMfK9yAH33RAAAF","timestamp":"2023-09-10 19:35:20.789","uID":"37572887-5D8A-4ADA-AAE8-6030060CC436"}
{"func":"DB.deleteRecord","info":"table: RUChannels, predObj: {\"uID1\":\"37572887-5D8A-4ADA-AAE8-6030060CC436\",\"uID2\":\"37572887-5D8A-4ADA-AAE8-6030060CC436\"}","level":"debug","message":"deleted record","socketID":"3XhtWHMfK9yAH33RAAAF","timestamp":"2023-09-10 19:35:20.790","uID":"37572887-5D8A-4ADA-AAE8-6030060CC436"}
{"func":"DB.deleteRecord","info":"table: EVENTS, predObj: {\"recUID\":\"37572887-5D8A-4ADA-AAE8-6030060CC436\"}","level":"debug","message":"deleted record","socketID":"3XhtWHMfK9yAH33RAAAF","timestamp":"2023-09-10 19:35:20.791","uID":"37572887-5D8A-4ADA-AAE8-6030060CC436"}
{"func":"DB.deleteRecord","info":"table: USERS, predObj: {\"uID\":\"37572887-5D8A-4ADA-AAE8-6030060CC436\"}","level":"debug","message":"deleted record","socketID":"3XhtWHMfK9yAH33RAAAF","timestamp":"2023-09-10 19:35:20.795","uID":"37572887-5D8A-4ADA-AAE8-6030060CC436"}
{"func":"EF.deleteUserdata","info":"uID: 37572887-5D8A-4ADA-AAE8-6030060CC436","level":"debug","message":"deleted userdata","socketID":"3XhtWHMfK9yAH33RAAAF","timestamp":"2023-09-10 19:35:20.795","uID":"37572887-5D8A-4ADA-AAE8-6030060CC436"}
{"func":"DB.fetchRecords","info":"table: RUChannels, predObj: {\"UID1\":\"37572887-5D8A-4ADA-AAE8-6030060CC436\",\"UID2\":\"37572887-5D8A-4ADA-AAE8-6030060CC436\"}","level":"debug","message":"fetched records","socketID":"3XhtWHMfK9yAH33RAAAF","timestamp":"2023-09-10 19:35:20.796","uID":"37572887-5D8A-4ADA-AAE8-6030060CC436"}
{"func":"EF.sendDeleteUserTrace","info":"event: deleteUserTrace","level":"debug","message":"emitted delete user trace events","socketID":"3XhtWHMfK9yAH33RAAAF","timestamp":"2023-09-10 19:35:20.797","uID":"37572887-5D8A-4ADA-AAE8-6030060CC436"}
{"func":"auth.disconnectUser","level":"debug","message":"user disconnection successful","socketID":"3XhtWHMfK9yAH33RAAAF","timestamp":"2023-09-10 19:35:20.797"}
{"event":"deleteUser","level":"info","message":"deleted user","socketID":"3XhtWHMfK9yAH33RAAAF","timestamp":"2023-09-10 19:35:20.797","uID":"37572887-5D8A-4ADA-AAE8-6030060CC436"}
