{"func":"index.startup","level":"info","message":"starting server...","timestamp":"2023-09-11 14:53:01.442"}
{"func":"DB.connectDB","level":"info","message":"connected to MySQL DB","timestamp":"2023-09-11 14:53:01.475"}
{"func":"DB.createTable1","level":"info","message":"created 'users' table if not present","timestamp":"2023-09-11 14:53:01.498"}
{"func":"DB.createTable2","level":"info","message":"created 'CRs' table if not present","timestamp":"2023-09-11 14:53:01.499"}
{"func":"DB.createTable3","level":"info","message":"created 'RUChannels' table if not present","timestamp":"2023-09-11 14:53:01.500"}
{"func":"DB.createTable4","level":"info","message":"created 'events' table if not present","timestamp":"2023-09-11 14:53:01.501"}
{"func":"server.startServer","info":"host: localhost, port: 3000","level":"info","message":"started server","timestamp":"2023-09-11 14:53:01.558"}
{"event":"connection","level":"info","message":"","socketID":"obdREPqA5S1RllVQAAAB","timestamp":"2023-09-11 14:58:36.544"}
{"func":"index.startup","level":"info","message":"starting server...","timestamp":"2023-09-11 15:00:34.394"}
{"func":"DB.connectDB","level":"info","message":"connected to MySQL DB","timestamp":"2023-09-11 15:00:34.402"}
{"func":"DB.createTable1","level":"info","message":"created 'users' table if not present","timestamp":"2023-09-11 15:00:34.405"}
{"func":"DB.createTable2","level":"info","message":"created 'CRs' table if not present","timestamp":"2023-09-11 15:00:34.406"}
{"func":"DB.createTable3","level":"info","message":"created 'RUChannels' table if not present","timestamp":"2023-09-11 15:00:34.406"}
{"func":"DB.createTable4","level":"info","message":"created 'events' table if not present","timestamp":"2023-09-11 15:00:34.408"}
{"func":"server.startServer","info":"host: localhost, port: 3000","level":"info","message":"started server","timestamp":"2023-09-11 15:00:34.459"}
{"event":"connection","level":"info","message":"","socketID":"s1rKIZJ8sfCDTZWYAAAB","timestamp":"2023-09-11 15:00:38.220"}
{"func":"index.startup","level":"info","message":"starting server...","timestamp":"2023-09-11 15:01:59.819"}
{"func":"DB.connectDB","level":"info","message":"connected to MySQL DB","timestamp":"2023-09-11 15:01:59.828"}
{"func":"DB.createTable1","level":"info","message":"created 'users' table if not present","timestamp":"2023-09-11 15:01:59.830"}
{"func":"DB.createTable2","level":"info","message":"created 'CRs' table if not present","timestamp":"2023-09-11 15:01:59.831"}
{"func":"DB.createTable3","level":"info","message":"created 'RUChannels' table if not present","timestamp":"2023-09-11 15:01:59.832"}
{"func":"DB.createTable4","level":"info","message":"created 'events' table if not present","timestamp":"2023-09-11 15:01:59.833"}
{"func":"server.startServer","info":"host: localhost, port: 3000","level":"info","message":"started server","timestamp":"2023-09-11 15:01:59.880"}
{"event":"connection","level":"info","message":"","socketID":"6XaxZTZZCBNmXpXMAAAB","timestamp":"2023-09-11 15:02:03.650"}
{"func":"index.startup","level":"info","message":"starting server...","timestamp":"2023-09-11 15:02:28.841"}
{"func":"DB.connectDB","level":"info","message":"connected to MySQL DB","timestamp":"2023-09-11 15:02:28.850"}
{"func":"DB.createTable1","level":"info","message":"created 'users' table if not present","timestamp":"2023-09-11 15:02:28.853"}
{"func":"DB.createTable2","level":"info","message":"created 'CRs' table if not present","timestamp":"2023-09-11 15:02:28.854"}
{"func":"DB.createTable3","level":"info","message":"created 'RUChannels' table if not present","timestamp":"2023-09-11 15:02:28.855"}
{"func":"DB.createTable4","level":"info","message":"created 'events' table if not present","timestamp":"2023-09-11 15:02:28.856"}
{"func":"server.startServer","info":"host: localhost, port: 3000","level":"info","message":"started server","timestamp":"2023-09-11 15:02:28.905"}
{"event":"connection","level":"info","message":"","socketID":"xAqJWBx7RbJjWFhoAAAB","timestamp":"2023-09-11 15:02:32.176"}
{"func":"index.startup","level":"info","message":"starting server...","timestamp":"2023-09-11 15:03:40.122"}
{"func":"DB.connectDB","level":"info","message":"connected to MySQL DB","timestamp":"2023-09-11 15:03:40.131"}
{"func":"DB.createTable1","level":"info","message":"created 'users' table if not present","timestamp":"2023-09-11 15:03:40.133"}
{"func":"DB.createTable2","level":"info","message":"created 'CRs' table if not present","timestamp":"2023-09-11 15:03:40.134"}
{"func":"DB.createTable3","level":"info","message":"created 'RUChannels' table if not present","timestamp":"2023-09-11 15:03:40.135"}
{"func":"DB.createTable4","level":"info","message":"created 'events' table if not present","timestamp":"2023-09-11 15:03:40.136"}
{"func":"server.startServer","info":"host: localhost, port: 3000","level":"info","message":"started server","timestamp":"2023-09-11 15:03:40.181"}
{"event":"connection","level":"info","message":"","socketID":"WrumhTJb2NKSyokqAAAB","timestamp":"2023-09-11 15:03:44.207"}
{"func":"index.startup","level":"info","message":"starting server...","timestamp":"2023-09-11 15:05:56.598"}
{"func":"DB.connectDB","level":"info","message":"connected to MySQL DB","timestamp":"2023-09-11 15:05:56.607"}
{"func":"DB.createTable1","level":"info","message":"created 'users' table if not present","timestamp":"2023-09-11 15:05:56.610"}
{"func":"DB.createTable2","level":"info","message":"created 'CRs' table if not present","timestamp":"2023-09-11 15:05:56.611"}
{"func":"DB.createTable3","level":"info","message":"created 'RUChannels' table if not present","timestamp":"2023-09-11 15:05:56.612"}
{"func":"DB.createTable4","level":"info","message":"created 'events' table if not present","timestamp":"2023-09-11 15:05:56.612"}
{"func":"server.startServer","info":"host: localhost, port: 3000","level":"info","message":"started server","timestamp":"2023-09-11 15:05:56.659"}
{"event":"connection","level":"info","message":"","socketID":"0G-3plTgIKz9KywWAAAB","timestamp":"2023-09-11 15:06:01.059"}
{"func":"index.startup","level":"info","message":"starting server...","timestamp":"2023-09-11 15:06:32.223"}
{"func":"DB.connectDB","level":"info","message":"connected to MySQL DB","timestamp":"2023-09-11 15:06:32.228"}
{"func":"DB.createTable1","level":"info","message":"created 'users' table if not present","timestamp":"2023-09-11 15:06:32.232"}
{"func":"DB.createTable2","level":"info","message":"created 'CRs' table if not present","timestamp":"2023-09-11 15:06:32.233"}
{"func":"DB.createTable3","level":"info","message":"created 'RUChannels' table if not present","timestamp":"2023-09-11 15:06:32.234"}
{"func":"DB.createTable4","level":"info","message":"created 'events' table if not present","timestamp":"2023-09-11 15:06:32.235"}
{"func":"server.startServer","info":"host: localhost, port: 3000","level":"info","message":"started server","timestamp":"2023-09-11 15:06:32.282"}
{"event":"connection","level":"info","message":"","socketID":"_y0lZF8L5SgnMMmHAAAB","timestamp":"2023-09-11 15:06:36.984"}
{"func":"DB.fetchRecords","info":"table: USERS, predObj: {\"username\":\"h\"}","level":"debug","message":"fetched records","socketID":"_y0lZF8L5SgnMMmHAAAB","timestamp":"2023-09-11 15:11:38.777"}
{"event":"checkUsername","info":"username: h","level":"info","message":"checked username","socketID":"_y0lZF8L5SgnMMmHAAAB","timestamp":"2023-09-11 15:11:38.778"}
{"func":"DB.fetchRecords","info":"table: USERS, predObj: {\"username\":\"har\"}","level":"debug","message":"fetched records","socketID":"_y0lZF8L5SgnMMmHAAAB","timestamp":"2023-09-11 15:11:40.925"}
{"event":"checkUsername","info":"username: har","level":"info","message":"checked username","socketID":"_y0lZF8L5SgnMMmHAAAB","timestamp":"2023-09-11 15:11:40.926"}
{"func":"DB.fetchRecords","info":"table: USERS, predObj: {\"username\":\"har\"}","level":"debug","message":"fetched records","socketID":"_y0lZF8L5SgnMMmHAAAB","timestamp":"2023-09-11 15:11:41.974"}
{"event":"checkUsername","info":"username: har","level":"info","message":"checked username","socketID":"_y0lZF8L5SgnMMmHAAAB","timestamp":"2023-09-11 15:11:41.975"}
{"func":"auth.hashPassword","info":"uID: B0C4D6F8-8594-432C-93C2-56C7BC231148, hash: $2b$10$GCiIBr49phyID3bMKY8YG.Z1LNjgkOAoyugi8YUoRMDsdJmf8Ofhi","level":"debug","message":"password hashed successfully","socketID":"_y0lZF8L5SgnMMmHAAAB","timestamp":"2023-09-11 15:11:46.883"}
{"func":"DB.createUser","info":"uID: B0C4D6F8-8594-432C-93C2-56C7BC231148, username: har","level":"debug","message":"created user","socketID":"_y0lZF8L5SgnMMmHAAAB","timestamp":"2023-09-11 15:11:46.893","uID":"B0C4D6F8-8594-432C-93C2-56C7BC231148"}
{"event":"createUser","level":"info","message":"created user","socketID":"_y0lZF8L5SgnMMmHAAAB","timestamp":"2023-09-11 15:11:46.893","uID":"B0C4D6F8-8594-432C-93C2-56C7BC231148"}
{"func":"DB.fetchRecords","info":"table: USERS, predObj: {\"uID\":\"B0C4D6F8-8594-432C-93C2-56C7BC231148\"}","level":"debug","message":"fetched records","socketID":"_y0lZF8L5SgnMMmHAAAB","timestamp":"2023-09-11 15:11:49.900","uID":"B0C4D6F8-8594-432C-93C2-56C7BC231148"}
{"func":"auth.comparePassword","level":"debug","message":"authentication successful","socketID":"_y0lZF8L5SgnMMmHAAAB","timestamp":"2023-09-11 15:11:49.987","uID":"B0C4D6F8-8594-432C-93C2-56C7BC231148"}
{"func":"auth.connectUser","level":"debug","message":"user connection successful","socketID":"_y0lZF8L5SgnMMmHAAAB","timestamp":"2023-09-11 15:11:49.987","uID":"B0C4D6F8-8594-432C-93C2-56C7BC231148"}
{"event":"connectUser","level":"info","message":"connected user","socketID":"_y0lZF8L5SgnMMmHAAAB","timestamp":"2023-09-11 15:11:49.987","uID":"B0C4D6F8-8594-432C-93C2-56C7BC231148"}
{"error":{"message":"(null params: queryUID)","name":"ReqParamsNull","stack":"    at checkParams (/Users/harshel/Documents/bluezebra-backend/src/utilities.js:265:15)\n    at EF.sendUserConnect (/Users/harshel/Documents/bluezebra-backend/src/ef.js:600:13)\n    at Socket.<anonymous> (/Users/harshel/Documents/bluezebra-backend/src/events.js:215:22)\n    at process.processTicksAndRejections (node:internal/process/task_queues:95:5)"},"func":"EF.sendUserConnect","info":"event: userConnect","level":"error","message":"failed to emit user connect events","socketID":"_y0lZF8L5SgnMMmHAAAB","timestamp":"2023-09-11 15:11:49.988","uID":"B0C4D6F8-8594-432C-93C2-56C7BC231148"}
{"func":"DB.fetchRecords","info":"table: EVENTS, predObj: {\"recUID\":\"B0C4D6F8-8594-432C-93C2-56C7BC231148\"}","level":"debug","message":"fetched records","socketID":"_y0lZF8L5SgnMMmHAAAB","timestamp":"2023-09-11 15:11:49.991","uID":"B0C4D6F8-8594-432C-93C2-56C7BC231148"}
{"func":"EF.emitEvent","info":"event: receivedPendingEvents","level":"debug","message":"emitted event","recSocketID":"_y0lZF8L5SgnMMmHAAAB","recUID":"B0C4D6F8-8594-432C-93C2-56C7BC231148","socketID":"_y0lZF8L5SgnMMmHAAAB","timestamp":"2023-09-11 15:11:49.991","uID":"B0C4D6F8-8594-432C-93C2-56C7BC231148"}
{"func":"EF.emitPendingEvents","info":"eventCount: 0","level":"info","message":"emitted pending events","recSocketID":"_y0lZF8L5SgnMMmHAAAB","recUID":"B0C4D6F8-8594-432C-93C2-56C7BC231148","socketID":"_y0lZF8L5SgnMMmHAAAB","timestamp":"2023-09-11 15:11:49.991","uID":"B0C4D6F8-8594-432C-93C2-56C7BC231148"}
{"func":"auth.disconnectUser","level":"debug","message":"user disconnection successful","socketID":"_y0lZF8L5SgnMMmHAAAB","timestamp":"2023-09-11 15:12:01.896","uID":"B0C4D6F8-8594-432C-93C2-56C7BC231148"}
{"error":{"message":"val.slice is not a function","name":"TypeError","stack":"    at /Users/harshel/Documents/bluezebra-backend/src/db.js:332:18\n    at new Promise (<anonymous>)\n    at DB.updateRecords (/Users/harshel/Documents/bluezebra-backend/src/db.js:300:12)\n    at Socket.<anonymous> (/Users/harshel/Documents/bluezebra-backend/src/events.js:151:26)\n    at Socket.emit (node:events:513:28)"},"func":"DB.updateRecords","info":"table: USERS, predObj: {\"uID\":\"B0C4D6F8-8594-432C-93C2-56C7BC231148\"}, updateProp: lastOnline","level":"debug","message":"failed to update record","socketID":"_y0lZF8L5SgnMMmHAAAB","timestamp":"2023-09-11 15:12:01.898","uID":"B0C4D6F8-8594-432C-93C2-56C7BC231148"}
{"event":"disconnect","info":"reason: client namespace disconnect","level":"info","message":"socket disconnect successfully","socketID":"_y0lZF8L5SgnMMmHAAAB","timestamp":"2023-09-11 15:12:01.899","uID":"B0C4D6F8-8594-432C-93C2-56C7BC231148"}
{"func":"DB.fetchRecords","info":"table: RUChannels, predObj: {\"UID1\":\"B0C4D6F8-8594-432C-93C2-56C7BC231148\",\"UID2\":\"B0C4D6F8-8594-432C-93C2-56C7BC231148\"}","level":"debug","message":"fetched records","socketID":"_y0lZF8L5SgnMMmHAAAB","timestamp":"2023-09-11 15:12:01.901","uID":"B0C4D6F8-8594-432C-93C2-56C7BC231148"}
{"func":"EF.sendUserDisconnect","info":"event: userDisconnect","level":"info","message":"emitted user disconnect events","socketID":"_y0lZF8L5SgnMMmHAAAB","timestamp":"2023-09-11 15:12:01.902","uID":"B0C4D6F8-8594-432C-93C2-56C7BC231148"}
{"event":"connection","level":"info","message":"","socketID":"rgFmWGp-eWvdH99DAAAC","timestamp":"2023-09-11 15:12:15.435"}
{"func":"DB.fetchRecords","info":"table: USERS, predObj: {\"uID\":\"B0C4D6F8-8594-432C-93C2-56C7BC231148\"}","level":"debug","message":"fetched records","socketID":"rgFmWGp-eWvdH99DAAAC","timestamp":"2023-09-11 15:12:15.438","uID":"B0C4D6F8-8594-432C-93C2-56C7BC231148"}
{"func":"auth.comparePassword","level":"debug","message":"authentication successful","socketID":"rgFmWGp-eWvdH99DAAAC","timestamp":"2023-09-11 15:12:15.510","uID":"B0C4D6F8-8594-432C-93C2-56C7BC231148"}
{"func":"auth.connectUser","level":"debug","message":"user connection successful","socketID":"rgFmWGp-eWvdH99DAAAC","timestamp":"2023-09-11 15:12:15.510","uID":"B0C4D6F8-8594-432C-93C2-56C7BC231148"}
{"event":"connectUser","level":"info","message":"connected user","socketID":"rgFmWGp-eWvdH99DAAAC","timestamp":"2023-09-11 15:12:15.511","uID":"B0C4D6F8-8594-432C-93C2-56C7BC231148"}
{"error":{"message":"(null params: queryUID)","name":"ReqParamsNull","stack":"    at checkParams (/Users/harshel/Documents/bluezebra-backend/src/utilities.js:265:15)\n    at EF.sendUserConnect (/Users/harshel/Documents/bluezebra-backend/src/ef.js:600:13)\n    at Socket.<anonymous> (/Users/harshel/Documents/bluezebra-backend/src/events.js:215:22)\n    at process.processTicksAndRejections (node:internal/process/task_queues:95:5)"},"func":"EF.sendUserConnect","info":"event: userConnect","level":"error","message":"failed to emit user connect events","socketID":"rgFmWGp-eWvdH99DAAAC","timestamp":"2023-09-11 15:12:15.511","uID":"B0C4D6F8-8594-432C-93C2-56C7BC231148"}
{"func":"DB.fetchRecords","info":"table: EVENTS, predObj: {\"recUID\":\"B0C4D6F8-8594-432C-93C2-56C7BC231148\"}","level":"debug","message":"fetched records","socketID":"rgFmWGp-eWvdH99DAAAC","timestamp":"2023-09-11 15:12:15.512","uID":"B0C4D6F8-8594-432C-93C2-56C7BC231148"}
{"func":"EF.emitEvent","info":"event: receivedPendingEvents","level":"debug","message":"emitted event","recSocketID":"rgFmWGp-eWvdH99DAAAC","recUID":"B0C4D6F8-8594-432C-93C2-56C7BC231148","socketID":"rgFmWGp-eWvdH99DAAAC","timestamp":"2023-09-11 15:12:15.512","uID":"B0C4D6F8-8594-432C-93C2-56C7BC231148"}
{"func":"EF.emitPendingEvents","info":"eventCount: 0","level":"info","message":"emitted pending events","recSocketID":"rgFmWGp-eWvdH99DAAAC","recUID":"B0C4D6F8-8594-432C-93C2-56C7BC231148","socketID":"rgFmWGp-eWvdH99DAAAC","timestamp":"2023-09-11 15:12:15.512","uID":"B0C4D6F8-8594-432C-93C2-56C7BC231148"}
{"func":"auth.disconnectUser","level":"debug","message":"user disconnection successful","socketID":"rgFmWGp-eWvdH99DAAAC","timestamp":"2023-09-11 15:12:33.232","uID":"B0C4D6F8-8594-432C-93C2-56C7BC231148"}
{"error":{"message":"val.slice is not a function","name":"TypeError","stack":"    at /Users/harshel/Documents/bluezebra-backend/src/db.js:332:18\n    at new Promise (<anonymous>)\n    at DB.updateRecords (/Users/harshel/Documents/bluezebra-backend/src/db.js:300:12)\n    at Socket.<anonymous> (/Users/harshel/Documents/bluezebra-backend/src/events.js:151:26)\n    at Socket.emit (node:events:513:28)"},"func":"DB.updateRecords","info":"table: USERS, predObj: {\"uID\":\"B0C4D6F8-8594-432C-93C2-56C7BC231148\"}, updateProp: lastOnline","level":"debug","message":"failed to update record","socketID":"rgFmWGp-eWvdH99DAAAC","timestamp":"2023-09-11 15:12:33.233","uID":"B0C4D6F8-8594-432C-93C2-56C7BC231148"}
{"event":"disconnect","info":"reason: client namespace disconnect","level":"info","message":"socket disconnect successfully","socketID":"rgFmWGp-eWvdH99DAAAC","timestamp":"2023-09-11 15:12:33.233","uID":"B0C4D6F8-8594-432C-93C2-56C7BC231148"}
{"func":"DB.fetchRecords","info":"table: RUChannels, predObj: {\"UID1\":\"B0C4D6F8-8594-432C-93C2-56C7BC231148\",\"UID2\":\"B0C4D6F8-8594-432C-93C2-56C7BC231148\"}","level":"debug","message":"fetched records","socketID":"rgFmWGp-eWvdH99DAAAC","timestamp":"2023-09-11 15:12:33.235","uID":"B0C4D6F8-8594-432C-93C2-56C7BC231148"}
{"func":"EF.sendUserDisconnect","info":"event: userDisconnect","level":"info","message":"emitted user disconnect events","socketID":"rgFmWGp-eWvdH99DAAAC","timestamp":"2023-09-11 15:12:33.237","uID":"B0C4D6F8-8594-432C-93C2-56C7BC231148"}
{"event":"connection","level":"info","message":"","socketID":"Hy6aVdJms_gwphPmAAAD","timestamp":"2023-09-11 15:12:35.351"}
{"func":"DB.fetchRecords","info":"table: USERS, predObj: {\"uID\":\"B0C4D6F8-8594-432C-93C2-56C7BC231148\"}","level":"debug","message":"fetched records","socketID":"Hy6aVdJms_gwphPmAAAD","timestamp":"2023-09-11 15:12:35.374","uID":"B0C4D6F8-8594-432C-93C2-56C7BC231148"}
{"func":"auth.comparePassword","level":"debug","message":"authentication successful","socketID":"Hy6aVdJms_gwphPmAAAD","timestamp":"2023-09-11 15:12:35.445","uID":"B0C4D6F8-8594-432C-93C2-56C7BC231148"}
{"func":"auth.connectUser","level":"debug","message":"user connection successful","socketID":"Hy6aVdJms_gwphPmAAAD","timestamp":"2023-09-11 15:12:35.446","uID":"B0C4D6F8-8594-432C-93C2-56C7BC231148"}
{"event":"connectUser","level":"info","message":"connected user","socketID":"Hy6aVdJms_gwphPmAAAD","timestamp":"2023-09-11 15:12:35.446","uID":"B0C4D6F8-8594-432C-93C2-56C7BC231148"}
{"error":{"message":"(null params: queryUID)","name":"ReqParamsNull","stack":"    at checkParams (/Users/harshel/Documents/bluezebra-backend/src/utilities.js:265:15)\n    at EF.sendUserConnect (/Users/harshel/Documents/bluezebra-backend/src/ef.js:600:13)\n    at Socket.<anonymous> (/Users/harshel/Documents/bluezebra-backend/src/events.js:215:22)\n    at process.processTicksAndRejections (node:internal/process/task_queues:95:5)"},"func":"EF.sendUserConnect","info":"event: userConnect","level":"error","message":"failed to emit user connect events","socketID":"Hy6aVdJms_gwphPmAAAD","timestamp":"2023-09-11 15:12:35.446","uID":"B0C4D6F8-8594-432C-93C2-56C7BC231148"}
{"func":"DB.fetchRecords","info":"table: EVENTS, predObj: {\"recUID\":\"B0C4D6F8-8594-432C-93C2-56C7BC231148\"}","level":"debug","message":"fetched records","socketID":"Hy6aVdJms_gwphPmAAAD","timestamp":"2023-09-11 15:12:35.447","uID":"B0C4D6F8-8594-432C-93C2-56C7BC231148"}
{"func":"EF.emitEvent","info":"event: receivedPendingEvents","level":"debug","message":"emitted event","recSocketID":"Hy6aVdJms_gwphPmAAAD","recUID":"B0C4D6F8-8594-432C-93C2-56C7BC231148","socketID":"Hy6aVdJms_gwphPmAAAD","timestamp":"2023-09-11 15:12:35.448","uID":"B0C4D6F8-8594-432C-93C2-56C7BC231148"}
{"func":"EF.emitPendingEvents","info":"eventCount: 0","level":"info","message":"emitted pending events","recSocketID":"Hy6aVdJms_gwphPmAAAD","recUID":"B0C4D6F8-8594-432C-93C2-56C7BC231148","socketID":"Hy6aVdJms_gwphPmAAAD","timestamp":"2023-09-11 15:12:35.448","uID":"B0C4D6F8-8594-432C-93C2-56C7BC231148"}
{"func":"auth.disconnectUser","level":"debug","message":"user disconnection successful","socketID":"Hy6aVdJms_gwphPmAAAD","timestamp":"2023-09-11 15:12:40.085","uID":"B0C4D6F8-8594-432C-93C2-56C7BC231148"}
{"error":{"message":"val.slice is not a function","name":"TypeError","stack":"    at /Users/harshel/Documents/bluezebra-backend/src/db.js:332:18\n    at new Promise (<anonymous>)\n    at DB.updateRecords (/Users/harshel/Documents/bluezebra-backend/src/db.js:300:12)\n    at Socket.<anonymous> (/Users/harshel/Documents/bluezebra-backend/src/events.js:151:26)\n    at Socket.emit (node:events:513:28)"},"func":"DB.updateRecords","info":"table: USERS, predObj: {\"uID\":\"B0C4D6F8-8594-432C-93C2-56C7BC231148\"}, updateProp: lastOnline","level":"debug","message":"failed to update record","socketID":"Hy6aVdJms_gwphPmAAAD","timestamp":"2023-09-11 15:12:40.087","uID":"B0C4D6F8-8594-432C-93C2-56C7BC231148"}
{"event":"disconnect","info":"reason: client namespace disconnect","level":"info","message":"socket disconnect successfully","socketID":"Hy6aVdJms_gwphPmAAAD","timestamp":"2023-09-11 15:12:40.088","uID":"B0C4D6F8-8594-432C-93C2-56C7BC231148"}
{"func":"DB.fetchRecords","info":"table: RUChannels, predObj: {\"UID1\":\"B0C4D6F8-8594-432C-93C2-56C7BC231148\",\"UID2\":\"B0C4D6F8-8594-432C-93C2-56C7BC231148\"}","level":"debug","message":"fetched records","socketID":"Hy6aVdJms_gwphPmAAAD","timestamp":"2023-09-11 15:12:40.091","uID":"B0C4D6F8-8594-432C-93C2-56C7BC231148"}
{"func":"EF.sendUserDisconnect","info":"event: userDisconnect","level":"info","message":"emitted user disconnect events","socketID":"Hy6aVdJms_gwphPmAAAD","timestamp":"2023-09-11 15:12:40.091","uID":"B0C4D6F8-8594-432C-93C2-56C7BC231148"}
{"event":"connection","level":"info","message":"","socketID":"NcjMV5aYzilV9nfJAAAE","timestamp":"2023-09-11 15:12:41.100"}
{"func":"DB.fetchRecords","info":"table: USERS, predObj: {\"uID\":\"B0C4D6F8-8594-432C-93C2-56C7BC231148\"}","level":"debug","message":"fetched records","socketID":"NcjMV5aYzilV9nfJAAAE","timestamp":"2023-09-11 15:12:41.110","uID":"B0C4D6F8-8594-432C-93C2-56C7BC231148"}
{"func":"auth.comparePassword","level":"debug","message":"authentication successful","socketID":"NcjMV5aYzilV9nfJAAAE","timestamp":"2023-09-11 15:12:41.181","uID":"B0C4D6F8-8594-432C-93C2-56C7BC231148"}
{"func":"auth.connectUser","level":"debug","message":"user connection successful","socketID":"NcjMV5aYzilV9nfJAAAE","timestamp":"2023-09-11 15:12:41.181","uID":"B0C4D6F8-8594-432C-93C2-56C7BC231148"}
{"event":"connectUser","level":"info","message":"connected user","socketID":"NcjMV5aYzilV9nfJAAAE","timestamp":"2023-09-11 15:12:41.182","uID":"B0C4D6F8-8594-432C-93C2-56C7BC231148"}
{"error":{"message":"(null params: queryUID)","name":"ReqParamsNull","stack":"    at checkParams (/Users/harshel/Documents/bluezebra-backend/src/utilities.js:265:15)\n    at EF.sendUserConnect (/Users/harshel/Documents/bluezebra-backend/src/ef.js:600:13)\n    at Socket.<anonymous> (/Users/harshel/Documents/bluezebra-backend/src/events.js:215:22)\n    at process.processTicksAndRejections (node:internal/process/task_queues:95:5)"},"func":"EF.sendUserConnect","info":"event: userConnect","level":"error","message":"failed to emit user connect events","socketID":"NcjMV5aYzilV9nfJAAAE","timestamp":"2023-09-11 15:12:41.182","uID":"B0C4D6F8-8594-432C-93C2-56C7BC231148"}
{"func":"DB.fetchRecords","info":"table: EVENTS, predObj: {\"recUID\":\"B0C4D6F8-8594-432C-93C2-56C7BC231148\"}","level":"debug","message":"fetched records","socketID":"NcjMV5aYzilV9nfJAAAE","timestamp":"2023-09-11 15:12:41.183","uID":"B0C4D6F8-8594-432C-93C2-56C7BC231148"}
{"func":"EF.emitEvent","info":"event: receivedPendingEvents","level":"debug","message":"emitted event","recSocketID":"NcjMV5aYzilV9nfJAAAE","recUID":"B0C4D6F8-8594-432C-93C2-56C7BC231148","socketID":"NcjMV5aYzilV9nfJAAAE","timestamp":"2023-09-11 15:12:41.184","uID":"B0C4D6F8-8594-432C-93C2-56C7BC231148"}
{"func":"EF.emitPendingEvents","info":"eventCount: 0","level":"info","message":"emitted pending events","recSocketID":"NcjMV5aYzilV9nfJAAAE","recUID":"B0C4D6F8-8594-432C-93C2-56C7BC231148","socketID":"NcjMV5aYzilV9nfJAAAE","timestamp":"2023-09-11 15:12:41.184","uID":"B0C4D6F8-8594-432C-93C2-56C7BC231148"}
{"func":"index.startup","level":"info","message":"starting server...","timestamp":"2023-09-11 15:37:22.938"}
{"func":"DB.connectDB","level":"info","message":"connected to MySQL DB","timestamp":"2023-09-11 15:37:22.946"}
{"func":"DB.createTable1","level":"info","message":"created 'users' table if not present","timestamp":"2023-09-11 15:37:22.948"}
{"func":"DB.createTable2","level":"info","message":"created 'CRs' table if not present","timestamp":"2023-09-11 15:37:22.949"}
{"func":"DB.createTable3","level":"info","message":"created 'RUChannels' table if not present","timestamp":"2023-09-11 15:37:22.950"}
{"func":"DB.createTable4","level":"info","message":"created 'events' table if not present","timestamp":"2023-09-11 15:37:22.951"}
{"func":"server.startServer","info":"host: localhost, port: 3000","level":"info","message":"started server","timestamp":"2023-09-11 15:37:22.996"}
{"func":"DB.fetchRecords","info":"table: USERS, predObj: {\"uID\":\"B0C4D6F8-8594-432C-93C2-56C7BC231148\"}","level":"debug","message":"fetched records","socketID":"SWJf2kZkrqWAxDikAAAB","timestamp":"2023-09-11 15:39:47.297"}
{"error":{"message":"Class constructor FuncErr cannot be invoked without 'new'","name":"TypeError","stack":"    at /Users/harshel/Documents/bluezebra-backend/src/auth.js:62:38\n    at process.processTicksAndRejections (node:internal/process/task_queues:77:11)"},"func":"auth.comparePassword","info":"uID: B0C4D6F8-8594-432C-93C2-56C7BC231148","level":"debug","message":"authentication failed","socketID":"SWJf2kZkrqWAxDikAAAB","timestamp":"2023-09-11 15:39:47.297"}
{"error":{"message":"Class constructor FuncErr cannot be invoked without 'new'","name":"TypeError","stack":"    at /Users/harshel/Documents/bluezebra-backend/src/auth.js:62:38\n    at process.processTicksAndRejections (node:internal/process/task_queues:77:11)"},"func":"auth.connectUser","info":"uID: B0C4D6F8-8594-432C-93C2-56C7BC231148","level":"debug","message":"user connection failed","socketID":"SWJf2kZkrqWAxDikAAAB","timestamp":"2023-09-11 15:39:47.298"}
{"error":{"message":"Class constructor FuncErr cannot be invoked without 'new'","name":"TypeError","stack":"    at /Users/harshel/Documents/bluezebra-backend/src/auth.js:62:38\n    at process.processTicksAndRejections (node:internal/process/task_queues:77:11)"},"level":"error","message":"user authentication failed","socketID":"SWJf2kZkrqWAxDikAAAB","timestamp":"2023-09-11 15:39:47.298"}
{"func":"DB.fetchRecords","info":"table: USERS, predObj: {\"uID\":\"B0C4D6F8-8594-432C-93C2-56C7BC231148\"}","level":"debug","message":"fetched records","socketID":"SxvgVMzK4f8XujI5AAAD","timestamp":"2023-09-11 15:40:32.313"}
{"error":{"message":"Class constructor FuncErr cannot be invoked without 'new'","name":"TypeError","stack":"    at /Users/harshel/Documents/bluezebra-backend/src/auth.js:62:38\n    at process.processTicksAndRejections (node:internal/process/task_queues:77:11)"},"func":"auth.comparePassword","info":"uID: B0C4D6F8-8594-432C-93C2-56C7BC231148","level":"debug","message":"authentication failed","socketID":"SxvgVMzK4f8XujI5AAAD","timestamp":"2023-09-11 15:40:32.314"}
{"error":{"message":"Class constructor FuncErr cannot be invoked without 'new'","name":"TypeError","stack":"    at /Users/harshel/Documents/bluezebra-backend/src/auth.js:62:38\n    at process.processTicksAndRejections (node:internal/process/task_queues:77:11)"},"func":"auth.connectUser","info":"uID: B0C4D6F8-8594-432C-93C2-56C7BC231148","level":"debug","message":"user connection failed","socketID":"SxvgVMzK4f8XujI5AAAD","timestamp":"2023-09-11 15:40:32.314"}
{"error":{"message":"Class constructor FuncErr cannot be invoked without 'new'","name":"TypeError","stack":"    at /Users/harshel/Documents/bluezebra-backend/src/auth.js:62:38\n    at process.processTicksAndRejections (node:internal/process/task_queues:77:11)"},"level":"error","message":"user authentication failed","socketID":"SxvgVMzK4f8XujI5AAAD","timestamp":"2023-09-11 15:40:32.314"}
{"func":"DB.fetchRecords","info":"table: USERS, predObj: {\"uID\":\"B0C4D6F8-8594-432C-93C2-56C7BC231148\"}","level":"debug","message":"fetched records","socketID":"xT5bJpGcw_hvJx-BAAAF","timestamp":"2023-09-11 15:41:17.329"}
{"error":{"message":"Class constructor FuncErr cannot be invoked without 'new'","name":"TypeError","stack":"    at /Users/harshel/Documents/bluezebra-backend/src/auth.js:62:38\n    at process.processTicksAndRejections (node:internal/process/task_queues:77:11)"},"func":"auth.comparePassword","info":"uID: B0C4D6F8-8594-432C-93C2-56C7BC231148","level":"debug","message":"authentication failed","socketID":"xT5bJpGcw_hvJx-BAAAF","timestamp":"2023-09-11 15:41:17.329"}
{"error":{"message":"Class constructor FuncErr cannot be invoked without 'new'","name":"TypeError","stack":"    at /Users/harshel/Documents/bluezebra-backend/src/auth.js:62:38\n    at process.processTicksAndRejections (node:internal/process/task_queues:77:11)"},"func":"auth.connectUser","info":"uID: B0C4D6F8-8594-432C-93C2-56C7BC231148","level":"debug","message":"user connection failed","socketID":"xT5bJpGcw_hvJx-BAAAF","timestamp":"2023-09-11 15:41:17.330"}
{"error":{"message":"Class constructor FuncErr cannot be invoked without 'new'","name":"TypeError","stack":"    at /Users/harshel/Documents/bluezebra-backend/src/auth.js:62:38\n    at process.processTicksAndRejections (node:internal/process/task_queues:77:11)"},"level":"error","message":"user authentication failed","socketID":"xT5bJpGcw_hvJx-BAAAF","timestamp":"2023-09-11 15:41:17.330"}
{"func":"DB.fetchRecords","info":"table: USERS, predObj: {\"uID\":\"B0C4D6F8-8594-432C-93C2-56C7BC231148\"}","level":"debug","message":"fetched records","socketID":"GJ-JfpwHuQkPmg4FAAAH","timestamp":"2023-09-11 15:42:02.344"}
{"error":{"message":"Class constructor FuncErr cannot be invoked without 'new'","name":"TypeError","stack":"    at /Users/harshel/Documents/bluezebra-backend/src/auth.js:62:38\n    at process.processTicksAndRejections (node:internal/process/task_queues:77:11)"},"func":"auth.comparePassword","info":"uID: B0C4D6F8-8594-432C-93C2-56C7BC231148","level":"debug","message":"authentication failed","socketID":"GJ-JfpwHuQkPmg4FAAAH","timestamp":"2023-09-11 15:42:02.345"}
{"error":{"message":"Class constructor FuncErr cannot be invoked without 'new'","name":"TypeError","stack":"    at /Users/harshel/Documents/bluezebra-backend/src/auth.js:62:38\n    at process.processTicksAndRejections (node:internal/process/task_queues:77:11)"},"func":"auth.connectUser","info":"uID: B0C4D6F8-8594-432C-93C2-56C7BC231148","level":"debug","message":"user connection failed","socketID":"GJ-JfpwHuQkPmg4FAAAH","timestamp":"2023-09-11 15:42:02.345"}
{"error":{"message":"Class constructor FuncErr cannot be invoked without 'new'","name":"TypeError","stack":"    at /Users/harshel/Documents/bluezebra-backend/src/auth.js:62:38\n    at process.processTicksAndRejections (node:internal/process/task_queues:77:11)"},"level":"error","message":"user authentication failed","socketID":"GJ-JfpwHuQkPmg4FAAAH","timestamp":"2023-09-11 15:42:02.345"}
{"func":"DB.fetchRecords","info":"table: USERS, predObj: {\"uID\":\"B0C4D6F8-8594-432C-93C2-56C7BC231148\"}","level":"debug","message":"fetched records","socketID":"6VCp0VZoF_IrY5bXAAAJ","timestamp":"2023-09-11 15:42:47.369"}
{"error":{"message":"Class constructor FuncErr cannot be invoked without 'new'","name":"TypeError","stack":"    at /Users/harshel/Documents/bluezebra-backend/src/auth.js:62:38\n    at process.processTicksAndRejections (node:internal/process/task_queues:77:11)"},"func":"auth.comparePassword","info":"uID: B0C4D6F8-8594-432C-93C2-56C7BC231148","level":"debug","message":"authentication failed","socketID":"6VCp0VZoF_IrY5bXAAAJ","timestamp":"2023-09-11 15:42:47.369"}
{"error":{"message":"Class constructor FuncErr cannot be invoked without 'new'","name":"TypeError","stack":"    at /Users/harshel/Documents/bluezebra-backend/src/auth.js:62:38\n    at process.processTicksAndRejections (node:internal/process/task_queues:77:11)"},"func":"auth.connectUser","info":"uID: B0C4D6F8-8594-432C-93C2-56C7BC231148","level":"debug","message":"user connection failed","socketID":"6VCp0VZoF_IrY5bXAAAJ","timestamp":"2023-09-11 15:42:47.370"}
{"error":{"message":"Class constructor FuncErr cannot be invoked without 'new'","name":"TypeError","stack":"    at /Users/harshel/Documents/bluezebra-backend/src/auth.js:62:38\n    at process.processTicksAndRejections (node:internal/process/task_queues:77:11)"},"level":"error","message":"user authentication failed","socketID":"6VCp0VZoF_IrY5bXAAAJ","timestamp":"2023-09-11 15:42:47.370"}
{"func":"DB.fetchRecords","info":"table: USERS, predObj: {\"uID\":\"B0C4D6F8-8594-432C-93C2-56C7BC231148\"}","level":"debug","message":"fetched records","socketID":"ir5ZH5pZHBsIWxMaAAAL","timestamp":"2023-09-11 15:43:32.390"}
{"error":{"message":"Class constructor FuncErr cannot be invoked without 'new'","name":"TypeError","stack":"    at /Users/harshel/Documents/bluezebra-backend/src/auth.js:62:38\n    at process.processTicksAndRejections (node:internal/process/task_queues:77:11)"},"func":"auth.comparePassword","info":"uID: B0C4D6F8-8594-432C-93C2-56C7BC231148","level":"debug","message":"authentication failed","socketID":"ir5ZH5pZHBsIWxMaAAAL","timestamp":"2023-09-11 15:43:32.390"}
{"error":{"message":"Class constructor FuncErr cannot be invoked without 'new'","name":"TypeError","stack":"    at /Users/harshel/Documents/bluezebra-backend/src/auth.js:62:38\n    at process.processTicksAndRejections (node:internal/process/task_queues:77:11)"},"func":"auth.connectUser","info":"uID: B0C4D6F8-8594-432C-93C2-56C7BC231148","level":"debug","message":"user connection failed","socketID":"ir5ZH5pZHBsIWxMaAAAL","timestamp":"2023-09-11 15:43:32.391"}
{"error":{"message":"Class constructor FuncErr cannot be invoked without 'new'","name":"TypeError","stack":"    at /Users/harshel/Documents/bluezebra-backend/src/auth.js:62:38\n    at process.processTicksAndRejections (node:internal/process/task_queues:77:11)"},"level":"error","message":"user authentication failed","socketID":"ir5ZH5pZHBsIWxMaAAAL","timestamp":"2023-09-11 15:43:32.391"}
{"func":"DB.fetchRecords","info":"table: USERS, predObj: {\"uID\":\"B0C4D6F8-8594-432C-93C2-56C7BC231148\"}","level":"debug","message":"fetched records","socketID":"llQW0eYXqmD7SqE5AAAN","timestamp":"2023-09-11 15:44:17.408"}
{"error":{"message":"Class constructor FuncErr cannot be invoked without 'new'","name":"TypeError","stack":"    at /Users/harshel/Documents/bluezebra-backend/src/auth.js:62:38\n    at process.processTicksAndRejections (node:internal/process/task_queues:77:11)"},"func":"auth.comparePassword","info":"uID: B0C4D6F8-8594-432C-93C2-56C7BC231148","level":"debug","message":"authentication failed","socketID":"llQW0eYXqmD7SqE5AAAN","timestamp":"2023-09-11 15:44:17.409"}
{"error":{"message":"Class constructor FuncErr cannot be invoked without 'new'","name":"TypeError","stack":"    at /Users/harshel/Documents/bluezebra-backend/src/auth.js:62:38\n    at process.processTicksAndRejections (node:internal/process/task_queues:77:11)"},"func":"auth.connectUser","info":"uID: B0C4D6F8-8594-432C-93C2-56C7BC231148","level":"debug","message":"user connection failed","socketID":"llQW0eYXqmD7SqE5AAAN","timestamp":"2023-09-11 15:44:17.409"}
{"error":{"message":"Class constructor FuncErr cannot be invoked without 'new'","name":"TypeError","stack":"    at /Users/harshel/Documents/bluezebra-backend/src/auth.js:62:38\n    at process.processTicksAndRejections (node:internal/process/task_queues:77:11)"},"level":"error","message":"user authentication failed","socketID":"llQW0eYXqmD7SqE5AAAN","timestamp":"2023-09-11 15:44:17.409"}
{"func":"DB.fetchRecords","info":"table: USERS, predObj: {\"uID\":\"B0C4D6F8-8594-432C-93C2-56C7BC231148\"}","level":"debug","message":"fetched records","socketID":"NBJs8HzHGkUYzZzaAAAP","timestamp":"2023-09-11 15:45:02.421"}
{"error":{"message":"Class constructor FuncErr cannot be invoked without 'new'","name":"TypeError","stack":"    at /Users/harshel/Documents/bluezebra-backend/src/auth.js:62:38\n    at process.processTicksAndRejections (node:internal/process/task_queues:77:11)"},"func":"auth.comparePassword","info":"uID: B0C4D6F8-8594-432C-93C2-56C7BC231148","level":"debug","message":"authentication failed","socketID":"NBJs8HzHGkUYzZzaAAAP","timestamp":"2023-09-11 15:45:02.422"}
{"error":{"message":"Class constructor FuncErr cannot be invoked without 'new'","name":"TypeError","stack":"    at /Users/harshel/Documents/bluezebra-backend/src/auth.js:62:38\n    at process.processTicksAndRejections (node:internal/process/task_queues:77:11)"},"func":"auth.connectUser","info":"uID: B0C4D6F8-8594-432C-93C2-56C7BC231148","level":"debug","message":"user connection failed","socketID":"NBJs8HzHGkUYzZzaAAAP","timestamp":"2023-09-11 15:45:02.422"}
{"error":{"message":"Class constructor FuncErr cannot be invoked without 'new'","name":"TypeError","stack":"    at /Users/harshel/Documents/bluezebra-backend/src/auth.js:62:38\n    at process.processTicksAndRejections (node:internal/process/task_queues:77:11)"},"level":"error","message":"user authentication failed","socketID":"NBJs8HzHGkUYzZzaAAAP","timestamp":"2023-09-11 15:45:02.422"}
{"func":"DB.fetchRecords","info":"table: USERS, predObj: {\"uID\":\"B0C4D6F8-8594-432C-93C2-56C7BC231148\"}","level":"debug","message":"fetched records","socketID":"3DrDP9q1vb3Y0fBoAAAR","timestamp":"2023-09-11 15:45:47.438"}
{"error":{"message":"Class constructor FuncErr cannot be invoked without 'new'","name":"TypeError","stack":"    at /Users/harshel/Documents/bluezebra-backend/src/auth.js:62:38\n    at process.processTicksAndRejections (node:internal/process/task_queues:77:11)"},"func":"auth.comparePassword","info":"uID: B0C4D6F8-8594-432C-93C2-56C7BC231148","level":"debug","message":"authentication failed","socketID":"3DrDP9q1vb3Y0fBoAAAR","timestamp":"2023-09-11 15:45:47.438"}
{"error":{"message":"Class constructor FuncErr cannot be invoked without 'new'","name":"TypeError","stack":"    at /Users/harshel/Documents/bluezebra-backend/src/auth.js:62:38\n    at process.processTicksAndRejections (node:internal/process/task_queues:77:11)"},"func":"auth.connectUser","info":"uID: B0C4D6F8-8594-432C-93C2-56C7BC231148","level":"debug","message":"user connection failed","socketID":"3DrDP9q1vb3Y0fBoAAAR","timestamp":"2023-09-11 15:45:47.438"}
{"error":{"message":"Class constructor FuncErr cannot be invoked without 'new'","name":"TypeError","stack":"    at /Users/harshel/Documents/bluezebra-backend/src/auth.js:62:38\n    at process.processTicksAndRejections (node:internal/process/task_queues:77:11)"},"level":"error","message":"user authentication failed","socketID":"3DrDP9q1vb3Y0fBoAAAR","timestamp":"2023-09-11 15:45:47.438"}
{"func":"DB.fetchRecords","info":"table: USERS, predObj: {\"uID\":\"B0C4D6F8-8594-432C-93C2-56C7BC231148\"}","level":"debug","message":"fetched records","socketID":"L5U9NxHGkKWlvMq1AAAT","timestamp":"2023-09-11 15:46:32.453"}
{"error":{"message":"Class constructor FuncErr cannot be invoked without 'new'","name":"TypeError","stack":"    at /Users/harshel/Documents/bluezebra-backend/src/auth.js:62:38\n    at process.processTicksAndRejections (node:internal/process/task_queues:77:11)"},"func":"auth.comparePassword","info":"uID: B0C4D6F8-8594-432C-93C2-56C7BC231148","level":"debug","message":"authentication failed","socketID":"L5U9NxHGkKWlvMq1AAAT","timestamp":"2023-09-11 15:46:32.454"}
{"error":{"message":"Class constructor FuncErr cannot be invoked without 'new'","name":"TypeError","stack":"    at /Users/harshel/Documents/bluezebra-backend/src/auth.js:62:38\n    at process.processTicksAndRejections (node:internal/process/task_queues:77:11)"},"func":"auth.connectUser","info":"uID: B0C4D6F8-8594-432C-93C2-56C7BC231148","level":"debug","message":"user connection failed","socketID":"L5U9NxHGkKWlvMq1AAAT","timestamp":"2023-09-11 15:46:32.454"}
{"error":{"message":"Class constructor FuncErr cannot be invoked without 'new'","name":"TypeError","stack":"    at /Users/harshel/Documents/bluezebra-backend/src/auth.js:62:38\n    at process.processTicksAndRejections (node:internal/process/task_queues:77:11)"},"level":"error","message":"user authentication failed","socketID":"L5U9NxHGkKWlvMq1AAAT","timestamp":"2023-09-11 15:46:32.455"}
{"func":"DB.fetchRecords","info":"table: USERS, predObj: {\"uID\":\"B0C4D6F8-8594-432C-93C2-56C7BC231148\"}","level":"debug","message":"fetched records","socketID":"USMaWhcRYM_Ubij6AAAV","timestamp":"2023-09-11 15:47:17.464"}
{"error":{"message":"Class constructor FuncErr cannot be invoked without 'new'","name":"TypeError","stack":"    at /Users/harshel/Documents/bluezebra-backend/src/auth.js:62:38\n    at process.processTicksAndRejections (node:internal/process/task_queues:77:11)"},"func":"auth.comparePassword","info":"uID: B0C4D6F8-8594-432C-93C2-56C7BC231148","level":"debug","message":"authentication failed","socketID":"USMaWhcRYM_Ubij6AAAV","timestamp":"2023-09-11 15:47:17.465"}
{"error":{"message":"Class constructor FuncErr cannot be invoked without 'new'","name":"TypeError","stack":"    at /Users/harshel/Documents/bluezebra-backend/src/auth.js:62:38\n    at process.processTicksAndRejections (node:internal/process/task_queues:77:11)"},"func":"auth.connectUser","info":"uID: B0C4D6F8-8594-432C-93C2-56C7BC231148","level":"debug","message":"user connection failed","socketID":"USMaWhcRYM_Ubij6AAAV","timestamp":"2023-09-11 15:47:17.465"}
{"error":{"message":"Class constructor FuncErr cannot be invoked without 'new'","name":"TypeError","stack":"    at /Users/harshel/Documents/bluezebra-backend/src/auth.js:62:38\n    at process.processTicksAndRejections (node:internal/process/task_queues:77:11)"},"level":"error","message":"user authentication failed","socketID":"USMaWhcRYM_Ubij6AAAV","timestamp":"2023-09-11 15:47:17.465"}
{"func":"DB.fetchRecords","info":"table: USERS, predObj: {\"uID\":\"B0C4D6F8-8594-432C-93C2-56C7BC231148\"}","level":"debug","message":"fetched records","socketID":"0-MVwa0SW1oHeBq7AAAX","timestamp":"2023-09-11 15:48:02.483"}
{"error":{"message":"Class constructor FuncErr cannot be invoked without 'new'","name":"TypeError","stack":"    at /Users/harshel/Documents/bluezebra-backend/src/auth.js:62:38\n    at process.processTicksAndRejections (node:internal/process/task_queues:77:11)"},"func":"auth.comparePassword","info":"uID: B0C4D6F8-8594-432C-93C2-56C7BC231148","level":"debug","message":"authentication failed","socketID":"0-MVwa0SW1oHeBq7AAAX","timestamp":"2023-09-11 15:48:02.483"}
{"error":{"message":"Class constructor FuncErr cannot be invoked without 'new'","name":"TypeError","stack":"    at /Users/harshel/Documents/bluezebra-backend/src/auth.js:62:38\n    at process.processTicksAndRejections (node:internal/process/task_queues:77:11)"},"func":"auth.connectUser","info":"uID: B0C4D6F8-8594-432C-93C2-56C7BC231148","level":"debug","message":"user connection failed","socketID":"0-MVwa0SW1oHeBq7AAAX","timestamp":"2023-09-11 15:48:02.483"}
{"error":{"message":"Class constructor FuncErr cannot be invoked without 'new'","name":"TypeError","stack":"    at /Users/harshel/Documents/bluezebra-backend/src/auth.js:62:38\n    at process.processTicksAndRejections (node:internal/process/task_queues:77:11)"},"level":"error","message":"user authentication failed","socketID":"0-MVwa0SW1oHeBq7AAAX","timestamp":"2023-09-11 15:48:02.483"}
{"func":"DB.fetchRecords","info":"table: USERS, predObj: {\"uID\":\"B0C4D6F8-8594-432C-93C2-56C7BC231148\"}","level":"debug","message":"fetched records","socketID":"V4q4F8SDpWhwZkLcAAAZ","timestamp":"2023-09-11 15:48:47.496"}
{"error":{"message":"Class constructor FuncErr cannot be invoked without 'new'","name":"TypeError","stack":"    at /Users/harshel/Documents/bluezebra-backend/src/auth.js:62:38\n    at process.processTicksAndRejections (node:internal/process/task_queues:77:11)"},"func":"auth.comparePassword","info":"uID: B0C4D6F8-8594-432C-93C2-56C7BC231148","level":"debug","message":"authentication failed","socketID":"V4q4F8SDpWhwZkLcAAAZ","timestamp":"2023-09-11 15:48:47.496"}
{"error":{"message":"Class constructor FuncErr cannot be invoked without 'new'","name":"TypeError","stack":"    at /Users/harshel/Documents/bluezebra-backend/src/auth.js:62:38\n    at process.processTicksAndRejections (node:internal/process/task_queues:77:11)"},"func":"auth.connectUser","info":"uID: B0C4D6F8-8594-432C-93C2-56C7BC231148","level":"debug","message":"user connection failed","socketID":"V4q4F8SDpWhwZkLcAAAZ","timestamp":"2023-09-11 15:48:47.496"}
{"error":{"message":"Class constructor FuncErr cannot be invoked without 'new'","name":"TypeError","stack":"    at /Users/harshel/Documents/bluezebra-backend/src/auth.js:62:38\n    at process.processTicksAndRejections (node:internal/process/task_queues:77:11)"},"level":"error","message":"user authentication failed","socketID":"V4q4F8SDpWhwZkLcAAAZ","timestamp":"2023-09-11 15:48:47.496"}
{"func":"DB.fetchRecords","info":"table: USERS, predObj: {\"uID\":\"B0C4D6F8-8594-432C-93C2-56C7BC231148\"}","level":"debug","message":"fetched records","socketID":"Za3ZvPIK_BKBNdEWAAAb","timestamp":"2023-09-11 15:49:32.504"}
{"error":{"message":"Class constructor FuncErr cannot be invoked without 'new'","name":"TypeError","stack":"    at /Users/harshel/Documents/bluezebra-backend/src/auth.js:62:38\n    at process.processTicksAndRejections (node:internal/process/task_queues:77:11)"},"func":"auth.comparePassword","info":"uID: B0C4D6F8-8594-432C-93C2-56C7BC231148","level":"debug","message":"authentication failed","socketID":"Za3ZvPIK_BKBNdEWAAAb","timestamp":"2023-09-11 15:49:32.504"}
{"error":{"message":"Class constructor FuncErr cannot be invoked without 'new'","name":"TypeError","stack":"    at /Users/harshel/Documents/bluezebra-backend/src/auth.js:62:38\n    at process.processTicksAndRejections (node:internal/process/task_queues:77:11)"},"func":"auth.connectUser","info":"uID: B0C4D6F8-8594-432C-93C2-56C7BC231148","level":"debug","message":"user connection failed","socketID":"Za3ZvPIK_BKBNdEWAAAb","timestamp":"2023-09-11 15:49:32.504"}
{"error":{"message":"Class constructor FuncErr cannot be invoked without 'new'","name":"TypeError","stack":"    at /Users/harshel/Documents/bluezebra-backend/src/auth.js:62:38\n    at process.processTicksAndRejections (node:internal/process/task_queues:77:11)"},"level":"error","message":"user authentication failed","socketID":"Za3ZvPIK_BKBNdEWAAAb","timestamp":"2023-09-11 15:49:32.504"}
{"func":"DB.fetchRecords","info":"table: USERS, predObj: {\"uID\":\"B0C4D6F8-8594-432C-93C2-56C7BC231148\"}","level":"debug","message":"fetched records","socketID":"5oXd_QXgDgcZtd7nAAAd","timestamp":"2023-09-11 15:50:17.525"}
{"error":{"message":"Class constructor FuncErr cannot be invoked without 'new'","name":"TypeError","stack":"    at /Users/harshel/Documents/bluezebra-backend/src/auth.js:62:38\n    at process.processTicksAndRejections (node:internal/process/task_queues:77:11)"},"func":"auth.comparePassword","info":"uID: B0C4D6F8-8594-432C-93C2-56C7BC231148","level":"debug","message":"authentication failed","socketID":"5oXd_QXgDgcZtd7nAAAd","timestamp":"2023-09-11 15:50:17.526"}
{"error":{"message":"Class constructor FuncErr cannot be invoked without 'new'","name":"TypeError","stack":"    at /Users/harshel/Documents/bluezebra-backend/src/auth.js:62:38\n    at process.processTicksAndRejections (node:internal/process/task_queues:77:11)"},"func":"auth.connectUser","info":"uID: B0C4D6F8-8594-432C-93C2-56C7BC231148","level":"debug","message":"user connection failed","socketID":"5oXd_QXgDgcZtd7nAAAd","timestamp":"2023-09-11 15:50:17.526"}
{"error":{"message":"Class constructor FuncErr cannot be invoked without 'new'","name":"TypeError","stack":"    at /Users/harshel/Documents/bluezebra-backend/src/auth.js:62:38\n    at process.processTicksAndRejections (node:internal/process/task_queues:77:11)"},"level":"error","message":"user authentication failed","socketID":"5oXd_QXgDgcZtd7nAAAd","timestamp":"2023-09-11 15:50:17.526"}
{"func":"DB.fetchRecords","info":"table: USERS, predObj: {\"uID\":\"B0C4D6F8-8594-432C-93C2-56C7BC231148\"}","level":"debug","message":"fetched records","socketID":"yMKxcJYDZgT5YVjIAAAf","timestamp":"2023-09-11 15:51:02.529"}
{"error":{"message":"Class constructor FuncErr cannot be invoked without 'new'","name":"TypeError","stack":"    at /Users/harshel/Documents/bluezebra-backend/src/auth.js:62:38\n    at process.processTicksAndRejections (node:internal/process/task_queues:77:11)"},"func":"auth.comparePassword","info":"uID: B0C4D6F8-8594-432C-93C2-56C7BC231148","level":"debug","message":"authentication failed","socketID":"yMKxcJYDZgT5YVjIAAAf","timestamp":"2023-09-11 15:51:02.530"}
{"error":{"message":"Class constructor FuncErr cannot be invoked without 'new'","name":"TypeError","stack":"    at /Users/harshel/Documents/bluezebra-backend/src/auth.js:62:38\n    at process.processTicksAndRejections (node:internal/process/task_queues:77:11)"},"func":"auth.connectUser","info":"uID: B0C4D6F8-8594-432C-93C2-56C7BC231148","level":"debug","message":"user connection failed","socketID":"yMKxcJYDZgT5YVjIAAAf","timestamp":"2023-09-11 15:51:02.530"}
{"error":{"message":"Class constructor FuncErr cannot be invoked without 'new'","name":"TypeError","stack":"    at /Users/harshel/Documents/bluezebra-backend/src/auth.js:62:38\n    at process.processTicksAndRejections (node:internal/process/task_queues:77:11)"},"level":"error","message":"user authentication failed","socketID":"yMKxcJYDZgT5YVjIAAAf","timestamp":"2023-09-11 15:51:02.530"}
{"func":"DB.fetchRecords","info":"table: USERS, predObj: {\"uID\":\"B0C4D6F8-8594-432C-93C2-56C7BC231148\"}","level":"debug","message":"fetched records","socketID":"VXCqkK7hsv_89u0IAAAh","timestamp":"2023-09-11 15:51:47.536"}
{"error":{"message":"Class constructor FuncErr cannot be invoked without 'new'","name":"TypeError","stack":"    at /Users/harshel/Documents/bluezebra-backend/src/auth.js:62:38\n    at process.processTicksAndRejections (node:internal/process/task_queues:77:11)"},"func":"auth.comparePassword","info":"uID: B0C4D6F8-8594-432C-93C2-56C7BC231148","level":"debug","message":"authentication failed","socketID":"VXCqkK7hsv_89u0IAAAh","timestamp":"2023-09-11 15:51:47.537"}
{"error":{"message":"Class constructor FuncErr cannot be invoked without 'new'","name":"TypeError","stack":"    at /Users/harshel/Documents/bluezebra-backend/src/auth.js:62:38\n    at process.processTicksAndRejections (node:internal/process/task_queues:77:11)"},"func":"auth.connectUser","info":"uID: B0C4D6F8-8594-432C-93C2-56C7BC231148","level":"debug","message":"user connection failed","socketID":"VXCqkK7hsv_89u0IAAAh","timestamp":"2023-09-11 15:51:47.537"}
{"error":{"message":"Class constructor FuncErr cannot be invoked without 'new'","name":"TypeError","stack":"    at /Users/harshel/Documents/bluezebra-backend/src/auth.js:62:38\n    at process.processTicksAndRejections (node:internal/process/task_queues:77:11)"},"level":"error","message":"user authentication failed","socketID":"VXCqkK7hsv_89u0IAAAh","timestamp":"2023-09-11 15:51:47.537"}
{"func":"index.startup","level":"info","message":"starting server...","timestamp":"2023-09-11 15:52:15.435"}
{"func":"DB.connectDB","level":"info","message":"connected to MySQL DB","timestamp":"2023-09-11 15:52:15.442"}
{"func":"DB.createTable1","level":"info","message":"created 'users' table if not present","timestamp":"2023-09-11 15:52:15.445"}
{"func":"DB.createTable2","level":"info","message":"created 'CRs' table if not present","timestamp":"2023-09-11 15:52:15.446"}
{"func":"DB.createTable3","level":"info","message":"created 'RUChannels' table if not present","timestamp":"2023-09-11 15:52:15.447"}
{"func":"DB.createTable4","level":"info","message":"created 'events' table if not present","timestamp":"2023-09-11 15:52:15.448"}
{"func":"server.startServer","info":"host: localhost, port: 3000","level":"info","message":"started server","timestamp":"2023-09-11 15:52:15.494"}
{"func":"DB.fetchRecords","info":"table: USERS, predObj: {\"uID\":\"B0C4D6F8-8594-432C-93C2-56C7BC231148\"}","level":"debug","message":"fetched records","socketID":"e14AVRxKzyCRoMkgAAAB","timestamp":"2023-09-11 15:52:21.862"}
{"error":{"message":"(data and hash must be strings)","name":"FuncErr","stack":"    at /Users/harshel/Documents/bluezebra-backend/src/auth.js:62:31\n    at process.processTicksAndRejections (node:internal/process/task_queues:77:11)"},"func":"auth.comparePassword","info":"uID: B0C4D6F8-8594-432C-93C2-56C7BC231148","level":"debug","message":"authentication failed","socketID":"e14AVRxKzyCRoMkgAAAB","timestamp":"2023-09-11 15:52:21.862"}
{"error":{"message":"(data and hash must be strings)","name":"FuncErr","stack":"    at /Users/harshel/Documents/bluezebra-backend/src/auth.js:62:31\n    at process.processTicksAndRejections (node:internal/process/task_queues:77:11)"},"func":"auth.connectUser","info":"uID: B0C4D6F8-8594-432C-93C2-56C7BC231148","level":"debug","message":"user connection failed","socketID":"e14AVRxKzyCRoMkgAAAB","timestamp":"2023-09-11 15:52:21.863"}
{"error":{"message":"(data and hash must be strings)","name":"FuncErr","stack":"    at /Users/harshel/Documents/bluezebra-backend/src/auth.js:62:31\n    at process.processTicksAndRejections (node:internal/process/task_queues:77:11)"},"level":"error","message":"user authentication failed","socketID":"e14AVRxKzyCRoMkgAAAB","timestamp":"2023-09-11 15:52:21.863"}
{"func":"DB.fetchRecords","info":"table: USERS, predObj: {\"uID\":\"B0C4D6F8-8594-432C-93C2-56C7BC231148\"}","level":"debug","message":"fetched records","socketID":"oWsIHCvJsyZmlRxtAAAD","timestamp":"2023-09-11 15:53:06.872"}
{"error":{"message":"(data and hash must be strings)","name":"FuncErr","stack":"    at /Users/harshel/Documents/bluezebra-backend/src/auth.js:62:31\n    at process.processTicksAndRejections (node:internal/process/task_queues:77:11)"},"func":"auth.comparePassword","info":"uID: B0C4D6F8-8594-432C-93C2-56C7BC231148","level":"debug","message":"authentication failed","socketID":"oWsIHCvJsyZmlRxtAAAD","timestamp":"2023-09-11 15:53:06.872"}
{"error":{"message":"(data and hash must be strings)","name":"FuncErr","stack":"    at /Users/harshel/Documents/bluezebra-backend/src/auth.js:62:31\n    at process.processTicksAndRejections (node:internal/process/task_queues:77:11)"},"func":"auth.connectUser","info":"uID: B0C4D6F8-8594-432C-93C2-56C7BC231148","level":"debug","message":"user connection failed","socketID":"oWsIHCvJsyZmlRxtAAAD","timestamp":"2023-09-11 15:53:06.873"}
{"error":{"message":"(data and hash must be strings)","name":"FuncErr","stack":"    at /Users/harshel/Documents/bluezebra-backend/src/auth.js:62:31\n    at process.processTicksAndRejections (node:internal/process/task_queues:77:11)"},"level":"error","message":"user authentication failed","socketID":"oWsIHCvJsyZmlRxtAAAD","timestamp":"2023-09-11 15:53:06.873"}
{"func":"index.startup","level":"info","message":"starting server...","timestamp":"2023-09-11 15:53:36.115"}
{"func":"DB.connectDB","level":"info","message":"connected to MySQL DB","timestamp":"2023-09-11 15:53:36.120"}
{"func":"DB.createTable1","level":"info","message":"created 'users' table if not present","timestamp":"2023-09-11 15:53:36.123"}
{"func":"DB.createTable2","level":"info","message":"created 'CRs' table if not present","timestamp":"2023-09-11 15:53:36.124"}
{"func":"DB.createTable3","level":"info","message":"created 'RUChannels' table if not present","timestamp":"2023-09-11 15:53:36.124"}
{"func":"DB.createTable4","level":"info","message":"created 'events' table if not present","timestamp":"2023-09-11 15:53:36.125"}
{"func":"server.startServer","info":"host: localhost, port: 3000","level":"info","message":"started server","timestamp":"2023-09-11 15:53:36.169"}
{"func":"DB.fetchRecords","info":"table: USERS, predObj: {\"uID\":\"B0C4D6F8-8594-432C-93C2-56C7BC231148\"}","level":"debug","message":"fetched records","socketID":"ezMleKGda6uRd5JQAAAB","timestamp":"2023-09-11 15:53:39.815"}
{"error":{"message":"(passwords don't match)","name":"AuthErr","stack":"    at /Users/harshel/Documents/bluezebra-backend/src/auth.js:68:35"},"func":"auth.comparePassword","info":"uID: B0C4D6F8-8594-432C-93C2-56C7BC231148","level":"debug","message":"authentication failed","socketID":"ezMleKGda6uRd5JQAAAB","timestamp":"2023-09-11 15:53:39.871"}
{"error":{"message":"(passwords don't match)","name":"AuthErr","stack":"    at /Users/harshel/Documents/bluezebra-backend/src/auth.js:68:35"},"func":"auth.connectUser","info":"uID: B0C4D6F8-8594-432C-93C2-56C7BC231148","level":"debug","message":"user connection failed","socketID":"ezMleKGda6uRd5JQAAAB","timestamp":"2023-09-11 15:53:39.871"}
{"error":{"message":"(passwords don't match)","name":"AuthErr","stack":"    at /Users/harshel/Documents/bluezebra-backend/src/auth.js:68:35"},"level":"error","message":"user authentication failed","socketID":"ezMleKGda6uRd5JQAAAB","timestamp":"2023-09-11 15:53:39.871"}
{"func":"DB.fetchRecords","info":"table: USERS, predObj: {\"uID\":\"B0C4D6F8-8594-432C-93C2-56C7BC231148\"}","level":"debug","message":"fetched records","socketID":"ReEK1tlWo8ko5GRtAAAD","timestamp":"2023-09-11 15:54:24.620"}
{"error":{"message":"(passwords don't match)","name":"AuthErr","stack":"    at /Users/harshel/Documents/bluezebra-backend/src/auth.js:68:35"},"func":"auth.comparePassword","info":"uID: B0C4D6F8-8594-432C-93C2-56C7BC231148","level":"debug","message":"authentication failed","socketID":"ReEK1tlWo8ko5GRtAAAD","timestamp":"2023-09-11 15:54:24.686"}
{"error":{"message":"(passwords don't match)","name":"AuthErr","stack":"    at /Users/harshel/Documents/bluezebra-backend/src/auth.js:68:35"},"func":"auth.connectUser","info":"uID: B0C4D6F8-8594-432C-93C2-56C7BC231148","level":"debug","message":"user connection failed","socketID":"ReEK1tlWo8ko5GRtAAAD","timestamp":"2023-09-11 15:54:24.686"}
{"error":{"message":"(passwords don't match)","name":"AuthErr","stack":"    at /Users/harshel/Documents/bluezebra-backend/src/auth.js:68:35"},"level":"error","message":"user authentication failed","socketID":"ReEK1tlWo8ko5GRtAAAD","timestamp":"2023-09-11 15:54:24.687"}
{"func":"DB.fetchRecords","info":"table: USERS, predObj: {\"uID\":\"B0C4D6F8-8594-432C-93C2-56C7BC231148\"}","level":"debug","message":"fetched records","socketID":"pbfZ6hX73ojP9lktAAAF","timestamp":"2023-09-11 15:55:09.640"}
{"error":{"message":"(passwords don't match)","name":"AuthErr","stack":"    at /Users/harshel/Documents/bluezebra-backend/src/auth.js:68:35"},"func":"auth.comparePassword","info":"uID: B0C4D6F8-8594-432C-93C2-56C7BC231148","level":"debug","message":"authentication failed","socketID":"pbfZ6hX73ojP9lktAAAF","timestamp":"2023-09-11 15:55:09.732"}
{"error":{"message":"(passwords don't match)","name":"AuthErr","stack":"    at /Users/harshel/Documents/bluezebra-backend/src/auth.js:68:35"},"func":"auth.connectUser","info":"uID: B0C4D6F8-8594-432C-93C2-56C7BC231148","level":"debug","message":"user connection failed","socketID":"pbfZ6hX73ojP9lktAAAF","timestamp":"2023-09-11 15:55:09.732"}
{"error":{"message":"(passwords don't match)","name":"AuthErr","stack":"    at /Users/harshel/Documents/bluezebra-backend/src/auth.js:68:35"},"level":"error","message":"user authentication failed","socketID":"pbfZ6hX73ojP9lktAAAF","timestamp":"2023-09-11 15:55:09.732"}
{"func":"index.startup","level":"info","message":"starting server...","timestamp":"2023-09-11 16:26:22.595"}
{"func":"DB.connectDB","level":"info","message":"connected to MySQL DB","timestamp":"2023-09-11 16:26:22.602"}
{"func":"DB.createTable1","level":"info","message":"created 'users' table if not present","timestamp":"2023-09-11 16:26:22.606"}
{"func":"DB.createTable2","level":"info","message":"created 'CRs' table if not present","timestamp":"2023-09-11 16:26:22.607"}
{"func":"DB.createTable3","level":"info","message":"created 'RUChannels' table if not present","timestamp":"2023-09-11 16:26:22.608"}
{"func":"DB.createTable4","level":"info","message":"created 'events' table if not present","timestamp":"2023-09-11 16:26:22.609"}
{"func":"server.startServer","info":"host: localhost, port: 3000","level":"info","message":"started server","timestamp":"2023-09-11 16:26:22.656"}
{"func":"DB.fetchRecords","info":"table: USERS, predObj: {\"uID\":\"B0C4D6F8-8594-432C-93C2-56C7BC231148\"}","level":"debug","message":"fetched records","socketID":"P2MYXDfIA6S9u3hyAAAB","timestamp":"2023-09-11 16:27:30.013"}
{"func":"auth.comparePassword","level":"debug","message":"authentication successful","socketID":"P2MYXDfIA6S9u3hyAAAB","timestamp":"2023-09-11 16:27:30.070","uID":"B0C4D6F8-8594-432C-93C2-56C7BC231148"}
{"func":"auth.connectUser","level":"debug","message":"user connection successful","socketID":"P2MYXDfIA6S9u3hyAAAB","timestamp":"2023-09-11 16:27:30.071","uID":"B0C4D6F8-8594-432C-93C2-56C7BC231148"}
{"event":"connection","level":"info","message":"","socketID":"P2MYXDfIA6S9u3hyAAAB","timestamp":"2023-09-11 16:27:30.071","uID":"B0C4D6F8-8594-432C-93C2-56C7BC231148"}
{"func":"EF.emitEvent","info":"event: receivedUserConnected","level":"debug","message":"emitted event","recSocketID":"P2MYXDfIA6S9u3hyAAAB","recUID":"B0C4D6F8-8594-432C-93C2-56C7BC231148","socketID":"P2MYXDfIA6S9u3hyAAAB","timestamp":"2023-09-11 16:27:30.072","uID":"B0C4D6F8-8594-432C-93C2-56C7BC231148"}
{"func":"auth.disconnectUser","level":"debug","message":"user disconnection successful","socketID":"P2MYXDfIA6S9u3hyAAAB","timestamp":"2023-09-11 16:27:52.728","uID":"B0C4D6F8-8594-432C-93C2-56C7BC231148"}
{"error":{"message":"val.slice is not a function","name":"TypeError","stack":"    at /Users/harshel/Documents/bluezebra-backend/src/db.js:332:18\n    at new Promise (<anonymous>)\n    at DB.updateRecords (/Users/harshel/Documents/bluezebra-backend/src/db.js:300:12)\n    at Socket.<anonymous> (/Users/harshel/Documents/bluezebra-backend/src/events.js:179:26)\n    at Socket.emit (node:events:513:28)"},"func":"DB.updateRecords","info":"table: USERS, predObj: {\"uID\":\"B0C4D6F8-8594-432C-93C2-56C7BC231148\"}, updateProp: lastOnline","level":"debug","message":"failed to update record","socketID":"P2MYXDfIA6S9u3hyAAAB","timestamp":"2023-09-11 16:27:52.729","uID":"B0C4D6F8-8594-432C-93C2-56C7BC231148"}
{"event":"disconnect","info":"reason: client namespace disconnect","level":"info","message":"socket disconnect successfully","socketID":"P2MYXDfIA6S9u3hyAAAB","timestamp":"2023-09-11 16:27:52.730","uID":"B0C4D6F8-8594-432C-93C2-56C7BC231148"}
{"func":"DB.fetchRecords","info":"table: RUChannels, predObj: {\"UID1\":\"B0C4D6F8-8594-432C-93C2-56C7BC231148\",\"UID2\":\"B0C4D6F8-8594-432C-93C2-56C7BC231148\"}","level":"debug","message":"fetched records","socketID":"P2MYXDfIA6S9u3hyAAAB","timestamp":"2023-09-11 16:27:52.736","uID":"B0C4D6F8-8594-432C-93C2-56C7BC231148"}
{"func":"EF.sendUserDisconnect","info":"event: userDisconnect","level":"info","message":"emitted user disconnect events","socketID":"P2MYXDfIA6S9u3hyAAAB","timestamp":"2023-09-11 16:27:52.737","uID":"B0C4D6F8-8594-432C-93C2-56C7BC231148"}
{"func":"index.startup","level":"info","message":"starting server...","timestamp":"2023-09-11 17:30:23.814"}
{"func":"DB.connectDB","level":"info","message":"connected to MySQL DB","timestamp":"2023-09-11 17:30:23.822"}
{"func":"DB.createTable1","level":"info","message":"created 'users' table if not present","timestamp":"2023-09-11 17:30:23.824"}
{"func":"DB.createTable2","level":"info","message":"created 'CRs' table if not present","timestamp":"2023-09-11 17:30:23.825"}
{"func":"DB.createTable3","level":"info","message":"created 'RUChannels' table if not present","timestamp":"2023-09-11 17:30:23.826"}
{"func":"DB.createTable4","level":"info","message":"created 'events' table if not present","timestamp":"2023-09-11 17:30:23.827"}
{"func":"server.startServer","info":"host: localhost, port: 3000","level":"info","message":"started server","timestamp":"2023-09-11 17:30:23.892"}
{"event":"connection","level":"info","message":"","socketID":"S6t8sdblrBGLF8uhAAAB","timestamp":"2023-09-11 17:30:24.925"}
{"error":{"message":"uID is not defined","name":"ReferenceError","stack":"    at Socket.<anonymous> (/Users/harshel/Documents/bluezebra-backend/src/events.js:74:96)\n    at Socket.emit (node:events:513:28)\n    at process.processTicksAndRejections (node:internal/process/task_queues:77:11)"},"event":"connectUser","level":"error","message":"failed to connect user","socketID":"S6t8sdblrBGLF8uhAAAB","timestamp":"2023-09-11 17:30:24.929"}
{"error":{"message":"(socket status: (connected: null, uID: null))","name":"SocketStatusErr","stack":"    at checkSocketStatus (/Users/harshel/Documents/bluezebra-backend/src/utilities.js:307:15)\n    at Socket.<anonymous> (/Users/harshel/Documents/bluezebra-backend/src/events.js:183:13)\n    at Socket.emit (node:events:513:28)\n    at Socket.emit (node:events:525:35)\n    at Object.onceWrapper (node:events:627:28)\n    at WebSocket.emit (node:events:513:28)"},"event":"disconnect","info":"reason: transport close","level":"error","message":"failed to disconnect socket properly","timestamp":"2023-09-11 17:31:30.731"}
{"func":"index.startup","level":"info","message":"starting server...","timestamp":"2023-09-11 17:31:33.120"}
{"func":"DB.connectDB","level":"info","message":"connected to MySQL DB","timestamp":"2023-09-11 17:31:33.127"}
{"func":"DB.createTable1","level":"info","message":"created 'users' table if not present","timestamp":"2023-09-11 17:31:33.130"}
{"func":"DB.createTable2","level":"info","message":"created 'CRs' table if not present","timestamp":"2023-09-11 17:31:33.131"}
{"func":"DB.createTable3","level":"info","message":"created 'RUChannels' table if not present","timestamp":"2023-09-11 17:31:33.132"}
{"func":"DB.createTable4","level":"info","message":"created 'events' table if not present","timestamp":"2023-09-11 17:31:33.133"}
{"func":"server.startServer","info":"host: localhost, port: 3000","level":"info","message":"started server","timestamp":"2023-09-11 17:31:33.178"}
{"event":"connection","level":"info","message":"","socketID":"T6TfpRvaq0oOFhb3AAAB","timestamp":"2023-09-11 17:31:39.885"}
{"func":"DB.fetchRecords","info":"table: USERS, predObj: {\"uID\":\"B0C4D6F8-8594-432C-93C2-56C7BC231148\"}","level":"debug","message":"fetched records","socketID":"T6TfpRvaq0oOFhb3AAAB","timestamp":"2023-09-11 17:31:39.895"}
{"func":"auth.comparePassword","level":"debug","message":"authentication successful","socketID":"T6TfpRvaq0oOFhb3AAAB","timestamp":"2023-09-11 17:31:39.950","uID":"B0C4D6F8-8594-432C-93C2-56C7BC231148"}
{"func":"auth.connectUser","level":"debug","message":"user connection successful","socketID":"T6TfpRvaq0oOFhb3AAAB","timestamp":"2023-09-11 17:31:39.950","uID":"B0C4D6F8-8594-432C-93C2-56C7BC231148"}
{"event":"connectUser","level":"info","message":"connected user","socketID":"T6TfpRvaq0oOFhb3AAAB","timestamp":"2023-09-11 17:31:39.950","uID":"B0C4D6F8-8594-432C-93C2-56C7BC231148"}
{"error":{"message":"(null params: queryUID)","name":"ReqParamsNull","stack":"    at checkParams (/Users/harshel/Documents/bluezebra-backend/src/utilities.js:265:15)\n    at EF.sendUserConnect (/Users/harshel/Documents/bluezebra-backend/src/ef.js:600:13)\n    at Socket.<anonymous> (/Users/harshel/Documents/bluezebra-backend/src/events.js:91:22)\n    at process.processTicksAndRejections (node:internal/process/task_queues:95:5)"},"func":"EF.sendUserConnect","info":"event: userConnect","level":"error","message":"failed to emit user connect events","socketID":"T6TfpRvaq0oOFhb3AAAB","timestamp":"2023-09-11 17:31:39.951","uID":"B0C4D6F8-8594-432C-93C2-56C7BC231148"}
{"func":"DB.fetchRecords","info":"table: EVENTS, predObj: {\"recUID\":\"B0C4D6F8-8594-432C-93C2-56C7BC231148\"}","level":"debug","message":"fetched records","socketID":"T6TfpRvaq0oOFhb3AAAB","timestamp":"2023-09-11 17:31:39.954","uID":"B0C4D6F8-8594-432C-93C2-56C7BC231148"}
{"func":"EF.emitEvent","info":"event: receivedPendingEvents","level":"debug","message":"emitted event","recSocketID":"T6TfpRvaq0oOFhb3AAAB","recUID":"B0C4D6F8-8594-432C-93C2-56C7BC231148","socketID":"T6TfpRvaq0oOFhb3AAAB","timestamp":"2023-09-11 17:31:39.955","uID":"B0C4D6F8-8594-432C-93C2-56C7BC231148"}
{"func":"EF.emitPendingEvents","info":"eventCount: 0","level":"info","message":"emitted pending events","recSocketID":"T6TfpRvaq0oOFhb3AAAB","recUID":"B0C4D6F8-8594-432C-93C2-56C7BC231148","socketID":"T6TfpRvaq0oOFhb3AAAB","timestamp":"2023-09-11 17:31:39.955","uID":"B0C4D6F8-8594-432C-93C2-56C7BC231148"}
